[0.057s] DEBUG:colcon:Command line arguments: ['/usr/bin/colcon', 'build', '--packages-select', 'fast_lio']
[0.057s] DEBUG:colcon:Parsed command line arguments: Namespace(log_base=None, log_level=None, verb_name='build', build_base='build', install_base='install', merge_install=False, symlink_install=False, test_result_base=None, continue_on_error=False, executor='parallel', parallel_workers=20, event_handlers=None, ignore_user_meta=False, metas=['./colcon.meta'], base_paths=['.'], packages_ignore=None, packages_ignore_regex=None, paths=None, packages_up_to=None, packages_up_to_regex=None, packages_above=None, packages_above_and_dependencies=None, packages_above_depth=None, packages_select_by_dep=None, packages_skip_by_dep=None, packages_skip_up_to=None, packages_select_build_failed=False, packages_skip_build_finished=False, packages_select_test_failures=False, packages_skip_test_passed=False, packages_select=['fast_lio'], packages_skip=None, packages_select_regex=None, packages_skip_regex=None, packages_start=None, packages_end=None, allow_overriding=[], cmake_args=None, cmake_target=None, cmake_target_skip_unavailable=False, cmake_clean_cache=False, cmake_clean_first=False, cmake_force_configure=False, ament_cmake_args=None, catkin_cmake_args=None, catkin_skip_building_tests=False, verb_parser=<colcon_defaults.argument_parser.defaults.DefaultArgumentsDecorator object at 0x70b520eb7cd0>, verb_extension=<colcon_core.verb.build.BuildVerb object at 0x70b520eb73d0>, main=<bound method BuildVerb.main of <colcon_core.verb.build.BuildVerb object at 0x70b520eb73d0>>)
[0.143s] Level 1:colcon.colcon_core.package_discovery:discover_packages(colcon_meta) check parameters
[0.143s] Level 1:colcon.colcon_core.package_discovery:discover_packages(recursive) check parameters
[0.143s] Level 1:colcon.colcon_core.package_discovery:discover_packages(ignore) check parameters
[0.143s] Level 1:colcon.colcon_core.package_discovery:discover_packages(path) check parameters
[0.143s] Level 1:colcon.colcon_core.package_discovery:discover_packages(colcon_meta) discover
[0.143s] Level 1:colcon.colcon_core.package_discovery:discover_packages(recursive) discover
[0.143s] INFO:colcon.colcon_core.package_discovery:Crawling recursively for packages in '/home/lzt/m20pro'
[0.143s] Level 1:colcon.colcon_core.package_identification:_identify(.) by extensions ['ignore', 'ignore_ament_install']
[0.143s] Level 1:colcon.colcon_core.package_identification:_identify(.) by extension 'ignore'
[0.143s] Level 1:colcon.colcon_core.package_identification:_identify(.) by extension 'ignore_ament_install'
[0.143s] Level 1:colcon.colcon_core.package_identification:_identify(.) by extensions ['colcon_pkg']
[0.143s] Level 1:colcon.colcon_core.package_identification:_identify(.) by extension 'colcon_pkg'
[0.143s] Level 1:colcon.colcon_core.package_identification:_identify(.) by extensions ['colcon_meta']
[0.144s] Level 1:colcon.colcon_core.package_identification:_identify(.) by extension 'colcon_meta'
[0.144s] Level 1:colcon.colcon_core.package_identification:_identify(.) by extensions ['ros']
[0.144s] Level 1:colcon.colcon_core.package_identification:_identify(.) by extension 'ros'
[0.150s] Level 1:colcon.colcon_core.package_identification:_identify(.) by extensions ['cmake', 'python']
[0.150s] Level 1:colcon.colcon_core.package_identification:_identify(.) by extension 'cmake'
[0.150s] Level 1:colcon.colcon_core.package_identification:_identify(.) by extension 'python'
[0.151s] Level 1:colcon.colcon_core.package_identification:_identify(.) by extensions ['python_setup_py']
[0.151s] Level 1:colcon.colcon_core.package_identification:_identify(.) by extension 'python_setup_py'
[0.151s] Level 1:colcon.colcon_core.package_identification:_identify(build) by extensions ['ignore', 'ignore_ament_install']
[0.151s] Level 1:colcon.colcon_core.package_identification:_identify(build) by extension 'ignore'
[0.151s] Level 1:colcon.colcon_core.package_identification:_identify(build) ignored
[0.151s] Level 1:colcon.colcon_core.package_identification:_identify(install) by extensions ['ignore', 'ignore_ament_install']
[0.151s] Level 1:colcon.colcon_core.package_identification:_identify(install) by extension 'ignore'
[0.151s] Level 1:colcon.colcon_core.package_identification:_identify(install) ignored
[0.151s] Level 1:colcon.colcon_core.package_identification:_identify(log) by extensions ['ignore', 'ignore_ament_install']
[0.151s] Level 1:colcon.colcon_core.package_identification:_identify(log) by extension 'ignore'
[0.151s] Level 1:colcon.colcon_core.package_identification:_identify(log) ignored
[0.151s] Level 1:colcon.colcon_core.package_identification:_identify(src) by extensions ['ignore', 'ignore_ament_install']
[0.151s] Level 1:colcon.colcon_core.package_identification:_identify(src) by extension 'ignore'
[0.151s] Level 1:colcon.colcon_core.package_identification:_identify(src) by extension 'ignore_ament_install'
[0.151s] Level 1:colcon.colcon_core.package_identification:_identify(src) by extensions ['colcon_pkg']
[0.151s] Level 1:colcon.colcon_core.package_identification:_identify(src) by extension 'colcon_pkg'
[0.151s] Level 1:colcon.colcon_core.package_identification:_identify(src) by extensions ['colcon_meta']
[0.151s] Level 1:colcon.colcon_core.package_identification:_identify(src) by extension 'colcon_meta'
[0.151s] Level 1:colcon.colcon_core.package_identification:_identify(src) by extensions ['ros']
[0.151s] Level 1:colcon.colcon_core.package_identification:_identify(src) by extension 'ros'
[0.151s] Level 1:colcon.colcon_core.package_identification:_identify(src) by extensions ['cmake', 'python']
[0.151s] Level 1:colcon.colcon_core.package_identification:_identify(src) by extension 'cmake'
[0.151s] Level 1:colcon.colcon_core.package_identification:_identify(src) by extension 'python'
[0.151s] Level 1:colcon.colcon_core.package_identification:_identify(src) by extensions ['python_setup_py']
[0.151s] Level 1:colcon.colcon_core.package_identification:_identify(src) by extension 'python_setup_py'
[0.151s] Level 1:colcon.colcon_core.package_identification:_identify(src/FAST_LIO) by extensions ['ignore', 'ignore_ament_install']
[0.151s] Level 1:colcon.colcon_core.package_identification:_identify(src/FAST_LIO) by extension 'ignore'
[0.151s] Level 1:colcon.colcon_core.package_identification:_identify(src/FAST_LIO) by extension 'ignore_ament_install'
[0.151s] Level 1:colcon.colcon_core.package_identification:_identify(src/FAST_LIO) by extensions ['colcon_pkg']
[0.151s] Level 1:colcon.colcon_core.package_identification:_identify(src/FAST_LIO) by extension 'colcon_pkg'
[0.151s] Level 1:colcon.colcon_core.package_identification:_identify(src/FAST_LIO) by extensions ['colcon_meta']
[0.151s] Level 1:colcon.colcon_core.package_identification:_identify(src/FAST_LIO) by extension 'colcon_meta'
[0.151s] Level 1:colcon.colcon_core.package_identification:_identify(src/FAST_LIO) by extensions ['ros']
[0.152s] Level 1:colcon.colcon_core.package_identification:_identify(src/FAST_LIO) by extension 'ros'
[0.153s] DEBUG:colcon.colcon_core.package_identification:Package 'src/FAST_LIO' with type 'ros.ament_cmake' and name 'fast_lio'
[0.153s] Level 1:colcon.colcon_core.package_identification:_identify(src/Livox-SDK2) by extensions ['ignore', 'ignore_ament_install']
[0.154s] Level 1:colcon.colcon_core.package_identification:_identify(src/Livox-SDK2) by extension 'ignore'
[0.154s] Level 1:colcon.colcon_core.package_identification:_identify(src/Livox-SDK2) by extension 'ignore_ament_install'
[0.154s] Level 1:colcon.colcon_core.package_identification:_identify(src/Livox-SDK2) by extensions ['colcon_pkg']
[0.154s] Level 1:colcon.colcon_core.package_identification:_identify(src/Livox-SDK2) by extension 'colcon_pkg'
[0.154s] Level 1:colcon.colcon_core.package_identification:_identify(src/Livox-SDK2) by extensions ['colcon_meta']
[0.154s] Level 1:colcon.colcon_core.package_identification:_identify(src/Livox-SDK2) by extension 'colcon_meta'
[0.154s] Level 1:colcon.colcon_core.package_identification:_identify(src/Livox-SDK2) by extensions ['ros']
[0.154s] Level 1:colcon.colcon_core.package_identification:_identify(src/Livox-SDK2) by extension 'ros'
[0.154s] Level 1:colcon.colcon_core.package_identification:_identify(src/Livox-SDK2) by extensions ['cmake', 'python']
[0.154s] Level 1:colcon.colcon_core.package_identification:_identify(src/Livox-SDK2) by extension 'cmake'
[0.159s] Level 1:colcon.colcon_core.package_identification:_identify(src/Livox-SDK2) by extension 'python'
[0.159s] DEBUG:colcon.colcon_core.package_identification:Package 'src/Livox-SDK2' with type 'cmake' and name 'livox_sdk2'
[0.159s] Level 1:colcon.colcon_core.package_identification:_identify(src/livox_ros_driver2) by extensions ['ignore', 'ignore_ament_install']
[0.159s] Level 1:colcon.colcon_core.package_identification:_identify(src/livox_ros_driver2) by extension 'ignore'
[0.159s] Level 1:colcon.colcon_core.package_identification:_identify(src/livox_ros_driver2) by extension 'ignore_ament_install'
[0.159s] Level 1:colcon.colcon_core.package_identification:_identify(src/livox_ros_driver2) by extensions ['colcon_pkg']
[0.159s] Level 1:colcon.colcon_core.package_identification:_identify(src/livox_ros_driver2) by extension 'colcon_pkg'
[0.159s] Level 1:colcon.colcon_core.package_identification:_identify(src/livox_ros_driver2) by extensions ['colcon_meta']
[0.159s] Level 1:colcon.colcon_core.package_identification:_identify(src/livox_ros_driver2) by extension 'colcon_meta'
[0.159s] Level 1:colcon.colcon_core.package_identification:_identify(src/livox_ros_driver2) by extensions ['ros']
[0.159s] Level 1:colcon.colcon_core.package_identification:_identify(src/livox_ros_driver2) by extension 'ros'
[0.160s] DEBUG:colcon.colcon_core.package_identification:Package 'src/livox_ros_driver2' with type 'ros.ament_cmake' and name 'livox_ros_driver2'
[0.160s] Level 1:colcon.colcon_core.package_discovery:discover_packages(recursive) using defaults
[0.160s] Level 1:colcon.colcon_core.package_discovery:discover_packages(ignore) discover
[0.160s] Level 1:colcon.colcon_core.package_discovery:discover_packages(ignore) using defaults
[0.160s] Level 1:colcon.colcon_core.package_discovery:discover_packages(path) discover
[0.160s] Level 1:colcon.colcon_core.package_discovery:discover_packages(path) using defaults
[0.178s] INFO:colcon.colcon_core.package_selection:Skipping not selected package 'livox_ros_driver2' in 'src/livox_ros_driver2'
[0.178s] INFO:colcon.colcon_core.package_selection:Skipping not selected package 'livox_sdk2' in 'src/Livox-SDK2'
[0.179s] Level 1:colcon.colcon_core.package_discovery:discover_packages(prefix_path) check parameters
[0.179s] Level 1:colcon.colcon_core.package_discovery:discover_packages(prefix_path) discover
[0.179s] DEBUG:colcon.colcon_installed_package_information.package_discovery:Found 3 installed packages in /home/lzt/m20pro/install
[0.180s] DEBUG:colcon.colcon_installed_package_information.package_discovery:Found 353 installed packages in /opt/ros/humble
[0.181s] Level 1:colcon.colcon_core.package_discovery:discover_packages(prefix_path) using defaults
[0.204s] Level 5:colcon.colcon_core.verb:set package 'fast_lio' build argument 'cmake_args' from command line to 'None'
[0.204s] Level 5:colcon.colcon_core.verb:set package 'fast_lio' build argument 'cmake_target' from command line to 'None'
[0.204s] Level 5:colcon.colcon_core.verb:set package 'fast_lio' build argument 'cmake_target_skip_unavailable' from command line to 'False'
[0.204s] Level 5:colcon.colcon_core.verb:set package 'fast_lio' build argument 'cmake_clean_cache' from command line to 'False'
[0.204s] Level 5:colcon.colcon_core.verb:set package 'fast_lio' build argument 'cmake_clean_first' from command line to 'False'
[0.204s] Level 5:colcon.colcon_core.verb:set package 'fast_lio' build argument 'cmake_force_configure' from command line to 'False'
[0.204s] Level 5:colcon.colcon_core.verb:set package 'fast_lio' build argument 'ament_cmake_args' from command line to 'None'
[0.204s] Level 5:colcon.colcon_core.verb:set package 'fast_lio' build argument 'catkin_cmake_args' from command line to 'None'
[0.204s] Level 5:colcon.colcon_core.verb:set package 'fast_lio' build argument 'catkin_skip_building_tests' from command line to 'False'
[0.205s] DEBUG:colcon.colcon_core.verb:Building package 'fast_lio' with the following arguments: {'ament_cmake_args': None, 'build_base': '/home/lzt/m20pro/build/fast_lio', 'catkin_cmake_args': None, 'catkin_skip_building_tests': False, 'cmake_args': None, 'cmake_clean_cache': False, 'cmake_clean_first': False, 'cmake_force_configure': False, 'cmake_target': None, 'cmake_target_skip_unavailable': False, 'install_base': '/home/lzt/m20pro/install/fast_lio', 'merge_install': False, 'path': '/home/lzt/m20pro/src/FAST_LIO', 'symlink_install': False, 'test_result_base': None}
[0.205s] INFO:colcon.colcon_core.executor:Executing jobs using 'parallel' executor
[0.205s] DEBUG:colcon.colcon_parallel_executor.executor.parallel:run_until_complete
[0.205s] INFO:colcon.colcon_ros.task.ament_cmake.build:Building ROS package in '/home/lzt/m20pro/src/FAST_LIO' with build type 'ament_cmake'
[0.206s] INFO:colcon.colcon_cmake.task.cmake.build:Building CMake package in '/home/lzt/m20pro/src/FAST_LIO'
[0.207s] INFO:colcon.colcon_core.plugin_system:Skipping extension 'colcon_core.shell.bat': Not used on non-Windows systems
[0.207s] INFO:colcon.colcon_core.shell:Skip shell extension 'powershell' for command environment: Not usable outside of PowerShell
[0.207s] DEBUG:colcon.colcon_core.shell:Skip shell extension 'dsv' for command environment
[0.216s] DEBUG:colcon.colcon_core.event_handler.log_command:Invoking command in '/home/lzt/m20pro/build/fast_lio': CMAKE_PREFIX_PATH=/home/lzt/m20pro/install/livox_ros_driver2:/home/lzt/m20pro/install/fast_lio:/opt/ros/humble LD_LIBRARY_PATH=/home/lzt/m20pro/install/livox_ros_driver2/lib:/home/lzt/m20pro/install/livox_sdk2/lib:/home/lzt/m20pro/install/fast_lio/lib:/home/lzt/miniconda3/envs/rl-g1/lib:/home/lzt/miniconda3/envs/rl-g1/lib:/opt/ros/humble/opt/rviz_ogre_vendor/lib:/opt/ros/humble/lib/x86_64-linux-gnu:/opt/ros/humble/lib /usr/bin/cmake --build /home/lzt/m20pro/build/fast_lio -- -j20 -l20
[43.681s] DEBUG:colcon.colcon_core.event_handler.log_command:Invoked command in '/home/lzt/m20pro/build/fast_lio' returned '0': CMAKE_PREFIX_PATH=/home/lzt/m20pro/install/livox_ros_driver2:/home/lzt/m20pro/install/fast_lio:/opt/ros/humble LD_LIBRARY_PATH=/home/lzt/m20pro/install/livox_ros_driver2/lib:/home/lzt/m20pro/install/livox_sdk2/lib:/home/lzt/m20pro/install/fast_lio/lib:/home/lzt/miniconda3/envs/rl-g1/lib:/home/lzt/miniconda3/envs/rl-g1/lib:/opt/ros/humble/opt/rviz_ogre_vendor/lib:/opt/ros/humble/lib/x86_64-linux-gnu:/opt/ros/humble/lib /usr/bin/cmake --build /home/lzt/m20pro/build/fast_lio -- -j20 -l20
[43.688s] DEBUG:colcon.colcon_core.event_handler.log_command:Invoking command in '/home/lzt/m20pro/build/fast_lio': CMAKE_PREFIX_PATH=/home/lzt/m20pro/install/livox_ros_driver2:/home/lzt/m20pro/install/fast_lio:/opt/ros/humble LD_LIBRARY_PATH=/home/lzt/m20pro/install/livox_ros_driver2/lib:/home/lzt/m20pro/install/livox_sdk2/lib:/home/lzt/m20pro/install/fast_lio/lib:/home/lzt/miniconda3/envs/rl-g1/lib:/home/lzt/miniconda3/envs/rl-g1/lib:/opt/ros/humble/opt/rviz_ogre_vendor/lib:/opt/ros/humble/lib/x86_64-linux-gnu:/opt/ros/humble/lib /usr/bin/cmake --install /home/lzt/m20pro/build/fast_lio
[43.727s] Level 1:colcon.colcon_core.environment:create_environment_scripts_only(fast_lio)
[43.730s] DEBUG:colcon.colcon_core.event_handler.log_command:Invoked command in '/home/lzt/m20pro/build/fast_lio' returned '0': CMAKE_PREFIX_PATH=/home/lzt/m20pro/install/livox_ros_driver2:/home/lzt/m20pro/install/fast_lio:/opt/ros/humble LD_LIBRARY_PATH=/home/lzt/m20pro/install/livox_ros_driver2/lib:/home/lzt/m20pro/install/livox_sdk2/lib:/home/lzt/m20pro/install/fast_lio/lib:/home/lzt/miniconda3/envs/rl-g1/lib:/home/lzt/miniconda3/envs/rl-g1/lib:/opt/ros/humble/opt/rviz_ogre_vendor/lib:/opt/ros/humble/lib/x86_64-linux-gnu:/opt/ros/humble/lib /usr/bin/cmake --install /home/lzt/m20pro/build/fast_lio
[43.733s] Level 1:colcon.colcon_core.environment:checking '/home/lzt/m20pro/install/fast_lio' for CMake module files
[43.734s] Level 1:colcon.colcon_core.environment:checking '/home/lzt/m20pro/install/fast_lio' for CMake config files
[43.734s] Level 1:colcon.colcon_core.shell:create_environment_hook('fast_lio', 'cmake_prefix_path')
[43.734s] INFO:colcon.colcon_core.shell:Creating environment hook '/home/lzt/m20pro/install/fast_lio/share/fast_lio/hook/cmake_prefix_path.ps1'
[43.735s] INFO:colcon.colcon_core.shell:Creating environment descriptor '/home/lzt/m20pro/install/fast_lio/share/fast_lio/hook/cmake_prefix_path.dsv'
[43.736s] INFO:colcon.colcon_core.shell:Creating environment hook '/home/lzt/m20pro/install/fast_lio/share/fast_lio/hook/cmake_prefix_path.sh'
[43.737s] Level 1:colcon.colcon_core.environment:checking '/home/lzt/m20pro/install/fast_lio/lib'
[43.737s] Level 1:colcon.colcon_core.shell:create_environment_hook('fast_lio', 'ld_library_path_lib')
[43.737s] INFO:colcon.colcon_core.shell:Creating environment hook '/home/lzt/m20pro/install/fast_lio/share/fast_lio/hook/ld_library_path_lib.ps1'
[43.738s] INFO:colcon.colcon_core.shell:Creating environment descriptor '/home/lzt/m20pro/install/fast_lio/share/fast_lio/hook/ld_library_path_lib.dsv'
[43.738s] INFO:colcon.colcon_core.shell:Creating environment hook '/home/lzt/m20pro/install/fast_lio/share/fast_lio/hook/ld_library_path_lib.sh'
[43.738s] Level 1:colcon.colcon_core.environment:checking '/home/lzt/m20pro/install/fast_lio/bin'
[43.738s] Level 1:colcon.colcon_core.environment:checking '/home/lzt/m20pro/install/fast_lio/lib/pkgconfig/fast_lio.pc'
[43.738s] Level 1:colcon.colcon_core.environment:checking '/home/lzt/m20pro/install/fast_lio/lib/python3.10/site-packages'
[43.739s] Level 1:colcon.colcon_core.environment:checking '/home/lzt/m20pro/install/fast_lio/bin'
[43.739s] INFO:colcon.colcon_core.shell:Creating package script '/home/lzt/m20pro/install/fast_lio/share/fast_lio/package.ps1'
[43.740s] INFO:colcon.colcon_core.shell:Creating package descriptor '/home/lzt/m20pro/install/fast_lio/share/fast_lio/package.dsv'
[43.740s] INFO:colcon.colcon_core.shell:Creating package script '/home/lzt/m20pro/install/fast_lio/share/fast_lio/package.sh'
[43.741s] INFO:colcon.colcon_core.shell:Creating package script '/home/lzt/m20pro/install/fast_lio/share/fast_lio/package.bash'
[43.741s] INFO:colcon.colcon_core.shell:Creating package script '/home/lzt/m20pro/install/fast_lio/share/fast_lio/package.zsh'
[43.742s] Level 1:colcon.colcon_core.environment:create_file_with_runtime_dependencies(/home/lzt/m20pro/install/fast_lio/share/colcon-core/packages/fast_lio)
[43.742s] Level 1:colcon.colcon_core.environment:create_environment_scripts_only(fast_lio)
[43.743s] Level 1:colcon.colcon_core.environment:checking '/home/lzt/m20pro/install/fast_lio' for CMake module files
[43.743s] Level 1:colcon.colcon_core.environment:checking '/home/lzt/m20pro/install/fast_lio' for CMake config files
[43.743s] Level 1:colcon.colcon_core.shell:create_environment_hook('fast_lio', 'cmake_prefix_path')
[43.743s] INFO:colcon.colcon_core.shell:Creating environment hook '/home/lzt/m20pro/install/fast_lio/share/fast_lio/hook/cmake_prefix_path.ps1'
[43.743s] INFO:colcon.colcon_core.shell:Creating environment descriptor '/home/lzt/m20pro/install/fast_lio/share/fast_lio/hook/cmake_prefix_path.dsv'
[43.744s] INFO:colcon.colcon_core.shell:Creating environment hook '/home/lzt/m20pro/install/fast_lio/share/fast_lio/hook/cmake_prefix_path.sh'
[43.744s] Level 1:colcon.colcon_core.environment:checking '/home/lzt/m20pro/install/fast_lio/lib'
[43.744s] Level 1:colcon.colcon_core.shell:create_environment_hook('fast_lio', 'ld_library_path_lib')
[43.744s] INFO:colcon.colcon_core.shell:Creating environment hook '/home/lzt/m20pro/install/fast_lio/share/fast_lio/hook/ld_library_path_lib.ps1'
[43.744s] INFO:colcon.colcon_core.shell:Creating environment descriptor '/home/lzt/m20pro/install/fast_lio/share/fast_lio/hook/ld_library_path_lib.dsv'
[43.744s] INFO:colcon.colcon_core.shell:Creating environment hook '/home/lzt/m20pro/install/fast_lio/share/fast_lio/hook/ld_library_path_lib.sh'
[43.745s] Level 1:colcon.colcon_core.environment:checking '/home/lzt/m20pro/install/fast_lio/bin'
[43.745s] Level 1:colcon.colcon_core.environment:checking '/home/lzt/m20pro/install/fast_lio/lib/pkgconfig/fast_lio.pc'
[43.745s] Level 1:colcon.colcon_core.environment:checking '/home/lzt/m20pro/install/fast_lio/lib/python3.10/site-packages'
[43.745s] Level 1:colcon.colcon_core.environment:checking '/home/lzt/m20pro/install/fast_lio/bin'
[43.745s] INFO:colcon.colcon_core.shell:Creating package script '/home/lzt/m20pro/install/fast_lio/share/fast_lio/package.ps1'
[43.746s] INFO:colcon.colcon_core.shell:Creating package descriptor '/home/lzt/m20pro/install/fast_lio/share/fast_lio/package.dsv'
[43.746s] INFO:colcon.colcon_core.shell:Creating package script '/home/lzt/m20pro/install/fast_lio/share/fast_lio/package.sh'
[43.746s] INFO:colcon.colcon_core.shell:Creating package script '/home/lzt/m20pro/install/fast_lio/share/fast_lio/package.bash'
[43.746s] INFO:colcon.colcon_core.shell:Creating package script '/home/lzt/m20pro/install/fast_lio/share/fast_lio/package.zsh'
[43.747s] Level 1:colcon.colcon_core.environment:create_file_with_runtime_dependencies(/home/lzt/m20pro/install/fast_lio/share/colcon-core/packages/fast_lio)
[43.747s] DEBUG:colcon.colcon_parallel_executor.executor.parallel:closing loop
[43.747s] DEBUG:colcon.colcon_parallel_executor.executor.parallel:loop closed
[43.747s] DEBUG:colcon.colcon_parallel_executor.executor.parallel:run_until_complete finished with '0'
[43.747s] DEBUG:colcon.colcon_core.event_reactor:joining thread
[43.752s] INFO:colcon.colcon_core.plugin_system:Skipping extension 'colcon_notification.desktop_notification.terminal_notifier': Not used on non-Darwin systems
[43.752s] INFO:colcon.colcon_core.plugin_system:Skipping extension 'colcon_notification.desktop_notification.win32': Not used on non-Windows systems
[43.752s] INFO:colcon.colcon_notification.desktop_notification:Sending desktop notification using 'notify2'
[43.763s] DEBUG:colcon.colcon_core.event_reactor:joined thread
[43.763s] INFO:colcon.colcon_core.shell:Creating prefix script '/home/lzt/m20pro/install/local_setup.ps1'
[43.764s] INFO:colcon.colcon_core.shell:Creating prefix util module '/home/lzt/m20pro/install/_local_setup_util_ps1.py'
[43.765s] INFO:colcon.colcon_core.shell:Creating prefix chain script '/home/lzt/m20pro/install/setup.ps1'
[43.766s] INFO:colcon.colcon_core.shell:Creating prefix script '/home/lzt/m20pro/install/local_setup.sh'
[43.766s] INFO:colcon.colcon_core.shell:Creating prefix util module '/home/lzt/m20pro/install/_local_setup_util_sh.py'
[43.766s] INFO:colcon.colcon_core.shell:Creating prefix chain script '/home/lzt/m20pro/install/setup.sh'
[43.767s] INFO:colcon.colcon_core.shell:Creating prefix script '/home/lzt/m20pro/install/local_setup.bash'
[43.767s] INFO:colcon.colcon_core.shell:Creating prefix chain script '/home/lzt/m20pro/install/setup.bash'
[43.768s] INFO:colcon.colcon_core.shell:Creating prefix script '/home/lzt/m20pro/install/local_setup.zsh'
[43.768s] INFO:colcon.colcon_core.shell:Creating prefix chain script '/home/lzt/m20pro/install/setup.zsh'
