[ 25%] Automatic MOC and UIC for target lidar_camera_calib
[ 25%] Built target lidar_camera_calib_autogen
Consolidate compiler generated dependencies of target lidar_camera_calib
[100%] Built target lidar_camera_calib
-- Install configuration: ""
-- Up-to-date: /home/lzt/m20pro/install/lidar_camera_calib/include
-- Up-to-date: /home/lzt/m20pro/install/lidar_camera_calib/include/lidar_camera_calib.hpp
-- Up-to-date: /home/lzt/m20pro/install/lidar_camera_calib/include/common.h
-- Up-to-date: /home/lzt/m20pro/install/lidar_camera_calib/share/lidar_camera_calib/launch
-- Installing: /home/lzt/m20pro/install/lidar_camera_calib/share/lidar_camera_calib/launch/calib.launch.py
-- Up-to-date: /home/lzt/m20pro/install/lidar_camera_calib/share/lidar_camera_calib/config
-- Up-to-date: /home/lzt/m20pro/install/lidar_camera_calib/share/lidar_camera_calib/config/calib.yaml
-- Up-to-date: /home/lzt/m20pro/install/lidar_camera_calib/share/lidar_camera_calib/config/config_indoor.yaml
-- Up-to-date: /home/lzt/m20pro/install/lidar_camera_calib/share/lidar_camera_calib/config/config_outdoor.yaml
-- Up-to-date: /home/lzt/m20pro/install/lidar_camera_calib/bin/lidar_camera_calib
-- Up-to-date: /home/lzt/m20pro/install/lidar_camera_calib/lib/lidar_camera_calib/lidar_camera_calib
-- Up-to-date: /home/lzt/m20pro/install/lidar_camera_calib/share/ament_index/resource_index/package_run_dependencies/lidar_camera_calib
-- Up-to-date: /home/lzt/m20pro/install/lidar_camera_calib/share/ament_index/resource_index/parent_prefix_path/lidar_camera_calib
-- Up-to-date: /home/lzt/m20pro/install/lidar_camera_calib/share/lidar_camera_calib/environment/ament_prefix_path.sh
-- Up-to-date: /home/lzt/m20pro/install/lidar_camera_calib/share/lidar_camera_calib/environment/ament_prefix_path.dsv
-- Up-to-date: /home/lzt/m20pro/install/lidar_camera_calib/share/lidar_camera_calib/environment/path.sh
-- Up-to-date: /home/lzt/m20pro/install/lidar_camera_calib/share/lidar_camera_calib/environment/path.dsv
-- Up-to-date: /home/lzt/m20pro/install/lidar_camera_calib/share/lidar_camera_calib/local_setup.bash
-- Up-to-date: /home/lzt/m20pro/install/lidar_camera_calib/share/lidar_camera_calib/local_setup.sh
-- Up-to-date: /home/lzt/m20pro/install/lidar_camera_calib/share/lidar_camera_calib/local_setup.zsh
-- Up-to-date: /home/lzt/m20pro/install/lidar_camera_calib/share/lidar_camera_calib/local_setup.dsv
-- Installing: /home/lzt/m20pro/install/lidar_camera_calib/share/lidar_camera_calib/package.dsv
-- Up-to-date: /home/lzt/m20pro/install/lidar_camera_calib/share/ament_index/resource_index/packages/lidar_camera_calib
-- Up-to-date: /home/lzt/m20pro/install/lidar_camera_calib/share/lidar_camera_calib/cmake/lidar_camera_calibConfig.cmake
-- Up-to-date: /home/lzt/m20pro/install/lidar_camera_calib/share/lidar_camera_calib/cmake/lidar_camera_calibConfig-version.cmake
-- Up-to-date: /home/lzt/m20pro/install/lidar_camera_calib/share/lidar_camera_calib/package.xml
