[0.064s] DEBUG:colcon:Command line arguments: ['/usr/bin/colcon', 'build', '--packages-select', 'lidar_camera_calib']
[0.064s] DEBUG:colcon:Parsed command line arguments: Namespace(log_base=None, log_level=None, verb_name='build', build_base='build', install_base='install', merge_install=False, symlink_install=False, test_result_base=None, continue_on_error=False, executor='parallel', parallel_workers=20, event_handlers=None, ignore_user_meta=False, metas=['./colcon.meta'], base_paths=['.'], packages_ignore=None, packages_ignore_regex=None, paths=None, packages_up_to=None, packages_up_to_regex=None, packages_above=None, packages_above_and_dependencies=None, packages_above_depth=None, packages_select_by_dep=None, packages_skip_by_dep=None, packages_skip_up_to=None, packages_select_build_failed=False, packages_skip_build_finished=False, packages_select_test_failures=False, packages_skip_test_passed=False, packages_select=['lidar_camera_calib'], packages_skip=None, packages_select_regex=None, packages_skip_regex=None, packages_start=None, packages_end=None, allow_overriding=[], cmake_args=None, cmake_target=None, cmake_target_skip_unavailable=False, cmake_clean_cache=False, cmake_clean_first=False, cmake_force_configure=False, ament_cmake_args=None, catkin_cmake_args=None, catkin_skip_building_tests=False, verb_parser=<colcon_defaults.argument_parser.defaults.DefaultArgumentsDecorator object at 0x789ddafe3cd0>, verb_extension=<colcon_core.verb.build.BuildVerb object at 0x789ddafe33d0>, main=<bound method BuildVerb.main of <colcon_core.verb.build.BuildVerb object at 0x789ddafe33d0>>)
[0.166s] Level 1:colcon.colcon_core.package_discovery:discover_packages(colcon_meta) check parameters
[0.166s] Level 1:colcon.colcon_core.package_discovery:discover_packages(recursive) check parameters
[0.166s] Level 1:colcon.colcon_core.package_discovery:discover_packages(ignore) check parameters
[0.166s] Level 1:colcon.colcon_core.package_discovery:discover_packages(path) check parameters
[0.166s] Level 1:colcon.colcon_core.package_discovery:discover_packages(colcon_meta) discover
[0.166s] Level 1:colcon.colcon_core.package_discovery:discover_packages(recursive) discover
[0.166s] INFO:colcon.colcon_core.package_discovery:Crawling recursively for packages in '/home/lzt/m20pro'
[0.166s] Level 1:colcon.colcon_core.package_identification:_identify(.) by extensions ['ignore', 'ignore_ament_install']
[0.166s] Level 1:colcon.colcon_core.package_identification:_identify(.) by extension 'ignore'
[0.166s] Level 1:colcon.colcon_core.package_identification:_identify(.) by extension 'ignore_ament_install'
[0.166s] Level 1:colcon.colcon_core.package_identification:_identify(.) by extensions ['colcon_pkg']
[0.166s] Level 1:colcon.colcon_core.package_identification:_identify(.) by extension 'colcon_pkg'
[0.167s] Level 1:colcon.colcon_core.package_identification:_identify(.) by extensions ['colcon_meta']
[0.167s] Level 1:colcon.colcon_core.package_identification:_identify(.) by extension 'colcon_meta'
[0.167s] Level 1:colcon.colcon_core.package_identification:_identify(.) by extensions ['ros']
[0.167s] Level 1:colcon.colcon_core.package_identification:_identify(.) by extension 'ros'
[0.174s] Level 1:colcon.colcon_core.package_identification:_identify(.) by extensions ['cmake', 'python']
[0.174s] Level 1:colcon.colcon_core.package_identification:_identify(.) by extension 'cmake'
[0.174s] Level 1:colcon.colcon_core.package_identification:_identify(.) by extension 'python'
[0.174s] Level 1:colcon.colcon_core.package_identification:_identify(.) by extensions ['python_setup_py']
[0.174s] Level 1:colcon.colcon_core.package_identification:_identify(.) by extension 'python_setup_py'
[0.175s] Level 1:colcon.colcon_core.package_identification:_identify(build) by extensions ['ignore', 'ignore_ament_install']
[0.175s] Level 1:colcon.colcon_core.package_identification:_identify(build) by extension 'ignore'
[0.175s] Level 1:colcon.colcon_core.package_identification:_identify(build) ignored
[0.175s] Level 1:colcon.colcon_core.package_identification:_identify(install) by extensions ['ignore', 'ignore_ament_install']
[0.175s] Level 1:colcon.colcon_core.package_identification:_identify(install) by extension 'ignore'
[0.175s] Level 1:colcon.colcon_core.package_identification:_identify(install) ignored
[0.175s] Level 1:colcon.colcon_core.package_identification:_identify(log) by extensions ['ignore', 'ignore_ament_install']
[0.175s] Level 1:colcon.colcon_core.package_identification:_identify(log) by extension 'ignore'
[0.175s] Level 1:colcon.colcon_core.package_identification:_identify(log) ignored
[0.175s] Level 1:colcon.colcon_core.package_identification:_identify(src) by extensions ['ignore', 'ignore_ament_install']
[0.175s] Level 1:colcon.colcon_core.package_identification:_identify(src) by extension 'ignore'
[0.175s] Level 1:colcon.colcon_core.package_identification:_identify(src) by extension 'ignore_ament_install'
[0.175s] Level 1:colcon.colcon_core.package_identification:_identify(src) by extensions ['colcon_pkg']
[0.175s] Level 1:colcon.colcon_core.package_identification:_identify(src) by extension 'colcon_pkg'
[0.175s] Level 1:colcon.colcon_core.package_identification:_identify(src) by extensions ['colcon_meta']
[0.175s] Level 1:colcon.colcon_core.package_identification:_identify(src) by extension 'colcon_meta'
[0.175s] Level 1:colcon.colcon_core.package_identification:_identify(src) by extensions ['ros']
[0.175s] Level 1:colcon.colcon_core.package_identification:_identify(src) by extension 'ros'
[0.175s] Level 1:colcon.colcon_core.package_identification:_identify(src) by extensions ['cmake', 'python']
[0.175s] Level 1:colcon.colcon_core.package_identification:_identify(src) by extension 'cmake'
[0.175s] Level 1:colcon.colcon_core.package_identification:_identify(src) by extension 'python'
[0.175s] Level 1:colcon.colcon_core.package_identification:_identify(src) by extensions ['python_setup_py']
[0.175s] Level 1:colcon.colcon_core.package_identification:_identify(src) by extension 'python_setup_py'
[0.175s] Level 1:colcon.colcon_core.package_identification:_identify(src/FAST_LIO) by extensions ['ignore', 'ignore_ament_install']
[0.175s] Level 1:colcon.colcon_core.package_identification:_identify(src/FAST_LIO) by extension 'ignore'
[0.175s] Level 1:colcon.colcon_core.package_identification:_identify(src/FAST_LIO) by extension 'ignore_ament_install'
[0.175s] Level 1:colcon.colcon_core.package_identification:_identify(src/FAST_LIO) by extensions ['colcon_pkg']
[0.175s] Level 1:colcon.colcon_core.package_identification:_identify(src/FAST_LIO) by extension 'colcon_pkg'
[0.175s] Level 1:colcon.colcon_core.package_identification:_identify(src/FAST_LIO) by extensions ['colcon_meta']
[0.176s] Level 1:colcon.colcon_core.package_identification:_identify(src/FAST_LIO) by extension 'colcon_meta'
[0.176s] Level 1:colcon.colcon_core.package_identification:_identify(src/FAST_LIO) by extensions ['ros']
[0.176s] Level 1:colcon.colcon_core.package_identification:_identify(src/FAST_LIO) by extension 'ros'
[0.178s] DEBUG:colcon.colcon_core.package_identification:Package 'src/FAST_LIO' with type 'ros.ament_cmake' and name 'fast_lio'
[0.178s] Level 1:colcon.colcon_core.package_identification:_identify(src/Livox-SDK2) by extensions ['ignore', 'ignore_ament_install']
[0.178s] Level 1:colcon.colcon_core.package_identification:_identify(src/Livox-SDK2) by extension 'ignore'
[0.178s] Level 1:colcon.colcon_core.package_identification:_identify(src/Livox-SDK2) by extension 'ignore_ament_install'
[0.178s] Level 1:colcon.colcon_core.package_identification:_identify(src/Livox-SDK2) by extensions ['colcon_pkg']
[0.178s] Level 1:colcon.colcon_core.package_identification:_identify(src/Livox-SDK2) by extension 'colcon_pkg'
[0.178s] Level 1:colcon.colcon_core.package_identification:_identify(src/Livox-SDK2) by extensions ['colcon_meta']
[0.178s] Level 1:colcon.colcon_core.package_identification:_identify(src/Livox-SDK2) by extension 'colcon_meta'
[0.178s] Level 1:colcon.colcon_core.package_identification:_identify(src/Livox-SDK2) by extensions ['ros']
[0.178s] Level 1:colcon.colcon_core.package_identification:_identify(src/Livox-SDK2) by extension 'ros'
[0.178s] Level 1:colcon.colcon_core.package_identification:_identify(src/Livox-SDK2) by extensions ['cmake', 'python']
[0.178s] Level 1:colcon.colcon_core.package_identification:_identify(src/Livox-SDK2) by extension 'cmake'
[0.184s] Level 1:colcon.colcon_core.package_identification:_identify(src/Livox-SDK2) by extension 'python'
[0.184s] DEBUG:colcon.colcon_core.package_identification:Package 'src/Livox-SDK2' with type 'cmake' and name 'livox_sdk2'
[0.184s] Level 1:colcon.colcon_core.package_identification:_identify(src/lidar_camera_calib) by extensions ['ignore', 'ignore_ament_install']
[0.184s] Level 1:colcon.colcon_core.package_identification:_identify(src/lidar_camera_calib) by extension 'ignore'
[0.184s] Level 1:colcon.colcon_core.package_identification:_identify(src/lidar_camera_calib) by extension 'ignore_ament_install'
[0.184s] Level 1:colcon.colcon_core.package_identification:_identify(src/lidar_camera_calib) by extensions ['colcon_pkg']
[0.184s] Level 1:colcon.colcon_core.package_identification:_identify(src/lidar_camera_calib) by extension 'colcon_pkg'
[0.184s] Level 1:colcon.colcon_core.package_identification:_identify(src/lidar_camera_calib) by extensions ['colcon_meta']
[0.184s] Level 1:colcon.colcon_core.package_identification:_identify(src/lidar_camera_calib) by extension 'colcon_meta'
[0.184s] Level 1:colcon.colcon_core.package_identification:_identify(src/lidar_camera_calib) by extensions ['ros']
[0.185s] Level 1:colcon.colcon_core.package_identification:_identify(src/lidar_camera_calib) by extension 'ros'
[0.185s] DEBUG:colcon.colcon_core.package_identification:Package 'src/lidar_camera_calib' with type 'ros.ament_cmake' and name 'lidar_camera_calib'
[0.185s] Level 1:colcon.colcon_core.package_identification:_identify(src/livox_ros_driver2) by extensions ['ignore', 'ignore_ament_install']
[0.185s] Level 1:colcon.colcon_core.package_identification:_identify(src/livox_ros_driver2) by extension 'ignore'
[0.185s] Level 1:colcon.colcon_core.package_identification:_identify(src/livox_ros_driver2) by extension 'ignore_ament_install'
[0.185s] Level 1:colcon.colcon_core.package_identification:_identify(src/livox_ros_driver2) by extensions ['colcon_pkg']
[0.185s] Level 1:colcon.colcon_core.package_identification:_identify(src/livox_ros_driver2) by extension 'colcon_pkg'
[0.185s] Level 1:colcon.colcon_core.package_identification:_identify(src/livox_ros_driver2) by extensions ['colcon_meta']
[0.185s] Level 1:colcon.colcon_core.package_identification:_identify(src/livox_ros_driver2) by extension 'colcon_meta'
[0.186s] Level 1:colcon.colcon_core.package_identification:_identify(src/livox_ros_driver2) by extensions ['ros']
[0.186s] Level 1:colcon.colcon_core.package_identification:_identify(src/livox_ros_driver2) by extension 'ros'
[0.186s] DEBUG:colcon.colcon_core.package_identification:Package 'src/livox_ros_driver2' with type 'ros.ament_cmake' and name 'livox_ros_driver2'
[0.186s] Level 1:colcon.colcon_core.package_discovery:discover_packages(recursive) using defaults
[0.186s] Level 1:colcon.colcon_core.package_discovery:discover_packages(ignore) discover
[0.186s] Level 1:colcon.colcon_core.package_discovery:discover_packages(ignore) using defaults
[0.187s] Level 1:colcon.colcon_core.package_discovery:discover_packages(path) discover
[0.187s] Level 1:colcon.colcon_core.package_discovery:discover_packages(path) using defaults
[0.208s] INFO:colcon.colcon_core.package_selection:Skipping not selected package 'livox_ros_driver2' in 'src/livox_ros_driver2'
[0.208s] INFO:colcon.colcon_core.package_selection:Skipping not selected package 'livox_sdk2' in 'src/Livox-SDK2'
[0.208s] INFO:colcon.colcon_core.package_selection:Skipping not selected package 'fast_lio' in 'src/FAST_LIO'
[0.208s] Level 1:colcon.colcon_core.package_discovery:discover_packages(prefix_path) check parameters
[0.208s] Level 1:colcon.colcon_core.package_discovery:discover_packages(prefix_path) discover
[0.209s] DEBUG:colcon.colcon_installed_package_information.package_discovery:Found 4 installed packages in /home/lzt/m20pro/install
[0.210s] DEBUG:colcon.colcon_installed_package_information.package_discovery:Found 353 installed packages in /opt/ros/humble
[0.211s] Level 1:colcon.colcon_core.package_discovery:discover_packages(prefix_path) using defaults
[0.237s] Level 5:colcon.colcon_core.verb:set package 'lidar_camera_calib' build argument 'cmake_args' from command line to 'None'
[0.237s] Level 5:colcon.colcon_core.verb:set package 'lidar_camera_calib' build argument 'cmake_target' from command line to 'None'
[0.237s] Level 5:colcon.colcon_core.verb:set package 'lidar_camera_calib' build argument 'cmake_target_skip_unavailable' from command line to 'False'
[0.237s] Level 5:colcon.colcon_core.verb:set package 'lidar_camera_calib' build argument 'cmake_clean_cache' from command line to 'False'
[0.237s] Level 5:colcon.colcon_core.verb:set package 'lidar_camera_calib' build argument 'cmake_clean_first' from command line to 'False'
[0.237s] Level 5:colcon.colcon_core.verb:set package 'lidar_camera_calib' build argument 'cmake_force_configure' from command line to 'False'
[0.237s] Level 5:colcon.colcon_core.verb:set package 'lidar_camera_calib' build argument 'ament_cmake_args' from command line to 'None'
[0.237s] Level 5:colcon.colcon_core.verb:set package 'lidar_camera_calib' build argument 'catkin_cmake_args' from command line to 'None'
[0.237s] Level 5:colcon.colcon_core.verb:set package 'lidar_camera_calib' build argument 'catkin_skip_building_tests' from command line to 'False'
[0.237s] DEBUG:colcon.colcon_core.verb:Building package 'lidar_camera_calib' with the following arguments: {'ament_cmake_args': None, 'build_base': '/home/lzt/m20pro/build/lidar_camera_calib', 'catkin_cmake_args': None, 'catkin_skip_building_tests': False, 'cmake_args': None, 'cmake_clean_cache': False, 'cmake_clean_first': False, 'cmake_force_configure': False, 'cmake_target': None, 'cmake_target_skip_unavailable': False, 'install_base': '/home/lzt/m20pro/install/lidar_camera_calib', 'merge_install': False, 'path': '/home/lzt/m20pro/src/lidar_camera_calib', 'symlink_install': False, 'test_result_base': None}
[0.237s] INFO:colcon.colcon_core.executor:Executing jobs using 'parallel' executor
[0.238s] DEBUG:colcon.colcon_parallel_executor.executor.parallel:run_until_complete
[0.238s] INFO:colcon.colcon_ros.task.ament_cmake.build:Building ROS package in '/home/lzt/m20pro/src/lidar_camera_calib' with build type 'ament_cmake'
[0.238s] INFO:colcon.colcon_cmake.task.cmake.build:Building CMake package in '/home/lzt/m20pro/src/lidar_camera_calib'
[0.240s] INFO:colcon.colcon_core.plugin_system:Skipping extension 'colcon_core.shell.bat': Not used on non-Windows systems
[0.240s] INFO:colcon.colcon_core.shell:Skip shell extension 'powershell' for command environment: Not usable outside of PowerShell
[0.240s] DEBUG:colcon.colcon_core.shell:Skip shell extension 'dsv' for command environment
[0.247s] DEBUG:colcon.colcon_core.event_handler.log_command:Invoking command in '/home/lzt/m20pro/build/lidar_camera_calib': CMAKE_PREFIX_PATH=${CMAKE_PREFIX_PATH}:/opt/ros/humble /usr/bin/cmake /home/lzt/m20pro/src/lidar_camera_calib -DCMAKE_INSTALL_PREFIX=/home/lzt/m20pro/install/lidar_camera_calib
[1.484s] DEBUG:colcon.colcon_core.event_handler.log_command:Invoked command in '/home/lzt/m20pro/build/lidar_camera_calib' returned '0': CMAKE_PREFIX_PATH=${CMAKE_PREFIX_PATH}:/opt/ros/humble /usr/bin/cmake /home/lzt/m20pro/src/lidar_camera_calib -DCMAKE_INSTALL_PREFIX=/home/lzt/m20pro/install/lidar_camera_calib
[1.486s] DEBUG:colcon.colcon_core.event_handler.log_command:Invoking command in '/home/lzt/m20pro/build/lidar_camera_calib': CMAKE_PREFIX_PATH=${CMAKE_PREFIX_PATH}:/opt/ros/humble /usr/bin/cmake --build /home/lzt/m20pro/build/lidar_camera_calib -- -j20 -l20
[22.834s] DEBUG:colcon.colcon_core.event_handler.log_command:Invoked command in '/home/lzt/m20pro/build/lidar_camera_calib' returned '0': CMAKE_PREFIX_PATH=${CMAKE_PREFIX_PATH}:/opt/ros/humble /usr/bin/cmake --build /home/lzt/m20pro/build/lidar_camera_calib -- -j20 -l20
[22.842s] DEBUG:colcon.colcon_core.event_handler.log_command:Invoking command in '/home/lzt/m20pro/build/lidar_camera_calib': CMAKE_PREFIX_PATH=${CMAKE_PREFIX_PATH}:/opt/ros/humble /usr/bin/cmake --install /home/lzt/m20pro/build/lidar_camera_calib
[22.858s] Level 1:colcon.colcon_core.environment:create_environment_scripts_only(lidar_camera_calib)
[22.858s] DEBUG:colcon.colcon_core.event_handler.log_command:Invoked command in '/home/lzt/m20pro/build/lidar_camera_calib' returned '0': CMAKE_PREFIX_PATH=${CMAKE_PREFIX_PATH}:/opt/ros/humble /usr/bin/cmake --install /home/lzt/m20pro/build/lidar_camera_calib
[22.861s] Level 1:colcon.colcon_core.environment:checking '/home/lzt/m20pro/install/lidar_camera_calib' for CMake module files
[22.861s] Level 1:colcon.colcon_core.environment:checking '/home/lzt/m20pro/install/lidar_camera_calib' for CMake config files
[22.861s] Level 1:colcon.colcon_core.shell:create_environment_hook('lidar_camera_calib', 'cmake_prefix_path')
[22.862s] INFO:colcon.colcon_core.shell:Creating environment hook '/home/lzt/m20pro/install/lidar_camera_calib/share/lidar_camera_calib/hook/cmake_prefix_path.ps1'
[22.862s] INFO:colcon.colcon_core.shell:Creating environment descriptor '/home/lzt/m20pro/install/lidar_camera_calib/share/lidar_camera_calib/hook/cmake_prefix_path.dsv'
[22.863s] INFO:colcon.colcon_core.shell:Creating environment hook '/home/lzt/m20pro/install/lidar_camera_calib/share/lidar_camera_calib/hook/cmake_prefix_path.sh'
[22.863s] Level 1:colcon.colcon_core.environment:checking '/home/lzt/m20pro/install/lidar_camera_calib/lib'
[22.863s] Level 1:colcon.colcon_core.environment:checking '/home/lzt/m20pro/install/lidar_camera_calib/bin'
[22.863s] Level 1:colcon.colcon_core.shell:create_environment_hook('lidar_camera_calib', 'path')
[22.863s] INFO:colcon.colcon_core.shell:Creating environment hook '/home/lzt/m20pro/install/lidar_camera_calib/share/lidar_camera_calib/hook/path.ps1'
[22.864s] INFO:colcon.colcon_core.shell:Creating environment descriptor '/home/lzt/m20pro/install/lidar_camera_calib/share/lidar_camera_calib/hook/path.dsv'
[22.864s] INFO:colcon.colcon_core.shell:Creating environment hook '/home/lzt/m20pro/install/lidar_camera_calib/share/lidar_camera_calib/hook/path.sh'
[22.864s] Level 1:colcon.colcon_core.environment:checking '/home/lzt/m20pro/install/lidar_camera_calib/lib/pkgconfig/lidar_camera_calib.pc'
[22.864s] Level 1:colcon.colcon_core.environment:checking '/home/lzt/m20pro/install/lidar_camera_calib/lib/python3.10/site-packages'
[22.864s] Level 1:colcon.colcon_core.environment:checking '/home/lzt/m20pro/install/lidar_camera_calib/bin'
[22.864s] Level 1:colcon.colcon_core.shell:create_environment_hook('lidar_camera_calib', 'pythonscriptspath')
[22.864s] INFO:colcon.colcon_core.shell:Creating environment hook '/home/lzt/m20pro/install/lidar_camera_calib/share/lidar_camera_calib/hook/pythonscriptspath.ps1'
[22.865s] INFO:colcon.colcon_core.shell:Creating environment descriptor '/home/lzt/m20pro/install/lidar_camera_calib/share/lidar_camera_calib/hook/pythonscriptspath.dsv'
[22.865s] INFO:colcon.colcon_core.shell:Creating environment hook '/home/lzt/m20pro/install/lidar_camera_calib/share/lidar_camera_calib/hook/pythonscriptspath.sh'
[22.865s] INFO:colcon.colcon_core.shell:Creating package script '/home/lzt/m20pro/install/lidar_camera_calib/share/lidar_camera_calib/package.ps1'
[22.866s] INFO:colcon.colcon_core.shell:Creating package descriptor '/home/lzt/m20pro/install/lidar_camera_calib/share/lidar_camera_calib/package.dsv'
[22.866s] INFO:colcon.colcon_core.shell:Creating package script '/home/lzt/m20pro/install/lidar_camera_calib/share/lidar_camera_calib/package.sh'
[22.866s] INFO:colcon.colcon_core.shell:Creating package script '/home/lzt/m20pro/install/lidar_camera_calib/share/lidar_camera_calib/package.bash'
[22.867s] INFO:colcon.colcon_core.shell:Creating package script '/home/lzt/m20pro/install/lidar_camera_calib/share/lidar_camera_calib/package.zsh'
[22.867s] Level 1:colcon.colcon_core.environment:create_file_with_runtime_dependencies(/home/lzt/m20pro/install/lidar_camera_calib/share/colcon-core/packages/lidar_camera_calib)
[22.867s] Level 1:colcon.colcon_core.environment:create_environment_scripts_only(lidar_camera_calib)
[22.867s] Level 1:colcon.colcon_core.environment:checking '/home/lzt/m20pro/install/lidar_camera_calib' for CMake module files
[22.868s] Level 1:colcon.colcon_core.environment:checking '/home/lzt/m20pro/install/lidar_camera_calib' for CMake config files
[22.868s] Level 1:colcon.colcon_core.shell:create_environment_hook('lidar_camera_calib', 'cmake_prefix_path')
[22.868s] INFO:colcon.colcon_core.shell:Creating environment hook '/home/lzt/m20pro/install/lidar_camera_calib/share/lidar_camera_calib/hook/cmake_prefix_path.ps1'
[22.868s] INFO:colcon.colcon_core.shell:Creating environment descriptor '/home/lzt/m20pro/install/lidar_camera_calib/share/lidar_camera_calib/hook/cmake_prefix_path.dsv'
[22.868s] INFO:colcon.colcon_core.shell:Creating environment hook '/home/lzt/m20pro/install/lidar_camera_calib/share/lidar_camera_calib/hook/cmake_prefix_path.sh'
[22.869s] Level 1:colcon.colcon_core.environment:checking '/home/lzt/m20pro/install/lidar_camera_calib/lib'
[22.869s] Level 1:colcon.colcon_core.environment:checking '/home/lzt/m20pro/install/lidar_camera_calib/bin'
[22.869s] Level 1:colcon.colcon_core.shell:create_environment_hook('lidar_camera_calib', 'path')
[22.869s] INFO:colcon.colcon_core.shell:Creating environment hook '/home/lzt/m20pro/install/lidar_camera_calib/share/lidar_camera_calib/hook/path.ps1'
[22.869s] INFO:colcon.colcon_core.shell:Creating environment descriptor '/home/lzt/m20pro/install/lidar_camera_calib/share/lidar_camera_calib/hook/path.dsv'
[22.869s] INFO:colcon.colcon_core.shell:Creating environment hook '/home/lzt/m20pro/install/lidar_camera_calib/share/lidar_camera_calib/hook/path.sh'
[22.869s] Level 1:colcon.colcon_core.environment:checking '/home/lzt/m20pro/install/lidar_camera_calib/lib/pkgconfig/lidar_camera_calib.pc'
[22.869s] Level 1:colcon.colcon_core.environment:checking '/home/lzt/m20pro/install/lidar_camera_calib/lib/python3.10/site-packages'
[22.870s] Level 1:colcon.colcon_core.environment:checking '/home/lzt/m20pro/install/lidar_camera_calib/bin'
[22.870s] Level 1:colcon.colcon_core.shell:create_environment_hook('lidar_camera_calib', 'pythonscriptspath')
[22.870s] INFO:colcon.colcon_core.shell:Creating environment hook '/home/lzt/m20pro/install/lidar_camera_calib/share/lidar_camera_calib/hook/pythonscriptspath.ps1'
[22.870s] INFO:colcon.colcon_core.shell:Creating environment descriptor '/home/lzt/m20pro/install/lidar_camera_calib/share/lidar_camera_calib/hook/pythonscriptspath.dsv'
[22.870s] INFO:colcon.colcon_core.shell:Creating environment hook '/home/lzt/m20pro/install/lidar_camera_calib/share/lidar_camera_calib/hook/pythonscriptspath.sh'
[22.870s] INFO:colcon.colcon_core.shell:Creating package script '/home/lzt/m20pro/install/lidar_camera_calib/share/lidar_camera_calib/package.ps1'
[22.871s] INFO:colcon.colcon_core.shell:Creating package descriptor '/home/lzt/m20pro/install/lidar_camera_calib/share/lidar_camera_calib/package.dsv'
[22.871s] INFO:colcon.colcon_core.shell:Creating package script '/home/lzt/m20pro/install/lidar_camera_calib/share/lidar_camera_calib/package.sh'
[22.871s] INFO:colcon.colcon_core.shell:Creating package script '/home/lzt/m20pro/install/lidar_camera_calib/share/lidar_camera_calib/package.bash'
[22.871s] INFO:colcon.colcon_core.shell:Creating package script '/home/lzt/m20pro/install/lidar_camera_calib/share/lidar_camera_calib/package.zsh'
[22.872s] Level 1:colcon.colcon_core.environment:create_file_with_runtime_dependencies(/home/lzt/m20pro/install/lidar_camera_calib/share/colcon-core/packages/lidar_camera_calib)
[22.872s] DEBUG:colcon.colcon_parallel_executor.executor.parallel:closing loop
[22.872s] DEBUG:colcon.colcon_parallel_executor.executor.parallel:loop closed
[22.872s] DEBUG:colcon.colcon_parallel_executor.executor.parallel:run_until_complete finished with '0'
[22.872s] DEBUG:colcon.colcon_core.event_reactor:joining thread
[22.875s] INFO:colcon.colcon_core.plugin_system:Skipping extension 'colcon_notification.desktop_notification.terminal_notifier': Not used on non-Darwin systems
[22.875s] INFO:colcon.colcon_core.plugin_system:Skipping extension 'colcon_notification.desktop_notification.win32': Not used on non-Windows systems
[22.875s] INFO:colcon.colcon_notification.desktop_notification:Sending desktop notification using 'notify2'
[22.886s] DEBUG:colcon.colcon_core.event_reactor:joined thread
[22.886s] INFO:colcon.colcon_core.shell:Creating prefix script '/home/lzt/m20pro/install/local_setup.ps1'
[22.887s] INFO:colcon.colcon_core.shell:Creating prefix util module '/home/lzt/m20pro/install/_local_setup_util_ps1.py'
[22.887s] INFO:colcon.colcon_core.shell:Creating prefix chain script '/home/lzt/m20pro/install/setup.ps1'
[22.888s] INFO:colcon.colcon_core.shell:Creating prefix script '/home/lzt/m20pro/install/local_setup.sh'
[22.888s] INFO:colcon.colcon_core.shell:Creating prefix util module '/home/lzt/m20pro/install/_local_setup_util_sh.py'
[22.889s] INFO:colcon.colcon_core.shell:Creating prefix chain script '/home/lzt/m20pro/install/setup.sh'
[22.889s] INFO:colcon.colcon_core.shell:Creating prefix script '/home/lzt/m20pro/install/local_setup.bash'
[22.889s] INFO:colcon.colcon_core.shell:Creating prefix chain script '/home/lzt/m20pro/install/setup.bash'
[22.890s] INFO:colcon.colcon_core.shell:Creating prefix script '/home/lzt/m20pro/install/local_setup.zsh'
[22.890s] INFO:colcon.colcon_core.shell:Creating prefix chain script '/home/lzt/m20pro/install/setup.zsh'
