[0.007s] Invoking command in '/home/lzt/m20pro/build/fast_lio': AMENT_PREFIX_PATH=/home/lzt/m20pro/install/livox_ros_driver2:${AMENT_PREFIX_PATH} CMAKE_PREFIX_PATH=/home/lzt/m20pro/install/livox_ros_driver2:/opt/ros/humble CONDA_PROMPT_MODIFIER=(base) LD_LIBRARY_PATH=/home/lzt/m20pro/install/livox_ros_driver2/lib:${LD_LIBRARY_PATH} PYTHONPATH=/home/lzt/m20pro/install/livox_ros_driver2/lib/python3.13/site-packages:${PYTHONPATH} /usr/bin/cmake /home/lzt/m20pro/src/FAST_LIO -DCMAKE_INSTALL_PREFIX=/home/lzt/m20pro/install/fast_lio
[0.017s] [0mCurrent CPU archtecture: x86_64[0m
[0.020s] [0mProcesser number:  20[0m
[0.020s] [0mcore for MP: 3[0m
[0.023s] -- Found PythonLibs: /usr/lib/x86_64-linux-gnu/libpython3.10.so (found version "3.10.12") 
[0.023s] -- Found ament_cmake: 1.3.12 (/opt/ros/humble/share/ament_cmake/cmake)
[0.119s] -- Found rclcpp: 16.0.15 (/opt/ros/humble/share/rclcpp/cmake)
[0.135s] -- Found rosidl_generator_c: 3.1.7 (/opt/ros/humble/share/rosidl_generator_c/cmake)
[0.137s] -- Found rosidl_adapter: 3.1.7 (/opt/ros/humble/share/rosidl_adapter/cmake)
[0.140s] -- Found rosidl_generator_cpp: 3.1.7 (/opt/ros/humble/share/rosidl_generator_cpp/cmake)
[0.145s] -- Using all available rosidl_typesupport_c: rosidl_typesupport_fastrtps_c;rosidl_typesupport_introspection_c
[0.153s] -- Using all available rosidl_typesupport_cpp: rosidl_typesupport_fastrtps_cpp;rosidl_typesupport_introspection_cpp
[0.171s] -- Found rmw_implementation_cmake: 6.1.2 (/opt/ros/humble/share/rmw_implementation_cmake/cmake)
[0.172s] -- Found rmw_fastrtps_cpp: 6.2.9 (/opt/ros/humble/share/rmw_fastrtps_cpp/cmake)
[0.235s] -- Using RMW implementation 'rmw_fastrtps_cpp' as default
[0.263s] -- Found rclcpp_components: 16.0.15 (/opt/ros/humble/share/rclcpp_components/cmake)
[0.273s] -- Found geometry_msgs: 4.9.0 (/opt/ros/humble/share/geometry_msgs/cmake)
[0.281s] -- Found nav_msgs: 4.9.0 (/opt/ros/humble/share/nav_msgs/cmake)
[0.290s] -- Found sensor_msgs: 4.9.0 (/opt/ros/humble/share/sensor_msgs/cmake)
[0.300s] -- Found std_srvs: 4.9.0 (/opt/ros/humble/share/std_srvs/cmake)
[0.305s] -- Found visualization_msgs: 4.9.0 (/opt/ros/humble/share/visualization_msgs/cmake)
[0.317s] -- Found pcl_ros: 2.4.5 (/opt/ros/humble/share/pcl_ros/cmake)
[0.343s] -- Eigen found (include: /usr/include/eigen3, version: 3.4.0)
[0.363s] -- FLANN found (include: /usr/include, lib: /usr/lib/x86_64-linux-gnu/libflann_cpp.so)
[0.559s] -- OpenNI found (version: 1.5.4.0, include: /usr/include/ni, lib: /usr/lib/libOpenNI.so;libusb::libusb)
[0.562s] -- OpenNI2 found (version: 2.2.0.33, include: /usr/include/openni2, lib: /usr/lib/x86_64-linux-gnu/libOpenNI2.so;libusb::libusb)
[0.664s] -- Eigen found (include: /usr/include/eigen3, version: 3.4.0)
[0.669s] -- OpenNI found (version: 1.5.4.0, include: /usr/include/ni, lib: /usr/lib/libOpenNI.so;libusb::libusb)
[0.672s] -- OpenNI2 found (version: 2.2.0.33, include: /usr/include/openni2, lib: /usr/lib/x86_64-linux-gnu/libOpenNI2.so;libusb::libusb)
[0.766s] -- Found Qhull version 8.0.2
[0.862s] -- OpenNI found (version: 1.5.4.0, include: /usr/include/ni, lib: /usr/lib/libOpenNI.so;libusb::libusb)
[0.971s] -- Found eigen3_cmake_module: 0.1.1 (/opt/ros/humble/share/eigen3_cmake_module/cmake)
[0.972s] -- Ensuring Eigen3 include directory is part of orocos-kdl CMake target
[1.008s] -- Found livox_ros_driver2: 1.0.0 (/home/lzt/m20pro/install/livox_ros_driver2/share/livox_ros_driver2/cmake)
[1.019s] -- Found rosidl_default_generators: 1.2.0 (/opt/ros/humble/share/rosidl_default_generators/cmake)
[1.024s] [33mCMake Warning (dev) at CMakeLists.txt:81 (find_package):
[1.024s]   Policy CMP0074 is not set: find_package uses <PackageName>_ROOT variables.
[1.024s]   Run "cmake --help-policy CMP0074" for policy details.  Use the cmake_policy
[1.024s]   command to set the policy and suppress this warning.
[1.024s] 
[1.024s]   CMake variable PCL_ROOT is set to:
[1.024s] 
[1.024s]     /usr
[1.024s] 
[1.024s]   For compatibility, CMake is ignoring the variable.
[1.024s] This warning is for project developers.  Use -Wno-dev to suppress it.
[1.024s] [0m
[1.030s] -- PCL: /usr/include/pcl-1.12
[1.030s] [0mEigen:/usr/include/eigen3[0m
[1.228s] -- Found ament_cmake_ros: 0.10.0 (/opt/ros/humble/share/ament_cmake_ros/cmake)
[1.438s] -- Using all available rosidl_typesupport_c: rosidl_typesupport_fastrtps_c;rosidl_typesupport_introspection_c
[1.519s] -- Using all available rosidl_typesupport_cpp: rosidl_typesupport_fastrtps_cpp;rosidl_typesupport_introspection_cpp
[1.539s] -- Found python_cmake_module: 0.10.0 (/opt/ros/humble/share/python_cmake_module/cmake)
[1.558s] -- Found PythonLibs: /usr/lib/x86_64-linux-gnu/libpython3.10.so (found suitable version "3.10.12", minimum required is "3.5") 
[1.558s] -- Using PYTHON_EXECUTABLE: /home/lzt/miniconda3/bin/python3
[1.558s] -- Using PYTHON_INCLUDE_DIRS: /usr/include/python3.10
[1.558s] -- Using PYTHON_LIBRARIES: /usr/lib/x86_64-linux-gnu/libpython3.10.so
[1.574s] -- Configuring done
[1.609s] [33mCMake Warning at CMakeLists.txt:95 (add_executable):
[1.609s]   Cannot generate a safe runtime search path for target fastlio_mapping
[1.609s]   because files in some directories may conflict with libraries in implicit
[1.609s]   directories:
[1.609s] 
[1.609s]     runtime library [libz.so.1] in /usr/lib/x86_64-linux-gnu may be hidden by files in:
[1.609s]       /home/lzt/miniconda3/lib
[1.609s]     runtime library [libX11.so.6] in /usr/lib/x86_64-linux-gnu may be hidden by files in:
[1.609s]       /home/lzt/miniconda3/lib
[1.609s] 
[1.609s]   Some of these libraries may not be found correctly.
[1.609s] 
[1.609s] [0m
[1.612s] -- Generating done
[1.622s] -- Build files have been written to: /home/lzt/m20pro/build/fast_lio
[1.635s] Invoked command in '/home/lzt/m20pro/build/fast_lio' returned '0': AMENT_PREFIX_PATH=/home/lzt/m20pro/install/livox_ros_driver2:${AMENT_PREFIX_PATH} CMAKE_PREFIX_PATH=/home/lzt/m20pro/install/livox_ros_driver2:/opt/ros/humble CONDA_PROMPT_MODIFIER=(base) LD_LIBRARY_PATH=/home/lzt/m20pro/install/livox_ros_driver2/lib:${LD_LIBRARY_PATH} PYTHONPATH=/home/lzt/m20pro/install/livox_ros_driver2/lib/python3.13/site-packages:${PYTHONPATH} /usr/bin/cmake /home/lzt/m20pro/src/FAST_LIO -DCMAKE_INSTALL_PREFIX=/home/lzt/m20pro/install/fast_lio
[1.635s] Invoking command in '/home/lzt/m20pro/build/fast_lio': AMENT_PREFIX_PATH=/home/lzt/m20pro/install/livox_ros_driver2:${AMENT_PREFIX_PATH} CMAKE_PREFIX_PATH=/home/lzt/m20pro/install/livox_ros_driver2:/opt/ros/humble CONDA_PROMPT_MODIFIER=(base) LD_LIBRARY_PATH=/home/lzt/m20pro/install/livox_ros_driver2/lib:${LD_LIBRARY_PATH} PYTHONPATH=/home/lzt/m20pro/install/livox_ros_driver2/lib/python3.13/site-packages:${PYTHONPATH} /usr/bin/cmake --build /home/lzt/m20pro/build/fast_lio -- -j20 -l20
[1.666s] [  2%] [34m[1mGenerating C code for ROS interfaces[0m
[1.674s] [  5%] [34m[1mGenerating C++ code for ROS interfaces[0m
[1.682s] [  5%] Built target ament_cmake_python_copy_fast_lio
[1.827s] running egg_info
[1.837s] creating fast_lio.egg-info
[1.837s] writing fast_lio.egg-info/PKG-INFO
[1.837s] writing dependency_links to fast_lio.egg-info/dependency_links.txt
[1.838s] writing top-level names to fast_lio.egg-info/top_level.txt
[1.838s] writing manifest file 'fast_lio.egg-info/SOURCES.txt'
[1.859s] [  8%] [32mBuilding C object CMakeFiles/fast_lio__rosidl_generator_c.dir/rosidl_generator_c/fast_lio/msg/detail/pose6_d__functions.c.o[0m
[1.863s] [  8%] Built target fast_lio__cpp
[1.864s] reading manifest file 'fast_lio.egg-info/SOURCES.txt'
[1.864s] writing manifest file 'fast_lio.egg-info/SOURCES.txt'
[1.870s] [ 11%] [34m[1mGenerating C++ introspection for ROS interfaces[0m
[1.870s] [ 14%] [34m[1mGenerating C++ type support for eProsima Fast-RTPS[0m
[1.871s] [ 17%] [34m[1mGenerating C++ type support dispatch for ROS interfaces[0m
[1.885s] [ 17%] Built target ament_cmake_python_build_fast_lio_egg
[1.933s] [ 20%] [32m[1mLinking C shared library libfast_lio__rosidl_generator_c.so[0m
[1.961s] [ 20%] Built target fast_lio__rosidl_generator_c
[1.971s] [ 22%] [34m[1mGenerating C type support dispatch for ROS interfaces[0m
[1.971s] [ 25%] [34m[1mGenerating C introspection for ROS interfaces[0m
[1.971s] [ 28%] [34m[1mGenerating C type support for eProsima Fast-RTPS[0m
[2.058s] [ 31%] [32mBuilding CXX object CMakeFiles/fast_lio__rosidl_typesupport_cpp.dir/rosidl_typesupport_cpp/fast_lio/msg/pose6_d__type_support.cpp.o[0m
[2.068s] [ 34%] [32mBuilding CXX object CMakeFiles/fast_lio__rosidl_typesupport_introspection_cpp.dir/rosidl_typesupport_introspection_cpp/fast_lio/msg/detail/pose6_d__type_support.cpp.o[0m
[2.070s] [ 37%] [32mBuilding CXX object CMakeFiles/fast_lio__rosidl_typesupport_fastrtps_cpp.dir/rosidl_typesupport_fastrtps_cpp/fast_lio/msg/detail/dds_fastrtps/pose6_d__type_support.cpp.o[0m
[2.157s] [ 40%] [32mBuilding CXX object CMakeFiles/fast_lio__rosidl_typesupport_c.dir/rosidl_typesupport_c/fast_lio/msg/pose6_d__type_support.cpp.o[0m
[2.174s] [ 42%] [32mBuilding C object CMakeFiles/fast_lio__rosidl_typesupport_introspection_c.dir/rosidl_typesupport_introspection_c/fast_lio/msg/detail/pose6_d__type_support.c.o[0m
[2.183s] [ 45%] [32m[1mLinking CXX shared library libfast_lio__rosidl_typesupport_c.so[0m
[2.204s] [ 48%] [32mBuilding CXX object CMakeFiles/fast_lio__rosidl_typesupport_fastrtps_c.dir/rosidl_typesupport_fastrtps_c/fast_lio/msg/detail/pose6_d__type_support_c.cpp.o[0m
[2.215s] [ 51%] [32m[1mLinking CXX shared library libfast_lio__rosidl_typesupport_cpp.so[0m
[2.215s] [ 51%] Built target fast_lio__rosidl_typesupport_c
[2.215s] [ 54%] [32m[1mLinking C shared library libfast_lio__rosidl_typesupport_introspection_c.so[0m
[2.238s] [ 54%] Built target fast_lio__rosidl_typesupport_introspection_c
[2.244s] [ 54%] Built target fast_lio__rosidl_typesupport_cpp
[2.259s] [ 57%] [32mBuilding CXX object CMakeFiles/fastlio_mapping.dir/src/laserMapping.cpp.o[0m
[2.260s] [ 62%] [32mBuilding CXX object CMakeFiles/fastlio_mapping.dir/src/preprocess.cpp.o[0m
[2.260s] [ 62%] [32mBuilding CXX object CMakeFiles/fastlio_mapping.dir/include/ikd-Tree/ikd_Tree.cpp.o[0m
[2.321s] [ 65%] [32m[1mLinking CXX shared library libfast_lio__rosidl_typesupport_introspection_cpp.so[0m
[2.326s] [ 68%] [32m[1mLinking CXX shared library libfast_lio__rosidl_typesupport_fastrtps_cpp.so[0m
[2.358s] [ 68%] Built target fast_lio__rosidl_typesupport_introspection_cpp
[2.379s] [ 68%] Built target fast_lio__rosidl_typesupport_fastrtps_cpp
[2.419s] [ 71%] [32m[1mLinking CXX shared library libfast_lio__rosidl_typesupport_fastrtps_c.so[0m
[2.472s] [ 71%] Built target fast_lio__rosidl_typesupport_fastrtps_c
[2.490s] [ 71%] Built target fast_lio
[2.505s] [ 74%] [34m[1mGenerating Python code for ROS interfaces[0m
[2.788s] [ 74%] Built target fast_lio__py
[2.806s] [ 77%] [32mBuilding C object CMakeFiles/fast_lio__rosidl_generator_py.dir/rosidl_generator_py/fast_lio/msg/_pose6_d_s.c.o[0m
[2.900s] [ 80%] [32m[1mLinking C shared library rosidl_generator_py/fast_lio/libfast_lio__rosidl_generator_py.so[0m
[2.931s] [ 80%] Built target fast_lio__rosidl_generator_py
[2.948s] [ 82%] [32mBuilding C object CMakeFiles/fast_lio__rosidl_typesupport_fastrtps_c__pyext.dir/rosidl_generator_py/fast_lio/_fast_lio_s.ep.rosidl_typesupport_fastrtps_c.c.o[0m
[2.950s] [ 85%] [32mBuilding C object CMakeFiles/fast_lio__rosidl_typesupport_c__pyext.dir/rosidl_generator_py/fast_lio/_fast_lio_s.ep.rosidl_typesupport_c.c.o[0m
[2.951s] [ 88%] [32mBuilding C object CMakeFiles/fast_lio__rosidl_typesupport_introspection_c__pyext.dir/rosidl_generator_py/fast_lio/_fast_lio_s.ep.rosidl_typesupport_introspection_c.c.o[0m
[3.027s] [ 91%] [32m[1mLinking C shared library rosidl_generator_py/fast_lio/fast_lio_s__rosidl_typesupport_fastrtps_c.cpython-313-x86_64-linux-gnu.so[0m
[3.027s] [ 94%] [32m[1mLinking C shared library rosidl_generator_py/fast_lio/fast_lio_s__rosidl_typesupport_introspection_c.cpython-313-x86_64-linux-gnu.so[0m
[3.035s] [ 97%] [32m[1mLinking C shared library rosidl_generator_py/fast_lio/fast_lio_s__rosidl_typesupport_c.cpython-313-x86_64-linux-gnu.so[0m
[3.055s] [ 97%] Built target fast_lio__rosidl_typesupport_introspection_c__pyext
[3.057s] [ 97%] Built target fast_lio__rosidl_typesupport_fastrtps_c__pyext
[3.061s] [ 97%] Built target fast_lio__rosidl_typesupport_c__pyext
[6.086s] In file included from [01m[K/usr/include/boost/smart_ptr/detail/sp_thread_sleep.hpp:22[m[K,
[6.086s]                  from [01m[K/usr/include/boost/smart_ptr/detail/yield_k.hpp:23[m[K,
[6.086s]                  from [01m[K/usr/include/boost/smart_ptr/detail/spinlock_gcc_atomic.hpp:14[m[K,
[6.086s]                  from [01m[K/usr/include/boost/smart_ptr/detail/spinlock.hpp:42[m[K,
[6.086s]                  from [01m[K/usr/include/boost/smart_ptr/detail/spinlock_pool.hpp:25[m[K,
[6.086s]                  from [01m[K/usr/include/boost/smart_ptr/shared_ptr.hpp:29[m[K,
[6.086s]                  from [01m[K/usr/include/boost/shared_ptr.hpp:17[m[K,
[6.086s]                  from [01m[K/usr/include/boost/date_time/microsec_time_clock.hpp:18[m[K,
[6.086s]                  from [01m[K/usr/include/boost/interprocess/detail/posix_time_types_wrk.hpp:31[m[K,
[6.086s]                  from [01m[K/usr/include/boost/interprocess/detail/os_thread_functions.hpp:36[m[K,
[6.086s]                  from [01m[K/usr/include/boost/interprocess/sync/file_lock.hpp:26[m[K,
[6.086s]                  from [01m[K/usr/include/pcl-1.12/pcl/io/pcd_io.h:46[m[K,
[6.086s]                  from [01m[K/opt/ros/humble/include/pcl_conversions/pcl_conversions/pcl_conversions.h:73[m[K,
[6.086s]                  from [01m[K/home/lzt/m20pro/src/FAST_LIO/src/IMU_Processing.hpp:18[m[K,
[6.086s]                  from [01m[K/home/lzt/m20pro/src/FAST_LIO/src/laserMapping.cpp:47[m[K:
[6.086s] [01m[K/usr/include/boost/bind.hpp:36:1:[m[K [01;36m[Knote: [m[K‘[01m[K#pragma message: The practice of declaring the Bind placeholders (_1, _2, ...) in the global namespace is deprecated. Please use <boost/bind/bind.hpp> + using namespace boost::placeholders, or define BOOST_BIND_GLOBAL_PLACEHOLDERS to retain the current behavior.[m[K’
[6.086s]    36 | [01;36m[KBOOST_PRAGMA_MESSAGE[m[K(
[6.086s]       | [01;36m[K^~~~~~~~~~~~~~~~~~~~[m[K
[40.732s] [100%] [32m[1mLinking CXX executable fastlio_mapping[0m
[41.428s] [100%] Built target fastlio_mapping
[41.436s] Invoked command in '/home/lzt/m20pro/build/fast_lio' returned '0': AMENT_PREFIX_PATH=/home/lzt/m20pro/install/livox_ros_driver2:${AMENT_PREFIX_PATH} CMAKE_PREFIX_PATH=/home/lzt/m20pro/install/livox_ros_driver2:/opt/ros/humble CONDA_PROMPT_MODIFIER=(base) LD_LIBRARY_PATH=/home/lzt/m20pro/install/livox_ros_driver2/lib:${LD_LIBRARY_PATH} PYTHONPATH=/home/lzt/m20pro/install/livox_ros_driver2/lib/python3.13/site-packages:${PYTHONPATH} /usr/bin/cmake --build /home/lzt/m20pro/build/fast_lio -- -j20 -l20
[41.437s] Invoking command in '/home/lzt/m20pro/build/fast_lio': AMENT_PREFIX_PATH=/home/lzt/m20pro/install/livox_ros_driver2:${AMENT_PREFIX_PATH} CMAKE_PREFIX_PATH=/home/lzt/m20pro/install/livox_ros_driver2:/opt/ros/humble CONDA_PROMPT_MODIFIER=(base) LD_LIBRARY_PATH=/home/lzt/m20pro/install/livox_ros_driver2/lib:${LD_LIBRARY_PATH} PYTHONPATH=/home/lzt/m20pro/install/livox_ros_driver2/lib/python3.13/site-packages:${PYTHONPATH} /usr/bin/cmake --install /home/lzt/m20pro/build/fast_lio
[41.444s] -- Install configuration: "Release"
[41.444s] -- Installing: /home/lzt/m20pro/install/fast_lio/share/ament_index/resource_index/rosidl_interfaces/fast_lio
[41.444s] -- Installing: /home/lzt/m20pro/install/fast_lio/include/fast_lio/fast_lio
[41.444s] -- Installing: /home/lzt/m20pro/install/fast_lio/include/fast_lio/fast_lio/msg
[41.444s] -- Installing: /home/lzt/m20pro/install/fast_lio/include/fast_lio/fast_lio/msg/pose6_d.h
[41.444s] -- Installing: /home/lzt/m20pro/install/fast_lio/include/fast_lio/fast_lio/msg/rosidl_generator_c__visibility_control.h
[41.444s] -- Installing: /home/lzt/m20pro/install/fast_lio/include/fast_lio/fast_lio/msg/detail
[41.444s] -- Installing: /home/lzt/m20pro/install/fast_lio/include/fast_lio/fast_lio/msg/detail/pose6_d__functions.h
[41.444s] -- Installing: /home/lzt/m20pro/install/fast_lio/include/fast_lio/fast_lio/msg/detail/pose6_d__type_support.h
[41.444s] -- Installing: /home/lzt/m20pro/install/fast_lio/include/fast_lio/fast_lio/msg/detail/pose6_d__functions.c
[41.444s] -- Installing: /home/lzt/m20pro/install/fast_lio/include/fast_lio/fast_lio/msg/detail/pose6_d__struct.h
[41.444s] -- Installing: /home/lzt/m20pro/install/fast_lio/share/fast_lio/environment/library_path.sh
[41.444s] -- Installing: /home/lzt/m20pro/install/fast_lio/share/fast_lio/environment/library_path.dsv
[41.444s] -- Installing: /home/lzt/m20pro/install/fast_lio/lib/libfast_lio__rosidl_generator_c.so
[41.444s] -- Set runtime path of "/home/lzt/m20pro/install/fast_lio/lib/libfast_lio__rosidl_generator_c.so" to ""
[41.445s] -- Up-to-date: /home/lzt/m20pro/install/fast_lio/include/fast_lio/fast_lio
[41.445s] -- Up-to-date: /home/lzt/m20pro/install/fast_lio/include/fast_lio/fast_lio/msg
[41.445s] -- Up-to-date: /home/lzt/m20pro/install/fast_lio/include/fast_lio/fast_lio/msg/detail
[41.445s] -- Installing: /home/lzt/m20pro/install/fast_lio/include/fast_lio/fast_lio/msg/detail/pose6_d__rosidl_typesupport_fastrtps_c.h
[41.445s] -- Installing: /home/lzt/m20pro/install/fast_lio/include/fast_lio/fast_lio/msg/rosidl_typesupport_fastrtps_c__visibility_control.h
[41.445s] -- Installing: /home/lzt/m20pro/install/fast_lio/lib/libfast_lio__rosidl_typesupport_fastrtps_c.so
[41.445s] -- Set runtime path of "/home/lzt/m20pro/install/fast_lio/lib/libfast_lio__rosidl_typesupport_fastrtps_c.so" to ""
[41.445s] -- Up-to-date: /home/lzt/m20pro/install/fast_lio/include/fast_lio/fast_lio
[41.445s] -- Up-to-date: /home/lzt/m20pro/install/fast_lio/include/fast_lio/fast_lio/msg
[41.445s] -- Installing: /home/lzt/m20pro/install/fast_lio/include/fast_lio/fast_lio/msg/rosidl_generator_cpp__visibility_control.hpp
[41.445s] -- Installing: /home/lzt/m20pro/install/fast_lio/include/fast_lio/fast_lio/msg/pose6_d.hpp
[41.445s] -- Up-to-date: /home/lzt/m20pro/install/fast_lio/include/fast_lio/fast_lio/msg/detail
[41.445s] -- Installing: /home/lzt/m20pro/install/fast_lio/include/fast_lio/fast_lio/msg/detail/pose6_d__traits.hpp
[41.445s] -- Installing: /home/lzt/m20pro/install/fast_lio/include/fast_lio/fast_lio/msg/detail/pose6_d__builder.hpp
[41.445s] -- Installing: /home/lzt/m20pro/install/fast_lio/include/fast_lio/fast_lio/msg/detail/pose6_d__type_support.hpp
[41.445s] -- Installing: /home/lzt/m20pro/install/fast_lio/include/fast_lio/fast_lio/msg/detail/pose6_d__struct.hpp
[41.445s] -- Up-to-date: /home/lzt/m20pro/install/fast_lio/include/fast_lio/fast_lio
[41.445s] -- Up-to-date: /home/lzt/m20pro/install/fast_lio/include/fast_lio/fast_lio/msg
[41.445s] -- Installing: /home/lzt/m20pro/install/fast_lio/include/fast_lio/fast_lio/msg/rosidl_typesupport_fastrtps_cpp__visibility_control.h
[41.445s] -- Up-to-date: /home/lzt/m20pro/install/fast_lio/include/fast_lio/fast_lio/msg/detail
[41.446s] -- Installing: /home/lzt/m20pro/install/fast_lio/include/fast_lio/fast_lio/msg/detail/dds_fastrtps
[41.446s] -- Installing: /home/lzt/m20pro/install/fast_lio/include/fast_lio/fast_lio/msg/detail/pose6_d__rosidl_typesupport_fastrtps_cpp.hpp
[41.446s] -- Installing: /home/lzt/m20pro/install/fast_lio/lib/libfast_lio__rosidl_typesupport_fastrtps_cpp.so
[41.446s] -- Set runtime path of "/home/lzt/m20pro/install/fast_lio/lib/libfast_lio__rosidl_typesupport_fastrtps_cpp.so" to ""
[41.446s] -- Up-to-date: /home/lzt/m20pro/install/fast_lio/include/fast_lio/fast_lio
[41.446s] -- Up-to-date: /home/lzt/m20pro/install/fast_lio/include/fast_lio/fast_lio/msg
[41.446s] -- Installing: /home/lzt/m20pro/install/fast_lio/include/fast_lio/fast_lio/msg/rosidl_typesupport_introspection_c__visibility_control.h
[41.446s] -- Up-to-date: /home/lzt/m20pro/install/fast_lio/include/fast_lio/fast_lio/msg/detail
[41.446s] -- Installing: /home/lzt/m20pro/install/fast_lio/include/fast_lio/fast_lio/msg/detail/pose6_d__rosidl_typesupport_introspection_c.h
[41.446s] -- Installing: /home/lzt/m20pro/install/fast_lio/include/fast_lio/fast_lio/msg/detail/pose6_d__type_support.c
[41.446s] -- Installing: /home/lzt/m20pro/install/fast_lio/lib/libfast_lio__rosidl_typesupport_introspection_c.so
[41.446s] -- Set runtime path of "/home/lzt/m20pro/install/fast_lio/lib/libfast_lio__rosidl_typesupport_introspection_c.so" to ""
[41.446s] -- Installing: /home/lzt/m20pro/install/fast_lio/lib/libfast_lio__rosidl_typesupport_c.so
[41.447s] -- Set runtime path of "/home/lzt/m20pro/install/fast_lio/lib/libfast_lio__rosidl_typesupport_c.so" to ""
[41.447s] -- Up-to-date: /home/lzt/m20pro/install/fast_lio/include/fast_lio/fast_lio
[41.447s] -- Up-to-date: /home/lzt/m20pro/install/fast_lio/include/fast_lio/fast_lio/msg
[41.447s] -- Up-to-date: /home/lzt/m20pro/install/fast_lio/include/fast_lio/fast_lio/msg/detail
[41.447s] -- Installing: /home/lzt/m20pro/install/fast_lio/include/fast_lio/fast_lio/msg/detail/pose6_d__rosidl_typesupport_introspection_cpp.hpp
[41.447s] -- Installing: /home/lzt/m20pro/install/fast_lio/include/fast_lio/fast_lio/msg/detail/pose6_d__type_support.cpp
[41.447s] -- Installing: /home/lzt/m20pro/install/fast_lio/lib/libfast_lio__rosidl_typesupport_introspection_cpp.so
[41.447s] -- Set runtime path of "/home/lzt/m20pro/install/fast_lio/lib/libfast_lio__rosidl_typesupport_introspection_cpp.so" to ""
[41.447s] -- Installing: /home/lzt/m20pro/install/fast_lio/lib/libfast_lio__rosidl_typesupport_cpp.so
[41.447s] -- Set runtime path of "/home/lzt/m20pro/install/fast_lio/lib/libfast_lio__rosidl_typesupport_cpp.so" to ""
[41.447s] -- Installing: /home/lzt/m20pro/install/fast_lio/share/fast_lio/environment/pythonpath.sh
[41.447s] -- Installing: /home/lzt/m20pro/install/fast_lio/share/fast_lio/environment/pythonpath.dsv
[41.448s] -- Installing: /home/lzt/m20pro/install/fast_lio/lib/python3.13/site-packages/fast_lio-0.0.0-py3.13.egg-info
[41.448s] -- Installing: /home/lzt/m20pro/install/fast_lio/lib/python3.13/site-packages/fast_lio-0.0.0-py3.13.egg-info/top_level.txt
[41.448s] -- Installing: /home/lzt/m20pro/install/fast_lio/lib/python3.13/site-packages/fast_lio-0.0.0-py3.13.egg-info/PKG-INFO
[41.448s] -- Installing: /home/lzt/m20pro/install/fast_lio/lib/python3.13/site-packages/fast_lio-0.0.0-py3.13.egg-info/SOURCES.txt
[41.448s] -- Installing: /home/lzt/m20pro/install/fast_lio/lib/python3.13/site-packages/fast_lio-0.0.0-py3.13.egg-info/dependency_links.txt
[41.448s] -- Installing: /home/lzt/m20pro/install/fast_lio/lib/python3.13/site-packages/fast_lio
[41.448s] -- Installing: /home/lzt/m20pro/install/fast_lio/lib/python3.13/site-packages/fast_lio/fast_lio_s__rosidl_typesupport_introspection_c.cpython-313-x86_64-linux-gnu.so
[41.448s] -- Installing: /home/lzt/m20pro/install/fast_lio/lib/python3.13/site-packages/fast_lio/msg
[41.448s] -- Installing: /home/lzt/m20pro/install/fast_lio/lib/python3.13/site-packages/fast_lio/msg/_pose6_d.py
[41.448s] -- Installing: /home/lzt/m20pro/install/fast_lio/lib/python3.13/site-packages/fast_lio/msg/_pose6_d_s.c
[41.448s] -- Installing: /home/lzt/m20pro/install/fast_lio/lib/python3.13/site-packages/fast_lio/msg/__init__.py
[41.448s] -- Installing: /home/lzt/m20pro/install/fast_lio/lib/python3.13/site-packages/fast_lio/libfast_lio__rosidl_generator_py.so
[41.448s] -- Installing: /home/lzt/m20pro/install/fast_lio/lib/python3.13/site-packages/fast_lio/_fast_lio_s.ep.rosidl_typesupport_c.c
[41.448s] -- Installing: /home/lzt/m20pro/install/fast_lio/lib/python3.13/site-packages/fast_lio/fast_lio_s__rosidl_typesupport_fastrtps_c.cpython-313-x86_64-linux-gnu.so
[41.448s] -- Installing: /home/lzt/m20pro/install/fast_lio/lib/python3.13/site-packages/fast_lio/_fast_lio_s.ep.rosidl_typesupport_fastrtps_c.c
[41.448s] -- Installing: /home/lzt/m20pro/install/fast_lio/lib/python3.13/site-packages/fast_lio/_fast_lio_s.ep.rosidl_typesupport_introspection_c.c
[41.448s] -- Installing: /home/lzt/m20pro/install/fast_lio/lib/python3.13/site-packages/fast_lio/__init__.py
[41.448s] -- Installing: /home/lzt/m20pro/install/fast_lio/lib/python3.13/site-packages/fast_lio/fast_lio_s__rosidl_typesupport_c.cpython-313-x86_64-linux-gnu.so
[41.471s] Listing '/home/lzt/m20pro/install/fast_lio/lib/python3.13/site-packages/fast_lio'...
[41.471s] Compiling '/home/lzt/m20pro/install/fast_lio/lib/python3.13/site-packages/fast_lio/__init__.py'...
[41.471s] Listing '/home/lzt/m20pro/install/fast_lio/lib/python3.13/site-packages/fast_lio/msg'...
[41.471s] Compiling '/home/lzt/m20pro/install/fast_lio/lib/python3.13/site-packages/fast_lio/msg/__init__.py'...
[41.471s] Compiling '/home/lzt/m20pro/install/fast_lio/lib/python3.13/site-packages/fast_lio/msg/_pose6_d.py'...
[41.474s] -- Installing: /home/lzt/m20pro/install/fast_lio/lib/python3.13/site-packages/fast_lio/fast_lio_s__rosidl_typesupport_fastrtps_c.cpython-313-x86_64-linux-gnu.so
[41.474s] -- Set runtime path of "/home/lzt/m20pro/install/fast_lio/lib/python3.13/site-packages/fast_lio/fast_lio_s__rosidl_typesupport_fastrtps_c.cpython-313-x86_64-linux-gnu.so" to ""
[41.475s] -- Installing: /home/lzt/m20pro/install/fast_lio/lib/python3.13/site-packages/fast_lio/fast_lio_s__rosidl_typesupport_introspection_c.cpython-313-x86_64-linux-gnu.so
[41.475s] -- Set runtime path of "/home/lzt/m20pro/install/fast_lio/lib/python3.13/site-packages/fast_lio/fast_lio_s__rosidl_typesupport_introspection_c.cpython-313-x86_64-linux-gnu.so" to ""
[41.475s] -- Installing: /home/lzt/m20pro/install/fast_lio/lib/python3.13/site-packages/fast_lio/fast_lio_s__rosidl_typesupport_c.cpython-313-x86_64-linux-gnu.so
[41.475s] -- Set runtime path of "/home/lzt/m20pro/install/fast_lio/lib/python3.13/site-packages/fast_lio/fast_lio_s__rosidl_typesupport_c.cpython-313-x86_64-linux-gnu.so" to ""
[41.475s] -- Installing: /home/lzt/m20pro/install/fast_lio/lib/libfast_lio__rosidl_generator_py.so
[41.475s] -- Set runtime path of "/home/lzt/m20pro/install/fast_lio/lib/libfast_lio__rosidl_generator_py.so" to ""
[41.475s] -- Installing: /home/lzt/m20pro/install/fast_lio/share/fast_lio/msg/Pose6D.idl
[41.475s] -- Installing: /home/lzt/m20pro/install/fast_lio/share/fast_lio/msg/Pose6D.msg
[41.475s] -- Installing: /home/lzt/m20pro/install/fast_lio/lib/fast_lio/fastlio_mapping
[41.477s] -- Set runtime path of "/home/lzt/m20pro/install/fast_lio/lib/fast_lio/fastlio_mapping" to ""
[41.477s] -- Installing: /home/lzt/m20pro/install/fast_lio/share/fast_lio/config
[41.477s] -- Installing: /home/lzt/m20pro/install/fast_lio/share/fast_lio/config/horizon.yaml
[41.477s] -- Installing: /home/lzt/m20pro/install/fast_lio/share/fast_lio/config/mid360.yaml
[41.477s] -- Installing: /home/lzt/m20pro/install/fast_lio/share/fast_lio/config/velodyne.yaml
[41.477s] -- Installing: /home/lzt/m20pro/install/fast_lio/share/fast_lio/config/avia.yaml
[41.477s] -- Installing: /home/lzt/m20pro/install/fast_lio/share/fast_lio/config/ouster64.yaml
[41.477s] -- Installing: /home/lzt/m20pro/install/fast_lio/share/fast_lio/launch
[41.477s] -- Installing: /home/lzt/m20pro/install/fast_lio/share/fast_lio/launch/mapping.launch.py
[41.477s] -- Installing: /home/lzt/m20pro/install/fast_lio/share/fast_lio/launch/gdb_debug_example.launch
[41.477s] -- Installing: /home/lzt/m20pro/install/fast_lio/share/fast_lio/rviz
[41.477s] -- Installing: /home/lzt/m20pro/install/fast_lio/share/fast_lio/rviz/fastlio.rviz
[41.477s] -- Installing: /home/lzt/m20pro/install/fast_lio/share/ament_index/resource_index/package_run_dependencies/fast_lio
[41.477s] -- Installing: /home/lzt/m20pro/install/fast_lio/share/ament_index/resource_index/parent_prefix_path/fast_lio
[41.477s] -- Installing: /home/lzt/m20pro/install/fast_lio/share/fast_lio/environment/ament_prefix_path.sh
[41.477s] -- Installing: /home/lzt/m20pro/install/fast_lio/share/fast_lio/environment/ament_prefix_path.dsv
[41.477s] -- Installing: /home/lzt/m20pro/install/fast_lio/share/fast_lio/environment/path.sh
[41.477s] -- Installing: /home/lzt/m20pro/install/fast_lio/share/fast_lio/environment/path.dsv
[41.478s] -- Installing: /home/lzt/m20pro/install/fast_lio/share/fast_lio/local_setup.bash
[41.478s] -- Installing: /home/lzt/m20pro/install/fast_lio/share/fast_lio/local_setup.sh
[41.478s] -- Installing: /home/lzt/m20pro/install/fast_lio/share/fast_lio/local_setup.zsh
[41.478s] -- Installing: /home/lzt/m20pro/install/fast_lio/share/fast_lio/local_setup.dsv
[41.478s] -- Installing: /home/lzt/m20pro/install/fast_lio/share/fast_lio/package.dsv
[41.478s] -- Installing: /home/lzt/m20pro/install/fast_lio/share/ament_index/resource_index/packages/fast_lio
[41.478s] -- Installing: /home/lzt/m20pro/install/fast_lio/share/fast_lio/cmake/export_fast_lio__rosidl_generator_cExport.cmake
[41.478s] -- Installing: /home/lzt/m20pro/install/fast_lio/share/fast_lio/cmake/export_fast_lio__rosidl_generator_cExport-release.cmake
[41.478s] -- Installing: /home/lzt/m20pro/install/fast_lio/share/fast_lio/cmake/export_fast_lio__rosidl_typesupport_fastrtps_cExport.cmake
[41.478s] -- Installing: /home/lzt/m20pro/install/fast_lio/share/fast_lio/cmake/export_fast_lio__rosidl_typesupport_fastrtps_cExport-release.cmake
[41.478s] -- Installing: /home/lzt/m20pro/install/fast_lio/share/fast_lio/cmake/export_fast_lio__rosidl_generator_cppExport.cmake
[41.478s] -- Installing: /home/lzt/m20pro/install/fast_lio/share/fast_lio/cmake/export_fast_lio__rosidl_typesupport_fastrtps_cppExport.cmake
[41.478s] -- Installing: /home/lzt/m20pro/install/fast_lio/share/fast_lio/cmake/export_fast_lio__rosidl_typesupport_fastrtps_cppExport-release.cmake
[41.478s] -- Installing: /home/lzt/m20pro/install/fast_lio/share/fast_lio/cmake/fast_lio__rosidl_typesupport_introspection_cExport.cmake
[41.479s] -- Installing: /home/lzt/m20pro/install/fast_lio/share/fast_lio/cmake/fast_lio__rosidl_typesupport_introspection_cExport-release.cmake
[41.479s] -- Installing: /home/lzt/m20pro/install/fast_lio/share/fast_lio/cmake/fast_lio__rosidl_typesupport_cExport.cmake
[41.479s] -- Installing: /home/lzt/m20pro/install/fast_lio/share/fast_lio/cmake/fast_lio__rosidl_typesupport_cExport-release.cmake
[41.479s] -- Installing: /home/lzt/m20pro/install/fast_lio/share/fast_lio/cmake/fast_lio__rosidl_typesupport_introspection_cppExport.cmake
[41.479s] -- Installing: /home/lzt/m20pro/install/fast_lio/share/fast_lio/cmake/fast_lio__rosidl_typesupport_introspection_cppExport-release.cmake
[41.479s] -- Installing: /home/lzt/m20pro/install/fast_lio/share/fast_lio/cmake/fast_lio__rosidl_typesupport_cppExport.cmake
[41.479s] -- Installing: /home/lzt/m20pro/install/fast_lio/share/fast_lio/cmake/fast_lio__rosidl_typesupport_cppExport-release.cmake
[41.479s] -- Installing: /home/lzt/m20pro/install/fast_lio/share/fast_lio/cmake/export_fast_lio__rosidl_generator_pyExport.cmake
[41.479s] -- Installing: /home/lzt/m20pro/install/fast_lio/share/fast_lio/cmake/export_fast_lio__rosidl_generator_pyExport-release.cmake
[41.479s] -- Installing: /home/lzt/m20pro/install/fast_lio/share/fast_lio/cmake/rosidl_cmake-extras.cmake
[41.479s] -- Installing: /home/lzt/m20pro/install/fast_lio/share/fast_lio/cmake/ament_cmake_export_include_directories-extras.cmake
[41.479s] -- Installing: /home/lzt/m20pro/install/fast_lio/share/fast_lio/cmake/ament_cmake_export_libraries-extras.cmake
[41.479s] -- Installing: /home/lzt/m20pro/install/fast_lio/share/fast_lio/cmake/ament_cmake_export_targets-extras.cmake
[41.479s] -- Installing: /home/lzt/m20pro/install/fast_lio/share/fast_lio/cmake/rosidl_cmake_export_typesupport_targets-extras.cmake
[41.479s] -- Installing: /home/lzt/m20pro/install/fast_lio/share/fast_lio/cmake/ament_cmake_export_dependencies-extras.cmake
[41.479s] -- Installing: /home/lzt/m20pro/install/fast_lio/share/fast_lio/cmake/rosidl_cmake_export_typesupport_libraries-extras.cmake
[41.480s] -- Installing: /home/lzt/m20pro/install/fast_lio/share/fast_lio/cmake/fast_lioConfig.cmake
[41.480s] -- Installing: /home/lzt/m20pro/install/fast_lio/share/fast_lio/cmake/fast_lioConfig-version.cmake
[41.480s] -- Installing: /home/lzt/m20pro/install/fast_lio/share/fast_lio/package.xml
[41.482s] Invoked command in '/home/lzt/m20pro/build/fast_lio' returned '0': AMENT_PREFIX_PATH=/home/lzt/m20pro/install/livox_ros_driver2:${AMENT_PREFIX_PATH} CMAKE_PREFIX_PATH=/home/lzt/m20pro/install/livox_ros_driver2:/opt/ros/humble CONDA_PROMPT_MODIFIER=(base) LD_LIBRARY_PATH=/home/lzt/m20pro/install/livox_ros_driver2/lib:${LD_LIBRARY_PATH} PYTHONPATH=/home/lzt/m20pro/install/livox_ros_driver2/lib/python3.13/site-packages:${PYTHONPATH} /usr/bin/cmake --install /home/lzt/m20pro/build/fast_lio
