[0.072s] DEBUG:colcon:Command line arguments: ['/usr/bin/colcon', 'build', '--packages-select', 'lidar_camera_calib']
[0.073s] DEBUG:colcon:Parsed command line arguments: Namespace(log_base=None, log_level=None, verb_name='build', build_base='build', install_base='install', merge_install=False, symlink_install=False, test_result_base=None, continue_on_error=False, executor='parallel', parallel_workers=20, event_handlers=None, ignore_user_meta=False, metas=['./colcon.meta'], base_paths=['.'], packages_ignore=None, packages_ignore_regex=None, paths=None, packages_up_to=None, packages_up_to_regex=None, packages_above=None, packages_above_and_dependencies=None, packages_above_depth=None, packages_select_by_dep=None, packages_skip_by_dep=None, packages_skip_up_to=None, packages_select_build_failed=False, packages_skip_build_finished=False, packages_select_test_failures=False, packages_skip_test_passed=False, packages_select=['lidar_camera_calib'], packages_skip=None, packages_select_regex=None, packages_skip_regex=None, packages_start=None, packages_end=None, allow_overriding=[], cmake_args=None, cmake_target=None, cmake_target_skip_unavailable=False, cmake_clean_cache=False, cmake_clean_first=False, cmake_force_configure=False, ament_cmake_args=None, catkin_cmake_args=None, catkin_skip_building_tests=False, verb_parser=<colcon_defaults.argument_parser.defaults.DefaultArgumentsDecorator object at 0x7e34debafcd0>, verb_extension=<colcon_core.verb.build.BuildVerb object at 0x7e34debaf3d0>, main=<bound method BuildVerb.main of <colcon_core.verb.build.BuildVerb object at 0x7e34debaf3d0>>)
[0.191s] Level 1:colcon.colcon_core.package_discovery:discover_packages(colcon_meta) check parameters
[0.191s] Level 1:colcon.colcon_core.package_discovery:discover_packages(recursive) check parameters
[0.191s] Level 1:colcon.colcon_core.package_discovery:discover_packages(ignore) check parameters
[0.191s] Level 1:colcon.colcon_core.package_discovery:discover_packages(path) check parameters
[0.191s] Level 1:colcon.colcon_core.package_discovery:discover_packages(colcon_meta) discover
[0.191s] Level 1:colcon.colcon_core.package_discovery:discover_packages(recursive) discover
[0.191s] INFO:colcon.colcon_core.package_discovery:Crawling recursively for packages in '/home/lzt/m20pro'
[0.191s] Level 1:colcon.colcon_core.package_identification:_identify(.) by extensions ['ignore', 'ignore_ament_install']
[0.191s] Level 1:colcon.colcon_core.package_identification:_identify(.) by extension 'ignore'
[0.191s] Level 1:colcon.colcon_core.package_identification:_identify(.) by extension 'ignore_ament_install'
[0.191s] Level 1:colcon.colcon_core.package_identification:_identify(.) by extensions ['colcon_pkg']
[0.191s] Level 1:colcon.colcon_core.package_identification:_identify(.) by extension 'colcon_pkg'
[0.191s] Level 1:colcon.colcon_core.package_identification:_identify(.) by extensions ['colcon_meta']
[0.191s] Level 1:colcon.colcon_core.package_identification:_identify(.) by extension 'colcon_meta'
[0.191s] Level 1:colcon.colcon_core.package_identification:_identify(.) by extensions ['ros']
[0.191s] Level 1:colcon.colcon_core.package_identification:_identify(.) by extension 'ros'
[0.199s] Level 1:colcon.colcon_core.package_identification:_identify(.) by extensions ['cmake', 'python']
[0.199s] Level 1:colcon.colcon_core.package_identification:_identify(.) by extension 'cmake'
[0.199s] Level 1:colcon.colcon_core.package_identification:_identify(.) by extension 'python'
[0.200s] Level 1:colcon.colcon_core.package_identification:_identify(.) by extensions ['python_setup_py']
[0.200s] Level 1:colcon.colcon_core.package_identification:_identify(.) by extension 'python_setup_py'
[0.200s] Level 1:colcon.colcon_core.package_identification:_identify(__pycache__) by extensions ['ignore', 'ignore_ament_install']
[0.200s] Level 1:colcon.colcon_core.package_identification:_identify(__pycache__) by extension 'ignore'
[0.200s] Level 1:colcon.colcon_core.package_identification:_identify(__pycache__) by extension 'ignore_ament_install'
[0.200s] Level 1:colcon.colcon_core.package_identification:_identify(__pycache__) by extensions ['colcon_pkg']
[0.200s] Level 1:colcon.colcon_core.package_identification:_identify(__pycache__) by extension 'colcon_pkg'
[0.200s] Level 1:colcon.colcon_core.package_identification:_identify(__pycache__) by extensions ['colcon_meta']
[0.200s] Level 1:colcon.colcon_core.package_identification:_identify(__pycache__) by extension 'colcon_meta'
[0.200s] Level 1:colcon.colcon_core.package_identification:_identify(__pycache__) by extensions ['ros']
[0.200s] Level 1:colcon.colcon_core.package_identification:_identify(__pycache__) by extension 'ros'
[0.200s] Level 1:colcon.colcon_core.package_identification:_identify(__pycache__) by extensions ['cmake', 'python']
[0.200s] Level 1:colcon.colcon_core.package_identification:_identify(__pycache__) by extension 'cmake'
[0.200s] Level 1:colcon.colcon_core.package_identification:_identify(__pycache__) by extension 'python'
[0.200s] Level 1:colcon.colcon_core.package_identification:_identify(__pycache__) by extensions ['python_setup_py']
[0.200s] Level 1:colcon.colcon_core.package_identification:_identify(__pycache__) by extension 'python_setup_py'
[0.200s] Level 1:colcon.colcon_core.package_identification:_identify(build) by extensions ['ignore', 'ignore_ament_install']
[0.200s] Level 1:colcon.colcon_core.package_identification:_identify(build) by extension 'ignore'
[0.200s] Level 1:colcon.colcon_core.package_identification:_identify(build) ignored
[0.200s] Level 1:colcon.colcon_core.package_identification:_identify(calib_data) by extensions ['ignore', 'ignore_ament_install']
[0.200s] Level 1:colcon.colcon_core.package_identification:_identify(calib_data) by extension 'ignore'
[0.200s] Level 1:colcon.colcon_core.package_identification:_identify(calib_data) by extension 'ignore_ament_install'
[0.200s] Level 1:colcon.colcon_core.package_identification:_identify(calib_data) by extensions ['colcon_pkg']
[0.200s] Level 1:colcon.colcon_core.package_identification:_identify(calib_data) by extension 'colcon_pkg'
[0.200s] Level 1:colcon.colcon_core.package_identification:_identify(calib_data) by extensions ['colcon_meta']
[0.200s] Level 1:colcon.colcon_core.package_identification:_identify(calib_data) by extension 'colcon_meta'
[0.200s] Level 1:colcon.colcon_core.package_identification:_identify(calib_data) by extensions ['ros']
[0.200s] Level 1:colcon.colcon_core.package_identification:_identify(calib_data) by extension 'ros'
[0.200s] Level 1:colcon.colcon_core.package_identification:_identify(calib_data) by extensions ['cmake', 'python']
[0.200s] Level 1:colcon.colcon_core.package_identification:_identify(calib_data) by extension 'cmake'
[0.200s] Level 1:colcon.colcon_core.package_identification:_identify(calib_data) by extension 'python'
[0.200s] Level 1:colcon.colcon_core.package_identification:_identify(calib_data) by extensions ['python_setup_py']
[0.200s] Level 1:colcon.colcon_core.package_identification:_identify(calib_data) by extension 'python_setup_py'
[0.201s] Level 1:colcon.colcon_core.package_identification:_identify(calib_data/results) by extensions ['ignore', 'ignore_ament_install']
[0.201s] Level 1:colcon.colcon_core.package_identification:_identify(calib_data/results) by extension 'ignore'
[0.201s] Level 1:colcon.colcon_core.package_identification:_identify(calib_data/results) by extension 'ignore_ament_install'
[0.201s] Level 1:colcon.colcon_core.package_identification:_identify(calib_data/results) by extensions ['colcon_pkg']
[0.201s] Level 1:colcon.colcon_core.package_identification:_identify(calib_data/results) by extension 'colcon_pkg'
[0.201s] Level 1:colcon.colcon_core.package_identification:_identify(calib_data/results) by extensions ['colcon_meta']
[0.201s] Level 1:colcon.colcon_core.package_identification:_identify(calib_data/results) by extension 'colcon_meta'
[0.201s] Level 1:colcon.colcon_core.package_identification:_identify(calib_data/results) by extensions ['ros']
[0.201s] Level 1:colcon.colcon_core.package_identification:_identify(calib_data/results) by extension 'ros'
[0.201s] Level 1:colcon.colcon_core.package_identification:_identify(calib_data/results) by extensions ['cmake', 'python']
[0.201s] Level 1:colcon.colcon_core.package_identification:_identify(calib_data/results) by extension 'cmake'
[0.201s] Level 1:colcon.colcon_core.package_identification:_identify(calib_data/results) by extension 'python'
[0.201s] Level 1:colcon.colcon_core.package_identification:_identify(calib_data/results) by extensions ['python_setup_py']
[0.201s] Level 1:colcon.colcon_core.package_identification:_identify(calib_data/results) by extension 'python_setup_py'
[0.201s] Level 1:colcon.colcon_core.package_identification:_identify(install) by extensions ['ignore', 'ignore_ament_install']
[0.201s] Level 1:colcon.colcon_core.package_identification:_identify(install) by extension 'ignore'
[0.201s] Level 1:colcon.colcon_core.package_identification:_identify(install) ignored
[0.201s] Level 1:colcon.colcon_core.package_identification:_identify(log) by extensions ['ignore', 'ignore_ament_install']
[0.201s] Level 1:colcon.colcon_core.package_identification:_identify(log) by extension 'ignore'
[0.201s] Level 1:colcon.colcon_core.package_identification:_identify(log) ignored
[0.201s] Level 1:colcon.colcon_core.package_identification:_identify(src) by extensions ['ignore', 'ignore_ament_install']
[0.201s] Level 1:colcon.colcon_core.package_identification:_identify(src) by extension 'ignore'
[0.201s] Level 1:colcon.colcon_core.package_identification:_identify(src) by extension 'ignore_ament_install'
[0.201s] Level 1:colcon.colcon_core.package_identification:_identify(src) by extensions ['colcon_pkg']
[0.201s] Level 1:colcon.colcon_core.package_identification:_identify(src) by extension 'colcon_pkg'
[0.201s] Level 1:colcon.colcon_core.package_identification:_identify(src) by extensions ['colcon_meta']
[0.201s] Level 1:colcon.colcon_core.package_identification:_identify(src) by extension 'colcon_meta'
[0.201s] Level 1:colcon.colcon_core.package_identification:_identify(src) by extensions ['ros']
[0.201s] Level 1:colcon.colcon_core.package_identification:_identify(src) by extension 'ros'
[0.201s] Level 1:colcon.colcon_core.package_identification:_identify(src) by extensions ['cmake', 'python']
[0.201s] Level 1:colcon.colcon_core.package_identification:_identify(src) by extension 'cmake'
[0.201s] Level 1:colcon.colcon_core.package_identification:_identify(src) by extension 'python'
[0.201s] Level 1:colcon.colcon_core.package_identification:_identify(src) by extensions ['python_setup_py']
[0.201s] Level 1:colcon.colcon_core.package_identification:_identify(src) by extension 'python_setup_py'
[0.202s] Level 1:colcon.colcon_core.package_identification:_identify(src/FAST_LIO) by extensions ['ignore', 'ignore_ament_install']
[0.202s] Level 1:colcon.colcon_core.package_identification:_identify(src/FAST_LIO) by extension 'ignore'
[0.202s] Level 1:colcon.colcon_core.package_identification:_identify(src/FAST_LIO) by extension 'ignore_ament_install'
[0.202s] Level 1:colcon.colcon_core.package_identification:_identify(src/FAST_LIO) by extensions ['colcon_pkg']
[0.202s] Level 1:colcon.colcon_core.package_identification:_identify(src/FAST_LIO) by extension 'colcon_pkg'
[0.202s] Level 1:colcon.colcon_core.package_identification:_identify(src/FAST_LIO) by extensions ['colcon_meta']
[0.202s] Level 1:colcon.colcon_core.package_identification:_identify(src/FAST_LIO) by extension 'colcon_meta'
[0.202s] Level 1:colcon.colcon_core.package_identification:_identify(src/FAST_LIO) by extensions ['ros']
[0.202s] Level 1:colcon.colcon_core.package_identification:_identify(src/FAST_LIO) by extension 'ros'
[0.204s] DEBUG:colcon.colcon_core.package_identification:Package 'src/FAST_LIO' with type 'ros.ament_cmake' and name 'fast_lio'
[0.204s] Level 1:colcon.colcon_core.package_identification:_identify(src/Livox-SDK2) by extensions ['ignore', 'ignore_ament_install']
[0.204s] Level 1:colcon.colcon_core.package_identification:_identify(src/Livox-SDK2) by extension 'ignore'
[0.204s] Level 1:colcon.colcon_core.package_identification:_identify(src/Livox-SDK2) by extension 'ignore_ament_install'
[0.204s] Level 1:colcon.colcon_core.package_identification:_identify(src/Livox-SDK2) by extensions ['colcon_pkg']
[0.204s] Level 1:colcon.colcon_core.package_identification:_identify(src/Livox-SDK2) by extension 'colcon_pkg'
[0.204s] Level 1:colcon.colcon_core.package_identification:_identify(src/Livox-SDK2) by extensions ['colcon_meta']
[0.204s] Level 1:colcon.colcon_core.package_identification:_identify(src/Livox-SDK2) by extension 'colcon_meta'
[0.204s] Level 1:colcon.colcon_core.package_identification:_identify(src/Livox-SDK2) by extensions ['ros']
[0.204s] Level 1:colcon.colcon_core.package_identification:_identify(src/Livox-SDK2) by extension 'ros'
[0.204s] Level 1:colcon.colcon_core.package_identification:_identify(src/Livox-SDK2) by extensions ['cmake', 'python']
[0.204s] Level 1:colcon.colcon_core.package_identification:_identify(src/Livox-SDK2) by extension 'cmake'
[0.211s] Level 1:colcon.colcon_core.package_identification:_identify(src/Livox-SDK2) by extension 'python'
[0.211s] DEBUG:colcon.colcon_core.package_identification:Package 'src/Livox-SDK2' with type 'cmake' and name 'livox_sdk2'
[0.211s] Level 1:colcon.colcon_core.package_identification:_identify(src/lidar_camera_calib) by extensions ['ignore', 'ignore_ament_install']
[0.211s] Level 1:colcon.colcon_core.package_identification:_identify(src/lidar_camera_calib) by extension 'ignore'
[0.211s] Level 1:colcon.colcon_core.package_identification:_identify(src/lidar_camera_calib) by extension 'ignore_ament_install'
[0.211s] Level 1:colcon.colcon_core.package_identification:_identify(src/lidar_camera_calib) by extensions ['colcon_pkg']
[0.211s] Level 1:colcon.colcon_core.package_identification:_identify(src/lidar_camera_calib) by extension 'colcon_pkg'
[0.211s] Level 1:colcon.colcon_core.package_identification:_identify(src/lidar_camera_calib) by extensions ['colcon_meta']
[0.211s] Level 1:colcon.colcon_core.package_identification:_identify(src/lidar_camera_calib) by extension 'colcon_meta'
[0.211s] Level 1:colcon.colcon_core.package_identification:_identify(src/lidar_camera_calib) by extensions ['ros']
[0.211s] Level 1:colcon.colcon_core.package_identification:_identify(src/lidar_camera_calib) by extension 'ros'
[0.212s] DEBUG:colcon.colcon_core.package_identification:Package 'src/lidar_camera_calib' with type 'ros.ament_cmake' and name 'lidar_camera_calib'
[0.212s] Level 1:colcon.colcon_core.package_identification:_identify(src/livox_ros_driver2) by extensions ['ignore', 'ignore_ament_install']
[0.212s] Level 1:colcon.colcon_core.package_identification:_identify(src/livox_ros_driver2) by extension 'ignore'
[0.212s] Level 1:colcon.colcon_core.package_identification:_identify(src/livox_ros_driver2) by extension 'ignore_ament_install'
[0.212s] Level 1:colcon.colcon_core.package_identification:_identify(src/livox_ros_driver2) by extensions ['colcon_pkg']
[0.212s] Level 1:colcon.colcon_core.package_identification:_identify(src/livox_ros_driver2) by extension 'colcon_pkg'
[0.212s] Level 1:colcon.colcon_core.package_identification:_identify(src/livox_ros_driver2) by extensions ['colcon_meta']
[0.212s] Level 1:colcon.colcon_core.package_identification:_identify(src/livox_ros_driver2) by extension 'colcon_meta'
[0.212s] Level 1:colcon.colcon_core.package_identification:_identify(src/livox_ros_driver2) by extensions ['ros']
[0.212s] Level 1:colcon.colcon_core.package_identification:_identify(src/livox_ros_driver2) by extension 'ros'
[0.213s] DEBUG:colcon.colcon_core.package_identification:Package 'src/livox_ros_driver2' with type 'ros.ament_cmake' and name 'livox_ros_driver2'
[0.213s] Level 1:colcon.colcon_core.package_discovery:discover_packages(recursive) using defaults
[0.213s] Level 1:colcon.colcon_core.package_discovery:discover_packages(ignore) discover
[0.213s] Level 1:colcon.colcon_core.package_discovery:discover_packages(ignore) using defaults
[0.213s] Level 1:colcon.colcon_core.package_discovery:discover_packages(path) discover
[0.213s] Level 1:colcon.colcon_core.package_discovery:discover_packages(path) using defaults
[0.235s] INFO:colcon.colcon_core.package_selection:Skipping not selected package 'livox_ros_driver2' in 'src/livox_ros_driver2'
[0.235s] INFO:colcon.colcon_core.package_selection:Skipping not selected package 'livox_sdk2' in 'src/Livox-SDK2'
[0.235s] INFO:colcon.colcon_core.package_selection:Skipping not selected package 'fast_lio' in 'src/FAST_LIO'
[0.235s] Level 1:colcon.colcon_core.package_discovery:discover_packages(prefix_path) check parameters
[0.235s] Level 1:colcon.colcon_core.package_discovery:discover_packages(prefix_path) discover
[0.236s] DEBUG:colcon.colcon_installed_package_information.package_discovery:Found 4 installed packages in /home/lzt/m20pro/install
[0.237s] DEBUG:colcon.colcon_installed_package_information.package_discovery:Found 353 installed packages in /opt/ros/humble
[0.238s] Level 1:colcon.colcon_core.package_discovery:discover_packages(prefix_path) using defaults
[0.265s] Level 5:colcon.colcon_core.verb:set package 'lidar_camera_calib' build argument 'cmake_args' from command line to 'None'
[0.265s] Level 5:colcon.colcon_core.verb:set package 'lidar_camera_calib' build argument 'cmake_target' from command line to 'None'
[0.265s] Level 5:colcon.colcon_core.verb:set package 'lidar_camera_calib' build argument 'cmake_target_skip_unavailable' from command line to 'False'
[0.265s] Level 5:colcon.colcon_core.verb:set package 'lidar_camera_calib' build argument 'cmake_clean_cache' from command line to 'False'
[0.265s] Level 5:colcon.colcon_core.verb:set package 'lidar_camera_calib' build argument 'cmake_clean_first' from command line to 'False'
[0.265s] Level 5:colcon.colcon_core.verb:set package 'lidar_camera_calib' build argument 'cmake_force_configure' from command line to 'False'
[0.265s] Level 5:colcon.colcon_core.verb:set package 'lidar_camera_calib' build argument 'ament_cmake_args' from command line to 'None'
[0.265s] Level 5:colcon.colcon_core.verb:set package 'lidar_camera_calib' build argument 'catkin_cmake_args' from command line to 'None'
[0.265s] Level 5:colcon.colcon_core.verb:set package 'lidar_camera_calib' build argument 'catkin_skip_building_tests' from command line to 'False'
[0.265s] DEBUG:colcon.colcon_core.verb:Building package 'lidar_camera_calib' with the following arguments: {'ament_cmake_args': None, 'build_base': '/home/lzt/m20pro/build/lidar_camera_calib', 'catkin_cmake_args': None, 'catkin_skip_building_tests': False, 'cmake_args': None, 'cmake_clean_cache': False, 'cmake_clean_first': False, 'cmake_force_configure': False, 'cmake_target': None, 'cmake_target_skip_unavailable': False, 'install_base': '/home/lzt/m20pro/install/lidar_camera_calib', 'merge_install': False, 'path': '/home/lzt/m20pro/src/lidar_camera_calib', 'symlink_install': False, 'test_result_base': None}
[0.265s] INFO:colcon.colcon_core.executor:Executing jobs using 'parallel' executor
[0.266s] DEBUG:colcon.colcon_parallel_executor.executor.parallel:run_until_complete
[0.266s] INFO:colcon.colcon_ros.task.ament_cmake.build:Building ROS package in '/home/lzt/m20pro/src/lidar_camera_calib' with build type 'ament_cmake'
[0.266s] INFO:colcon.colcon_cmake.task.cmake.build:Building CMake package in '/home/lzt/m20pro/src/lidar_camera_calib'
[0.268s] INFO:colcon.colcon_core.plugin_system:Skipping extension 'colcon_core.shell.bat': Not used on non-Windows systems
[0.268s] INFO:colcon.colcon_core.shell:Skip shell extension 'powershell' for command environment: Not usable outside of PowerShell
[0.268s] DEBUG:colcon.colcon_core.shell:Skip shell extension 'dsv' for command environment
[0.276s] DEBUG:colcon.colcon_core.event_handler.log_command:Invoking command in '/home/lzt/m20pro/build/lidar_camera_calib': CMAKE_PREFIX_PATH=${CMAKE_PREFIX_PATH}:/opt/ros/humble /usr/bin/cmake --build /home/lzt/m20pro/build/lidar_camera_calib -- -j20 -l20
[0.391s] DEBUG:colcon.colcon_core.event_handler.log_command:Invoked command in '/home/lzt/m20pro/build/lidar_camera_calib' returned '0': CMAKE_PREFIX_PATH=${CMAKE_PREFIX_PATH}:/opt/ros/humble /usr/bin/cmake --build /home/lzt/m20pro/build/lidar_camera_calib -- -j20 -l20
[0.400s] DEBUG:colcon.colcon_core.event_handler.log_command:Invoking command in '/home/lzt/m20pro/build/lidar_camera_calib': CMAKE_PREFIX_PATH=${CMAKE_PREFIX_PATH}:/opt/ros/humble /usr/bin/cmake --install /home/lzt/m20pro/build/lidar_camera_calib
[0.408s] Level 1:colcon.colcon_core.environment:create_environment_scripts_only(lidar_camera_calib)
[0.408s] DEBUG:colcon.colcon_core.event_handler.log_command:Invoked command in '/home/lzt/m20pro/build/lidar_camera_calib' returned '0': CMAKE_PREFIX_PATH=${CMAKE_PREFIX_PATH}:/opt/ros/humble /usr/bin/cmake --install /home/lzt/m20pro/build/lidar_camera_calib
[0.410s] Level 1:colcon.colcon_core.environment:checking '/home/lzt/m20pro/install/lidar_camera_calib' for CMake module files
[0.410s] Level 1:colcon.colcon_core.environment:checking '/home/lzt/m20pro/install/lidar_camera_calib' for CMake config files
[0.410s] Level 1:colcon.colcon_core.shell:create_environment_hook('lidar_camera_calib', 'cmake_prefix_path')
[0.410s] INFO:colcon.colcon_core.shell:Creating environment hook '/home/lzt/m20pro/install/lidar_camera_calib/share/lidar_camera_calib/hook/cmake_prefix_path.ps1'
[0.410s] INFO:colcon.colcon_core.shell:Creating environment descriptor '/home/lzt/m20pro/install/lidar_camera_calib/share/lidar_camera_calib/hook/cmake_prefix_path.dsv'
[0.411s] INFO:colcon.colcon_core.shell:Creating environment hook '/home/lzt/m20pro/install/lidar_camera_calib/share/lidar_camera_calib/hook/cmake_prefix_path.sh'
[0.411s] Level 1:colcon.colcon_core.environment:checking '/home/lzt/m20pro/install/lidar_camera_calib/lib'
[0.411s] Level 1:colcon.colcon_core.environment:checking '/home/lzt/m20pro/install/lidar_camera_calib/bin'
[0.411s] Level 1:colcon.colcon_core.shell:create_environment_hook('lidar_camera_calib', 'path')
[0.411s] INFO:colcon.colcon_core.shell:Creating environment hook '/home/lzt/m20pro/install/lidar_camera_calib/share/lidar_camera_calib/hook/path.ps1'
[0.412s] INFO:colcon.colcon_core.shell:Creating environment descriptor '/home/lzt/m20pro/install/lidar_camera_calib/share/lidar_camera_calib/hook/path.dsv'
[0.412s] INFO:colcon.colcon_core.shell:Creating environment hook '/home/lzt/m20pro/install/lidar_camera_calib/share/lidar_camera_calib/hook/path.sh'
[0.412s] Level 1:colcon.colcon_core.environment:checking '/home/lzt/m20pro/install/lidar_camera_calib/lib/pkgconfig/lidar_camera_calib.pc'
[0.412s] Level 1:colcon.colcon_core.environment:checking '/home/lzt/m20pro/install/lidar_camera_calib/lib/python3.10/site-packages'
[0.412s] Level 1:colcon.colcon_core.environment:checking '/home/lzt/m20pro/install/lidar_camera_calib/bin'
[0.412s] Level 1:colcon.colcon_core.shell:create_environment_hook('lidar_camera_calib', 'pythonscriptspath')
[0.412s] INFO:colcon.colcon_core.shell:Creating environment hook '/home/lzt/m20pro/install/lidar_camera_calib/share/lidar_camera_calib/hook/pythonscriptspath.ps1'
[0.413s] INFO:colcon.colcon_core.shell:Creating environment descriptor '/home/lzt/m20pro/install/lidar_camera_calib/share/lidar_camera_calib/hook/pythonscriptspath.dsv'
[0.413s] INFO:colcon.colcon_core.shell:Creating environment hook '/home/lzt/m20pro/install/lidar_camera_calib/share/lidar_camera_calib/hook/pythonscriptspath.sh'
[0.413s] INFO:colcon.colcon_core.shell:Creating package script '/home/lzt/m20pro/install/lidar_camera_calib/share/lidar_camera_calib/package.ps1'
[0.414s] INFO:colcon.colcon_core.shell:Creating package descriptor '/home/lzt/m20pro/install/lidar_camera_calib/share/lidar_camera_calib/package.dsv'
[0.414s] INFO:colcon.colcon_core.shell:Creating package script '/home/lzt/m20pro/install/lidar_camera_calib/share/lidar_camera_calib/package.sh'
[0.414s] INFO:colcon.colcon_core.shell:Creating package script '/home/lzt/m20pro/install/lidar_camera_calib/share/lidar_camera_calib/package.bash'
[0.415s] INFO:colcon.colcon_core.shell:Creating package script '/home/lzt/m20pro/install/lidar_camera_calib/share/lidar_camera_calib/package.zsh'
[0.415s] Level 1:colcon.colcon_core.environment:create_file_with_runtime_dependencies(/home/lzt/m20pro/install/lidar_camera_calib/share/colcon-core/packages/lidar_camera_calib)
[0.415s] Level 1:colcon.colcon_core.environment:create_environment_scripts_only(lidar_camera_calib)
[0.416s] Level 1:colcon.colcon_core.environment:checking '/home/lzt/m20pro/install/lidar_camera_calib' for CMake module files
[0.416s] Level 1:colcon.colcon_core.environment:checking '/home/lzt/m20pro/install/lidar_camera_calib' for CMake config files
[0.416s] Level 1:colcon.colcon_core.shell:create_environment_hook('lidar_camera_calib', 'cmake_prefix_path')
[0.416s] INFO:colcon.colcon_core.shell:Creating environment hook '/home/lzt/m20pro/install/lidar_camera_calib/share/lidar_camera_calib/hook/cmake_prefix_path.ps1'
[0.416s] INFO:colcon.colcon_core.shell:Creating environment descriptor '/home/lzt/m20pro/install/lidar_camera_calib/share/lidar_camera_calib/hook/cmake_prefix_path.dsv'
[0.416s] INFO:colcon.colcon_core.shell:Creating environment hook '/home/lzt/m20pro/install/lidar_camera_calib/share/lidar_camera_calib/hook/cmake_prefix_path.sh'
[0.417s] Level 1:colcon.colcon_core.environment:checking '/home/lzt/m20pro/install/lidar_camera_calib/lib'
[0.417s] Level 1:colcon.colcon_core.environment:checking '/home/lzt/m20pro/install/lidar_camera_calib/bin'
[0.417s] Level 1:colcon.colcon_core.shell:create_environment_hook('lidar_camera_calib', 'path')
[0.417s] INFO:colcon.colcon_core.shell:Creating environment hook '/home/lzt/m20pro/install/lidar_camera_calib/share/lidar_camera_calib/hook/path.ps1'
[0.417s] INFO:colcon.colcon_core.shell:Creating environment descriptor '/home/lzt/m20pro/install/lidar_camera_calib/share/lidar_camera_calib/hook/path.dsv'
[0.417s] INFO:colcon.colcon_core.shell:Creating environment hook '/home/lzt/m20pro/install/lidar_camera_calib/share/lidar_camera_calib/hook/path.sh'
[0.417s] Level 1:colcon.colcon_core.environment:checking '/home/lzt/m20pro/install/lidar_camera_calib/lib/pkgconfig/lidar_camera_calib.pc'
[0.417s] Level 1:colcon.colcon_core.environment:checking '/home/lzt/m20pro/install/lidar_camera_calib/lib/python3.10/site-packages'
[0.418s] Level 1:colcon.colcon_core.environment:checking '/home/lzt/m20pro/install/lidar_camera_calib/bin'
[0.418s] Level 1:colcon.colcon_core.shell:create_environment_hook('lidar_camera_calib', 'pythonscriptspath')
[0.418s] INFO:colcon.colcon_core.shell:Creating environment hook '/home/lzt/m20pro/install/lidar_camera_calib/share/lidar_camera_calib/hook/pythonscriptspath.ps1'
[0.418s] INFO:colcon.colcon_core.shell:Creating environment descriptor '/home/lzt/m20pro/install/lidar_camera_calib/share/lidar_camera_calib/hook/pythonscriptspath.dsv'
[0.418s] INFO:colcon.colcon_core.shell:Creating environment hook '/home/lzt/m20pro/install/lidar_camera_calib/share/lidar_camera_calib/hook/pythonscriptspath.sh'
[0.419s] INFO:colcon.colcon_core.shell:Creating package script '/home/lzt/m20pro/install/lidar_camera_calib/share/lidar_camera_calib/package.ps1'
[0.419s] INFO:colcon.colcon_core.shell:Creating package descriptor '/home/lzt/m20pro/install/lidar_camera_calib/share/lidar_camera_calib/package.dsv'
[0.419s] INFO:colcon.colcon_core.shell:Creating package script '/home/lzt/m20pro/install/lidar_camera_calib/share/lidar_camera_calib/package.sh'
[0.419s] INFO:colcon.colcon_core.shell:Creating package script '/home/lzt/m20pro/install/lidar_camera_calib/share/lidar_camera_calib/package.bash'
[0.420s] INFO:colcon.colcon_core.shell:Creating package script '/home/lzt/m20pro/install/lidar_camera_calib/share/lidar_camera_calib/package.zsh'
[0.420s] Level 1:colcon.colcon_core.environment:create_file_with_runtime_dependencies(/home/lzt/m20pro/install/lidar_camera_calib/share/colcon-core/packages/lidar_camera_calib)
[0.420s] DEBUG:colcon.colcon_parallel_executor.executor.parallel:closing loop
[0.420s] DEBUG:colcon.colcon_parallel_executor.executor.parallel:loop closed
[0.420s] DEBUG:colcon.colcon_parallel_executor.executor.parallel:run_until_complete finished with '0'
[0.420s] DEBUG:colcon.colcon_core.event_reactor:joining thread
[0.423s] INFO:colcon.colcon_core.plugin_system:Skipping extension 'colcon_notification.desktop_notification.terminal_notifier': Not used on non-Darwin systems
[0.423s] INFO:colcon.colcon_core.plugin_system:Skipping extension 'colcon_notification.desktop_notification.win32': Not used on non-Windows systems
[0.424s] INFO:colcon.colcon_notification.desktop_notification:Sending desktop notification using 'notify2'
[0.431s] DEBUG:colcon.colcon_core.event_reactor:joined thread
[0.431s] INFO:colcon.colcon_core.shell:Creating prefix script '/home/lzt/m20pro/install/local_setup.ps1'
[0.432s] INFO:colcon.colcon_core.shell:Creating prefix util module '/home/lzt/m20pro/install/_local_setup_util_ps1.py'
[0.432s] INFO:colcon.colcon_core.shell:Creating prefix chain script '/home/lzt/m20pro/install/setup.ps1'
[0.433s] INFO:colcon.colcon_core.shell:Creating prefix script '/home/lzt/m20pro/install/local_setup.sh'
[0.433s] INFO:colcon.colcon_core.shell:Creating prefix util module '/home/lzt/m20pro/install/_local_setup_util_sh.py'
[0.434s] INFO:colcon.colcon_core.shell:Creating prefix chain script '/home/lzt/m20pro/install/setup.sh'
[0.434s] INFO:colcon.colcon_core.shell:Creating prefix script '/home/lzt/m20pro/install/local_setup.bash'
[0.435s] INFO:colcon.colcon_core.shell:Creating prefix chain script '/home/lzt/m20pro/install/setup.bash'
[0.435s] INFO:colcon.colcon_core.shell:Creating prefix script '/home/lzt/m20pro/install/local_setup.zsh'
[0.435s] INFO:colcon.colcon_core.shell:Creating prefix chain script '/home/lzt/m20pro/install/setup.zsh'
