[0.136s] DEBUG:colcon:Command line arguments: ['/usr/bin/colcon', 'build', '--cmake-args', '-DROS_EDITION=ROS2', '-DDISTRO_ROS=humble']
[0.136s] DEBUG:colcon:Parsed command line arguments: Namespace(log_base=None, log_level=None, verb_name='build', build_base='build', install_base='install', merge_install=False, symlink_install=False, test_result_base=None, continue_on_error=False, executor='parallel', parallel_workers=20, event_handlers=None, ignore_user_meta=False, metas=['./colcon.meta'], base_paths=['.'], packages_ignore=None, packages_ignore_regex=None, paths=None, packages_up_to=None, packages_up_to_regex=None, packages_above=None, packages_above_and_dependencies=None, packages_above_depth=None, packages_select_by_dep=None, packages_skip_by_dep=None, packages_skip_up_to=None, packages_select_build_failed=False, packages_skip_build_finished=False, packages_select_test_failures=False, packages_skip_test_passed=False, packages_select=None, packages_skip=None, packages_select_regex=None, packages_skip_regex=None, packages_start=None, packages_end=None, allow_overriding=[], cmake_args=['-DROS_EDITION=ROS2', '-DDISTRO_ROS=humble'], cmake_target=None, cmake_target_skip_unavailable=False, cmake_clean_cache=False, cmake_clean_first=False, cmake_force_configure=False, ament_cmake_args=None, catkin_cmake_args=None, catkin_skip_building_tests=False, verb_parser=<colcon_defaults.argument_parser.defaults.DefaultArgumentsDecorator object at 0x7d3a4da438b0>, verb_extension=<colcon_core.verb.build.BuildVerb object at 0x7d3a4da42fb0>, main=<bound method BuildVerb.main of <colcon_core.verb.build.BuildVerb object at 0x7d3a4da42fb0>>)
[0.279s] Level 1:colcon.colcon_core.package_discovery:discover_packages(colcon_meta) check parameters
[0.279s] Level 1:colcon.colcon_core.package_discovery:discover_packages(recursive) check parameters
[0.279s] Level 1:colcon.colcon_core.package_discovery:discover_packages(ignore) check parameters
[0.279s] Level 1:colcon.colcon_core.package_discovery:discover_packages(path) check parameters
[0.279s] Level 1:colcon.colcon_core.package_discovery:discover_packages(colcon_meta) discover
[0.279s] Level 1:colcon.colcon_core.package_discovery:discover_packages(recursive) discover
[0.279s] INFO:colcon.colcon_core.package_discovery:Crawling recursively for packages in '/home/lzt/m20pro'
[0.279s] Level 1:colcon.colcon_core.package_identification:_identify(.) by extensions ['ignore', 'ignore_ament_install']
[0.279s] Level 1:colcon.colcon_core.package_identification:_identify(.) by extension 'ignore'
[0.279s] Level 1:colcon.colcon_core.package_identification:_identify(.) by extension 'ignore_ament_install'
[0.279s] Level 1:colcon.colcon_core.package_identification:_identify(.) by extensions ['colcon_pkg']
[0.279s] Level 1:colcon.colcon_core.package_identification:_identify(.) by extension 'colcon_pkg'
[0.279s] Level 1:colcon.colcon_core.package_identification:_identify(.) by extensions ['colcon_meta']
[0.279s] Level 1:colcon.colcon_core.package_identification:_identify(.) by extension 'colcon_meta'
[0.279s] Level 1:colcon.colcon_core.package_identification:_identify(.) by extensions ['ros']
[0.279s] Level 1:colcon.colcon_core.package_identification:_identify(.) by extension 'ros'
[0.287s] Level 1:colcon.colcon_core.package_identification:_identify(.) by extensions ['cmake', 'python']
[0.287s] Level 1:colcon.colcon_core.package_identification:_identify(.) by extension 'cmake'
[0.287s] Level 1:colcon.colcon_core.package_identification:_identify(.) by extension 'python'
[0.287s] Level 1:colcon.colcon_core.package_identification:_identify(.) by extensions ['python_setup_py']
[0.287s] Level 1:colcon.colcon_core.package_identification:_identify(.) by extension 'python_setup_py'
[0.287s] Level 1:colcon.colcon_core.package_identification:_identify(build) by extensions ['ignore', 'ignore_ament_install']
[0.287s] Level 1:colcon.colcon_core.package_identification:_identify(build) by extension 'ignore'
[0.287s] Level 1:colcon.colcon_core.package_identification:_identify(build) ignored
[0.287s] Level 1:colcon.colcon_core.package_identification:_identify(install) by extensions ['ignore', 'ignore_ament_install']
[0.287s] Level 1:colcon.colcon_core.package_identification:_identify(install) by extension 'ignore'
[0.287s] Level 1:colcon.colcon_core.package_identification:_identify(install) ignored
[0.287s] Level 1:colcon.colcon_core.package_identification:_identify(log) by extensions ['ignore', 'ignore_ament_install']
[0.287s] Level 1:colcon.colcon_core.package_identification:_identify(log) by extension 'ignore'
[0.287s] Level 1:colcon.colcon_core.package_identification:_identify(log) ignored
[0.287s] Level 1:colcon.colcon_core.package_identification:_identify(src) by extensions ['ignore', 'ignore_ament_install']
[0.288s] Level 1:colcon.colcon_core.package_identification:_identify(src) by extension 'ignore'
[0.288s] Level 1:colcon.colcon_core.package_identification:_identify(src) by extension 'ignore_ament_install'
[0.288s] Level 1:colcon.colcon_core.package_identification:_identify(src) by extensions ['colcon_pkg']
[0.288s] Level 1:colcon.colcon_core.package_identification:_identify(src) by extension 'colcon_pkg'
[0.288s] Level 1:colcon.colcon_core.package_identification:_identify(src) by extensions ['colcon_meta']
[0.288s] Level 1:colcon.colcon_core.package_identification:_identify(src) by extension 'colcon_meta'
[0.288s] Level 1:colcon.colcon_core.package_identification:_identify(src) by extensions ['ros']
[0.288s] Level 1:colcon.colcon_core.package_identification:_identify(src) by extension 'ros'
[0.288s] Level 1:colcon.colcon_core.package_identification:_identify(src) by extensions ['cmake', 'python']
[0.288s] Level 1:colcon.colcon_core.package_identification:_identify(src) by extension 'cmake'
[0.288s] Level 1:colcon.colcon_core.package_identification:_identify(src) by extension 'python'
[0.288s] Level 1:colcon.colcon_core.package_identification:_identify(src) by extensions ['python_setup_py']
[0.288s] Level 1:colcon.colcon_core.package_identification:_identify(src) by extension 'python_setup_py'
[0.288s] Level 1:colcon.colcon_core.package_identification:_identify(src/FAST_LIO) by extensions ['ignore', 'ignore_ament_install']
[0.288s] Level 1:colcon.colcon_core.package_identification:_identify(src/FAST_LIO) by extension 'ignore'
[0.288s] Level 1:colcon.colcon_core.package_identification:_identify(src/FAST_LIO) by extension 'ignore_ament_install'
[0.288s] Level 1:colcon.colcon_core.package_identification:_identify(src/FAST_LIO) by extensions ['colcon_pkg']
[0.288s] Level 1:colcon.colcon_core.package_identification:_identify(src/FAST_LIO) by extension 'colcon_pkg'
[0.288s] Level 1:colcon.colcon_core.package_identification:_identify(src/FAST_LIO) by extensions ['colcon_meta']
[0.288s] Level 1:colcon.colcon_core.package_identification:_identify(src/FAST_LIO) by extension 'colcon_meta'
[0.288s] Level 1:colcon.colcon_core.package_identification:_identify(src/FAST_LIO) by extensions ['ros']
[0.288s] Level 1:colcon.colcon_core.package_identification:_identify(src/FAST_LIO) by extension 'ros'
[0.290s] DEBUG:colcon.colcon_core.package_identification:Package 'src/FAST_LIO' with type 'ros.ament_cmake' and name 'fast_lio'
[0.290s] Level 1:colcon.colcon_core.package_identification:_identify(src/Livox-SDK2) by extensions ['ignore', 'ignore_ament_install']
[0.290s] Level 1:colcon.colcon_core.package_identification:_identify(src/Livox-SDK2) by extension 'ignore'
[0.291s] Level 1:colcon.colcon_core.package_identification:_identify(src/Livox-SDK2) by extension 'ignore_ament_install'
[0.291s] Level 1:colcon.colcon_core.package_identification:_identify(src/Livox-SDK2) by extensions ['colcon_pkg']
[0.291s] Level 1:colcon.colcon_core.package_identification:_identify(src/Livox-SDK2) by extension 'colcon_pkg'
[0.291s] Level 1:colcon.colcon_core.package_identification:_identify(src/Livox-SDK2) by extensions ['colcon_meta']
[0.291s] Level 1:colcon.colcon_core.package_identification:_identify(src/Livox-SDK2) by extension 'colcon_meta'
[0.291s] Level 1:colcon.colcon_core.package_identification:_identify(src/Livox-SDK2) by extensions ['ros']
[0.291s] Level 1:colcon.colcon_core.package_identification:_identify(src/Livox-SDK2) by extension 'ros'
[0.291s] Level 1:colcon.colcon_core.package_identification:_identify(src/Livox-SDK2) by extensions ['cmake', 'python']
[0.291s] Level 1:colcon.colcon_core.package_identification:_identify(src/Livox-SDK2) by extension 'cmake'
[0.301s] Level 1:colcon.colcon_core.package_identification:_identify(src/Livox-SDK2) by extension 'python'
[0.301s] DEBUG:colcon.colcon_core.package_identification:Package 'src/Livox-SDK2' with type 'cmake' and name 'livox_sdk2'
[0.301s] Level 1:colcon.colcon_core.package_identification:_identify(src/livox_ros_driver2) by extensions ['ignore', 'ignore_ament_install']
[0.301s] Level 1:colcon.colcon_core.package_identification:_identify(src/livox_ros_driver2) by extension 'ignore'
[0.301s] Level 1:colcon.colcon_core.package_identification:_identify(src/livox_ros_driver2) by extension 'ignore_ament_install'
[0.301s] Level 1:colcon.colcon_core.package_identification:_identify(src/livox_ros_driver2) by extensions ['colcon_pkg']
[0.301s] Level 1:colcon.colcon_core.package_identification:_identify(src/livox_ros_driver2) by extension 'colcon_pkg'
[0.301s] Level 1:colcon.colcon_core.package_identification:_identify(src/livox_ros_driver2) by extensions ['colcon_meta']
[0.301s] Level 1:colcon.colcon_core.package_identification:_identify(src/livox_ros_driver2) by extension 'colcon_meta'
[0.301s] Level 1:colcon.colcon_core.package_identification:_identify(src/livox_ros_driver2) by extensions ['ros']
[0.301s] Level 1:colcon.colcon_core.package_identification:_identify(src/livox_ros_driver2) by extension 'ros'
[0.302s] DEBUG:colcon.colcon_core.package_identification:Package 'src/livox_ros_driver2' with type 'ros.ament_cmake' and name 'livox_ros_driver2'
[0.302s] Level 1:colcon.colcon_core.package_discovery:discover_packages(recursive) using defaults
[0.302s] Level 1:colcon.colcon_core.package_discovery:discover_packages(ignore) discover
[0.302s] Level 1:colcon.colcon_core.package_discovery:discover_packages(ignore) using defaults
[0.302s] Level 1:colcon.colcon_core.package_discovery:discover_packages(path) discover
[0.302s] Level 1:colcon.colcon_core.package_discovery:discover_packages(path) using defaults
[0.323s] Level 1:colcon.colcon_core.package_discovery:discover_packages(prefix_path) check parameters
[0.323s] Level 1:colcon.colcon_core.package_discovery:discover_packages(prefix_path) discover
[0.325s] DEBUG:colcon.colcon_installed_package_information.package_discovery:Found 348 installed packages in /opt/ros/humble
[0.326s] Level 1:colcon.colcon_core.package_discovery:discover_packages(prefix_path) using defaults
[0.349s] Level 5:colcon.colcon_core.verb:set package 'livox_ros_driver2' build argument 'cmake_args' from command line to '['-DROS_EDITION=ROS2', '-DDISTRO_ROS=humble']'
[0.349s] Level 5:colcon.colcon_core.verb:set package 'livox_ros_driver2' build argument 'cmake_target' from command line to 'None'
[0.349s] Level 5:colcon.colcon_core.verb:set package 'livox_ros_driver2' build argument 'cmake_target_skip_unavailable' from command line to 'False'
[0.349s] Level 5:colcon.colcon_core.verb:set package 'livox_ros_driver2' build argument 'cmake_clean_cache' from command line to 'False'
[0.349s] Level 5:colcon.colcon_core.verb:set package 'livox_ros_driver2' build argument 'cmake_clean_first' from command line to 'False'
[0.349s] Level 5:colcon.colcon_core.verb:set package 'livox_ros_driver2' build argument 'cmake_force_configure' from command line to 'False'
[0.349s] Level 5:colcon.colcon_core.verb:set package 'livox_ros_driver2' build argument 'ament_cmake_args' from command line to 'None'
[0.349s] Level 5:colcon.colcon_core.verb:set package 'livox_ros_driver2' build argument 'catkin_cmake_args' from command line to 'None'
[0.349s] Level 5:colcon.colcon_core.verb:set package 'livox_ros_driver2' build argument 'catkin_skip_building_tests' from command line to 'False'
[0.349s] DEBUG:colcon.colcon_core.verb:Building package 'livox_ros_driver2' with the following arguments: {'ament_cmake_args': None, 'build_base': '/home/lzt/m20pro/build/livox_ros_driver2', 'catkin_cmake_args': None, 'catkin_skip_building_tests': False, 'cmake_args': ['-DROS_EDITION=ROS2', '-DDISTRO_ROS=humble'], 'cmake_clean_cache': False, 'cmake_clean_first': False, 'cmake_force_configure': False, 'cmake_target': None, 'cmake_target_skip_unavailable': False, 'install_base': '/home/lzt/m20pro/install/livox_ros_driver2', 'merge_install': False, 'path': '/home/lzt/m20pro/src/livox_ros_driver2', 'symlink_install': False, 'test_result_base': None}
[0.349s] Level 5:colcon.colcon_core.verb:set package 'livox_sdk2' build argument 'cmake_args' from command line to '['-DROS_EDITION=ROS2', '-DDISTRO_ROS=humble']'
[0.350s] Level 5:colcon.colcon_core.verb:set package 'livox_sdk2' build argument 'cmake_target' from command line to 'None'
[0.350s] Level 5:colcon.colcon_core.verb:set package 'livox_sdk2' build argument 'cmake_target_skip_unavailable' from command line to 'False'
[0.350s] Level 5:colcon.colcon_core.verb:set package 'livox_sdk2' build argument 'cmake_clean_cache' from command line to 'False'
[0.350s] Level 5:colcon.colcon_core.verb:set package 'livox_sdk2' build argument 'cmake_clean_first' from command line to 'False'
[0.350s] Level 5:colcon.colcon_core.verb:set package 'livox_sdk2' build argument 'cmake_force_configure' from command line to 'False'
[0.350s] Level 5:colcon.colcon_core.verb:set package 'livox_sdk2' build argument 'ament_cmake_args' from command line to 'None'
[0.350s] Level 5:colcon.colcon_core.verb:set package 'livox_sdk2' build argument 'catkin_cmake_args' from command line to 'None'
[0.350s] Level 5:colcon.colcon_core.verb:set package 'livox_sdk2' build argument 'catkin_skip_building_tests' from command line to 'False'
[0.350s] DEBUG:colcon.colcon_core.verb:Building package 'livox_sdk2' with the following arguments: {'ament_cmake_args': None, 'build_base': '/home/lzt/m20pro/build/livox_sdk2', 'catkin_cmake_args': None, 'catkin_skip_building_tests': False, 'cmake_args': ['-DROS_EDITION=ROS2', '-DDISTRO_ROS=humble'], 'cmake_clean_cache': False, 'cmake_clean_first': False, 'cmake_force_configure': False, 'cmake_target': None, 'cmake_target_skip_unavailable': False, 'install_base': '/home/lzt/m20pro/install/livox_sdk2', 'merge_install': False, 'path': '/home/lzt/m20pro/src/Livox-SDK2', 'symlink_install': False, 'test_result_base': None}
[0.350s] Level 5:colcon.colcon_core.verb:set package 'fast_lio' build argument 'cmake_args' from command line to '['-DROS_EDITION=ROS2', '-DDISTRO_ROS=humble']'
[0.350s] Level 5:colcon.colcon_core.verb:set package 'fast_lio' build argument 'cmake_target' from command line to 'None'
[0.350s] Level 5:colcon.colcon_core.verb:set package 'fast_lio' build argument 'cmake_target_skip_unavailable' from command line to 'False'
[0.350s] Level 5:colcon.colcon_core.verb:set package 'fast_lio' build argument 'cmake_clean_cache' from command line to 'False'
[0.350s] Level 5:colcon.colcon_core.verb:set package 'fast_lio' build argument 'cmake_clean_first' from command line to 'False'
[0.350s] Level 5:colcon.colcon_core.verb:set package 'fast_lio' build argument 'cmake_force_configure' from command line to 'False'
[0.350s] Level 5:colcon.colcon_core.verb:set package 'fast_lio' build argument 'ament_cmake_args' from command line to 'None'
[0.350s] Level 5:colcon.colcon_core.verb:set package 'fast_lio' build argument 'catkin_cmake_args' from command line to 'None'
[0.350s] Level 5:colcon.colcon_core.verb:set package 'fast_lio' build argument 'catkin_skip_building_tests' from command line to 'False'
[0.350s] DEBUG:colcon.colcon_core.verb:Building package 'fast_lio' with the following arguments: {'ament_cmake_args': None, 'build_base': '/home/lzt/m20pro/build/fast_lio', 'catkin_cmake_args': None, 'catkin_skip_building_tests': False, 'cmake_args': ['-DROS_EDITION=ROS2', '-DDISTRO_ROS=humble'], 'cmake_clean_cache': False, 'cmake_clean_first': False, 'cmake_force_configure': False, 'cmake_target': None, 'cmake_target_skip_unavailable': False, 'install_base': '/home/lzt/m20pro/install/fast_lio', 'merge_install': False, 'path': '/home/lzt/m20pro/src/FAST_LIO', 'symlink_install': False, 'test_result_base': None}
[0.350s] INFO:colcon.colcon_core.executor:Executing jobs using 'parallel' executor
[0.351s] DEBUG:colcon.colcon_parallel_executor.executor.parallel:run_until_complete
[0.351s] INFO:colcon.colcon_ros.task.ament_cmake.build:Building ROS package in '/home/lzt/m20pro/src/livox_ros_driver2' with build type 'ament_cmake'
[0.351s] INFO:colcon.colcon_cmake.task.cmake.build:Building CMake package in '/home/lzt/m20pro/src/livox_ros_driver2'
[0.354s] INFO:colcon.colcon_core.plugin_system:Skipping extension 'colcon_core.shell.bat': Not used on non-Windows systems
[0.354s] INFO:colcon.colcon_core.shell:Skip shell extension 'powershell' for command environment: Not usable outside of PowerShell
[0.354s] DEBUG:colcon.colcon_core.shell:Skip shell extension 'dsv' for command environment
[0.356s] INFO:colcon.colcon_cmake.task.cmake.build:Building CMake package in '/home/lzt/m20pro/src/Livox-SDK2'
[0.356s] INFO:colcon.colcon_core.shell:Skip shell extension 'powershell' for command environment: Not usable outside of PowerShell
[0.356s] DEBUG:colcon.colcon_core.shell:Skip shell extension 'dsv' for command environment
[0.361s] DEBUG:colcon.colcon_core.event_handler.log_command:Invoking command in '/home/lzt/m20pro/build/livox_ros_driver2': CMAKE_PREFIX_PATH=/opt/ros/humble CONDA_PROMPT_MODIFIER=(base) /usr/bin/cmake /home/lzt/m20pro/src/livox_ros_driver2 -DROS_EDITION=ROS2 -DDISTRO_ROS=humble -DCMAKE_INSTALL_PREFIX=/home/lzt/m20pro/install/livox_ros_driver2
[0.363s] DEBUG:colcon.colcon_core.event_handler.log_command:Invoking command in '/home/lzt/m20pro/build/livox_sdk2': CONDA_PROMPT_MODIFIER=(base) /usr/bin/cmake /home/lzt/m20pro/src/Livox-SDK2 -DROS_EDITION=ROS2 -DDISTRO_ROS=humble -DCMAKE_INSTALL_PREFIX=/home/lzt/m20pro/install/livox_sdk2
[0.597s] DEBUG:colcon.colcon_core.event_handler.log_command:Invoked command in '/home/lzt/m20pro/build/livox_sdk2' returned '0': CONDA_PROMPT_MODIFIER=(base) /usr/bin/cmake /home/lzt/m20pro/src/Livox-SDK2 -DROS_EDITION=ROS2 -DDISTRO_ROS=humble -DCMAKE_INSTALL_PREFIX=/home/lzt/m20pro/install/livox_sdk2
[0.597s] DEBUG:colcon.colcon_core.event_handler.log_command:Invoking command in '/home/lzt/m20pro/build/livox_sdk2': CONDA_PROMPT_MODIFIER=(base) /usr/bin/cmake --build /home/lzt/m20pro/build/livox_sdk2 -- -j20 -l20
[8.451s] DEBUG:colcon.colcon_core.event_handler.log_command:Invoked command in '/home/lzt/m20pro/build/livox_ros_driver2' returned '0': CMAKE_PREFIX_PATH=/opt/ros/humble CONDA_PROMPT_MODIFIER=(base) /usr/bin/cmake /home/lzt/m20pro/src/livox_ros_driver2 -DROS_EDITION=ROS2 -DDISTRO_ROS=humble -DCMAKE_INSTALL_PREFIX=/home/lzt/m20pro/install/livox_ros_driver2
[8.454s] DEBUG:colcon.colcon_core.event_handler.log_command:Invoking command in '/home/lzt/m20pro/build/livox_ros_driver2': CMAKE_PREFIX_PATH=/opt/ros/humble CONDA_PROMPT_MODIFIER=(base) /usr/bin/cmake --build /home/lzt/m20pro/build/livox_ros_driver2 -- -j20 -l20
[10.472s] DEBUG:colcon.colcon_core.event_handler.log_command:Invoked command in '/home/lzt/m20pro/build/livox_sdk2' returned '0': CONDA_PROMPT_MODIFIER=(base) /usr/bin/cmake --build /home/lzt/m20pro/build/livox_sdk2 -- -j20 -l20
[10.480s] DEBUG:colcon.colcon_core.event_handler.log_command:Invoking command in '/home/lzt/m20pro/build/livox_sdk2': CONDA_PROMPT_MODIFIER=(base) /usr/bin/cmake --install /home/lzt/m20pro/build/livox_sdk2
[10.508s] Level 1:colcon.colcon_core.environment:create_environment_scripts_only(livox_sdk2)
[10.509s] DEBUG:colcon.colcon_core.event_handler.log_command:Invoked command in '/home/lzt/m20pro/build/livox_sdk2' returned '0': CONDA_PROMPT_MODIFIER=(base) /usr/bin/cmake --install /home/lzt/m20pro/build/livox_sdk2
[10.514s] Level 1:colcon.colcon_core.environment:checking '/home/lzt/m20pro/install/livox_sdk2' for CMake module files
[10.514s] Level 1:colcon.colcon_core.environment:checking '/home/lzt/m20pro/install/livox_sdk2' for CMake config files
[10.515s] Level 1:colcon.colcon_core.environment:checking '/home/lzt/m20pro/install/livox_sdk2/lib'
[10.515s] Level 1:colcon.colcon_core.shell:create_environment_hook('livox_sdk2', 'ld_library_path_lib')
[10.515s] INFO:colcon.colcon_core.shell:Creating environment hook '/home/lzt/m20pro/install/livox_sdk2/share/livox_sdk2/hook/ld_library_path_lib.ps1'
[10.516s] INFO:colcon.colcon_core.shell:Creating environment descriptor '/home/lzt/m20pro/install/livox_sdk2/share/livox_sdk2/hook/ld_library_path_lib.dsv'
[10.517s] INFO:colcon.colcon_core.shell:Creating environment hook '/home/lzt/m20pro/install/livox_sdk2/share/livox_sdk2/hook/ld_library_path_lib.sh'
[10.518s] Level 1:colcon.colcon_core.environment:checking '/home/lzt/m20pro/install/livox_sdk2/bin'
[10.518s] Level 1:colcon.colcon_core.environment:checking '/home/lzt/m20pro/install/livox_sdk2/lib/pkgconfig/livox_sdk2.pc'
[10.518s] Level 1:colcon.colcon_core.environment:checking '/home/lzt/m20pro/install/livox_sdk2/lib/python3.10/site-packages'
[10.519s] Level 1:colcon.colcon_core.environment:checking '/home/lzt/m20pro/install/livox_sdk2/bin'
[10.519s] INFO:colcon.colcon_core.shell:Creating package script '/home/lzt/m20pro/install/livox_sdk2/share/livox_sdk2/package.ps1'
[10.526s] INFO:colcon.colcon_core.shell:Creating package descriptor '/home/lzt/m20pro/install/livox_sdk2/share/livox_sdk2/package.dsv'
[10.527s] INFO:colcon.colcon_core.shell:Creating package script '/home/lzt/m20pro/install/livox_sdk2/share/livox_sdk2/package.sh'
[10.528s] INFO:colcon.colcon_core.shell:Creating package script '/home/lzt/m20pro/install/livox_sdk2/share/livox_sdk2/package.bash'
[10.530s] INFO:colcon.colcon_core.shell:Creating package script '/home/lzt/m20pro/install/livox_sdk2/share/livox_sdk2/package.zsh'
[10.531s] Level 1:colcon.colcon_core.environment:create_file_with_runtime_dependencies(/home/lzt/m20pro/install/livox_sdk2/share/colcon-core/packages/livox_sdk2)
[15.543s] DEBUG:colcon.colcon_core.event_handler.log_command:Invoked command in '/home/lzt/m20pro/build/livox_ros_driver2' returned '0': CMAKE_PREFIX_PATH=/opt/ros/humble CONDA_PROMPT_MODIFIER=(base) /usr/bin/cmake --build /home/lzt/m20pro/build/livox_ros_driver2 -- -j20 -l20
[15.544s] DEBUG:colcon.colcon_core.event_handler.log_command:Invoking command in '/home/lzt/m20pro/build/livox_ros_driver2': CMAKE_PREFIX_PATH=/opt/ros/humble CONDA_PROMPT_MODIFIER=(base) /usr/bin/cmake --install /home/lzt/m20pro/build/livox_ros_driver2
[15.593s] Level 1:colcon.colcon_core.environment:create_environment_scripts_only(livox_ros_driver2)
[15.594s] Level 1:colcon.colcon_core.environment:checking '/home/lzt/m20pro/install/livox_ros_driver2' for CMake module files
[15.594s] DEBUG:colcon.colcon_core.event_handler.log_command:Invoked command in '/home/lzt/m20pro/build/livox_ros_driver2' returned '0': CMAKE_PREFIX_PATH=/opt/ros/humble CONDA_PROMPT_MODIFIER=(base) /usr/bin/cmake --install /home/lzt/m20pro/build/livox_ros_driver2
[15.594s] Level 1:colcon.colcon_core.environment:checking '/home/lzt/m20pro/install/livox_ros_driver2' for CMake config files
[15.595s] Level 1:colcon.colcon_core.shell:create_environment_hook('livox_ros_driver2', 'cmake_prefix_path')
[15.595s] INFO:colcon.colcon_core.shell:Creating environment hook '/home/lzt/m20pro/install/livox_ros_driver2/share/livox_ros_driver2/hook/cmake_prefix_path.ps1'
[15.596s] INFO:colcon.colcon_core.shell:Creating environment descriptor '/home/lzt/m20pro/install/livox_ros_driver2/share/livox_ros_driver2/hook/cmake_prefix_path.dsv'
[15.596s] INFO:colcon.colcon_core.shell:Creating environment hook '/home/lzt/m20pro/install/livox_ros_driver2/share/livox_ros_driver2/hook/cmake_prefix_path.sh'
[15.596s] Level 1:colcon.colcon_core.environment:checking '/home/lzt/m20pro/install/livox_ros_driver2/lib'
[15.596s] Level 1:colcon.colcon_core.shell:create_environment_hook('livox_ros_driver2', 'ld_library_path_lib')
[15.596s] INFO:colcon.colcon_core.shell:Creating environment hook '/home/lzt/m20pro/install/livox_ros_driver2/share/livox_ros_driver2/hook/ld_library_path_lib.ps1'
[15.596s] INFO:colcon.colcon_core.shell:Creating environment descriptor '/home/lzt/m20pro/install/livox_ros_driver2/share/livox_ros_driver2/hook/ld_library_path_lib.dsv'
[15.596s] INFO:colcon.colcon_core.shell:Creating environment hook '/home/lzt/m20pro/install/livox_ros_driver2/share/livox_ros_driver2/hook/ld_library_path_lib.sh'
[15.597s] Level 1:colcon.colcon_core.environment:checking '/home/lzt/m20pro/install/livox_ros_driver2/bin'
[15.597s] Level 1:colcon.colcon_core.environment:checking '/home/lzt/m20pro/install/livox_ros_driver2/lib/pkgconfig/livox_ros_driver2.pc'
[15.597s] Level 1:colcon.colcon_core.environment:checking '/home/lzt/m20pro/install/livox_ros_driver2/lib/python3.10/site-packages'
[15.597s] Level 1:colcon.colcon_core.environment:checking '/home/lzt/m20pro/install/livox_ros_driver2/bin'
[15.597s] INFO:colcon.colcon_core.shell:Creating package script '/home/lzt/m20pro/install/livox_ros_driver2/share/livox_ros_driver2/package.ps1'
[15.597s] INFO:colcon.colcon_core.shell:Creating package descriptor '/home/lzt/m20pro/install/livox_ros_driver2/share/livox_ros_driver2/package.dsv'
[15.598s] INFO:colcon.colcon_core.shell:Creating package script '/home/lzt/m20pro/install/livox_ros_driver2/share/livox_ros_driver2/package.sh'
[15.598s] INFO:colcon.colcon_core.shell:Creating package script '/home/lzt/m20pro/install/livox_ros_driver2/share/livox_ros_driver2/package.bash'
[15.598s] INFO:colcon.colcon_core.shell:Creating package script '/home/lzt/m20pro/install/livox_ros_driver2/share/livox_ros_driver2/package.zsh'
[15.598s] Level 1:colcon.colcon_core.environment:create_file_with_runtime_dependencies(/home/lzt/m20pro/install/livox_ros_driver2/share/colcon-core/packages/livox_ros_driver2)
[15.598s] Level 1:colcon.colcon_core.environment:create_environment_scripts_only(livox_ros_driver2)
[15.599s] Level 1:colcon.colcon_core.environment:checking '/home/lzt/m20pro/install/livox_ros_driver2' for CMake module files
[15.599s] Level 1:colcon.colcon_core.environment:checking '/home/lzt/m20pro/install/livox_ros_driver2' for CMake config files
[15.599s] Level 1:colcon.colcon_core.shell:create_environment_hook('livox_ros_driver2', 'cmake_prefix_path')
[15.599s] INFO:colcon.colcon_core.shell:Creating environment hook '/home/lzt/m20pro/install/livox_ros_driver2/share/livox_ros_driver2/hook/cmake_prefix_path.ps1'
[15.599s] INFO:colcon.colcon_core.shell:Creating environment descriptor '/home/lzt/m20pro/install/livox_ros_driver2/share/livox_ros_driver2/hook/cmake_prefix_path.dsv'
[15.600s] INFO:colcon.colcon_core.shell:Creating environment hook '/home/lzt/m20pro/install/livox_ros_driver2/share/livox_ros_driver2/hook/cmake_prefix_path.sh'
[15.600s] Level 1:colcon.colcon_core.environment:checking '/home/lzt/m20pro/install/livox_ros_driver2/lib'
[15.600s] Level 1:colcon.colcon_core.shell:create_environment_hook('livox_ros_driver2', 'ld_library_path_lib')
[15.600s] INFO:colcon.colcon_core.shell:Creating environment hook '/home/lzt/m20pro/install/livox_ros_driver2/share/livox_ros_driver2/hook/ld_library_path_lib.ps1'
[15.600s] INFO:colcon.colcon_core.shell:Creating environment descriptor '/home/lzt/m20pro/install/livox_ros_driver2/share/livox_ros_driver2/hook/ld_library_path_lib.dsv'
[15.600s] INFO:colcon.colcon_core.shell:Creating environment hook '/home/lzt/m20pro/install/livox_ros_driver2/share/livox_ros_driver2/hook/ld_library_path_lib.sh'
[15.600s] Level 1:colcon.colcon_core.environment:checking '/home/lzt/m20pro/install/livox_ros_driver2/bin'
[15.600s] Level 1:colcon.colcon_core.environment:checking '/home/lzt/m20pro/install/livox_ros_driver2/lib/pkgconfig/livox_ros_driver2.pc'
[15.601s] Level 1:colcon.colcon_core.environment:checking '/home/lzt/m20pro/install/livox_ros_driver2/lib/python3.10/site-packages'
[15.601s] Level 1:colcon.colcon_core.environment:checking '/home/lzt/m20pro/install/livox_ros_driver2/bin'
[15.601s] INFO:colcon.colcon_core.shell:Creating package script '/home/lzt/m20pro/install/livox_ros_driver2/share/livox_ros_driver2/package.ps1'
[15.601s] INFO:colcon.colcon_core.shell:Creating package descriptor '/home/lzt/m20pro/install/livox_ros_driver2/share/livox_ros_driver2/package.dsv'
[15.601s] INFO:colcon.colcon_core.shell:Creating package script '/home/lzt/m20pro/install/livox_ros_driver2/share/livox_ros_driver2/package.sh'
[15.602s] INFO:colcon.colcon_core.shell:Creating package script '/home/lzt/m20pro/install/livox_ros_driver2/share/livox_ros_driver2/package.bash'
[15.602s] INFO:colcon.colcon_core.shell:Creating package script '/home/lzt/m20pro/install/livox_ros_driver2/share/livox_ros_driver2/package.zsh'
[15.602s] Level 1:colcon.colcon_core.environment:create_file_with_runtime_dependencies(/home/lzt/m20pro/install/livox_ros_driver2/share/colcon-core/packages/livox_ros_driver2)
[15.602s] INFO:colcon.colcon_ros.task.ament_cmake.build:Building ROS package in '/home/lzt/m20pro/src/FAST_LIO' with build type 'ament_cmake'
[15.602s] INFO:colcon.colcon_cmake.task.cmake.build:Building CMake package in '/home/lzt/m20pro/src/FAST_LIO'
[15.602s] INFO:colcon.colcon_core.shell:Skip shell extension 'powershell' for command environment: Not usable outside of PowerShell
[15.602s] DEBUG:colcon.colcon_core.shell:Skip shell extension 'dsv' for command environment
[15.610s] DEBUG:colcon.colcon_core.event_handler.log_command:Invoking command in '/home/lzt/m20pro/build/fast_lio': AMENT_PREFIX_PATH=/home/lzt/m20pro/install/livox_ros_driver2:${AMENT_PREFIX_PATH} CMAKE_PREFIX_PATH=/home/lzt/m20pro/install/livox_ros_driver2:/opt/ros/humble CONDA_PROMPT_MODIFIER=(base) LD_LIBRARY_PATH=/home/lzt/m20pro/install/livox_ros_driver2/lib:${LD_LIBRARY_PATH} PYTHONPATH=/home/lzt/m20pro/install/livox_ros_driver2/lib/python3.13/site-packages:${PYTHONPATH} /usr/bin/cmake /home/lzt/m20pro/src/FAST_LIO -DROS_EDITION=ROS2 -DDISTRO_ROS=humble -DCMAKE_INSTALL_PREFIX=/home/lzt/m20pro/install/fast_lio
[18.970s] DEBUG:colcon.colcon_core.event_handler.log_command:Invoked command in '/home/lzt/m20pro/build/fast_lio' returned '1': AMENT_PREFIX_PATH=/home/lzt/m20pro/install/livox_ros_driver2:${AMENT_PREFIX_PATH} CMAKE_PREFIX_PATH=/home/lzt/m20pro/install/livox_ros_driver2:/opt/ros/humble CONDA_PROMPT_MODIFIER=(base) LD_LIBRARY_PATH=/home/lzt/m20pro/install/livox_ros_driver2/lib:${LD_LIBRARY_PATH} PYTHONPATH=/home/lzt/m20pro/install/livox_ros_driver2/lib/python3.13/site-packages:${PYTHONPATH} /usr/bin/cmake /home/lzt/m20pro/src/FAST_LIO -DROS_EDITION=ROS2 -DDISTRO_ROS=humble -DCMAKE_INSTALL_PREFIX=/home/lzt/m20pro/install/fast_lio
[18.979s] Level 1:colcon.colcon_core.environment:create_environment_scripts_only(fast_lio)
[18.979s] Level 1:colcon.colcon_core.environment:checking '/home/lzt/m20pro/install/fast_lio' for CMake module files
[18.979s] Level 1:colcon.colcon_core.environment:checking '/home/lzt/m20pro/install/fast_lio' for CMake config files
[18.980s] Level 1:colcon.colcon_core.environment:checking '/home/lzt/m20pro/install/fast_lio/bin'
[18.980s] Level 1:colcon.colcon_core.environment:checking '/home/lzt/m20pro/install/fast_lio/lib/pkgconfig/fast_lio.pc'
[18.980s] Level 1:colcon.colcon_core.environment:checking '/home/lzt/m20pro/install/fast_lio/lib/python3.10/site-packages'
[18.980s] Level 1:colcon.colcon_core.environment:checking '/home/lzt/m20pro/install/fast_lio/bin'
[18.980s] INFO:colcon.colcon_core.shell:Creating package script '/home/lzt/m20pro/install/fast_lio/share/fast_lio/package.ps1'
[18.980s] INFO:colcon.colcon_core.shell:Creating package descriptor '/home/lzt/m20pro/install/fast_lio/share/fast_lio/package.dsv'
[18.980s] INFO:colcon.colcon_core.shell:Creating package script '/home/lzt/m20pro/install/fast_lio/share/fast_lio/package.sh'
[18.981s] INFO:colcon.colcon_core.shell:Creating package script '/home/lzt/m20pro/install/fast_lio/share/fast_lio/package.bash'
[18.981s] INFO:colcon.colcon_core.shell:Creating package script '/home/lzt/m20pro/install/fast_lio/share/fast_lio/package.zsh'
[18.981s] Level 1:colcon.colcon_core.environment:create_file_with_runtime_dependencies(/home/lzt/m20pro/install/fast_lio/share/colcon-core/packages/fast_lio)
[18.991s] DEBUG:colcon.colcon_parallel_executor.executor.parallel:closing loop
[18.991s] DEBUG:colcon.colcon_parallel_executor.executor.parallel:loop closed
[18.991s] DEBUG:colcon.colcon_parallel_executor.executor.parallel:run_until_complete finished with '1'
[18.991s] DEBUG:colcon.colcon_core.event_reactor:joining thread
[18.995s] INFO:colcon.colcon_core.plugin_system:Skipping extension 'colcon_notification.desktop_notification.terminal_notifier': Not used on non-Darwin systems
[18.995s] INFO:colcon.colcon_core.plugin_system:Skipping extension 'colcon_notification.desktop_notification.win32': Not used on non-Windows systems
[18.995s] INFO:colcon.colcon_notification.desktop_notification:Sending desktop notification using 'notify2'
[19.006s] DEBUG:colcon.colcon_core.event_reactor:joined thread
[19.006s] INFO:colcon.colcon_core.shell:Creating prefix script '/home/lzt/m20pro/install/local_setup.ps1'
[19.007s] INFO:colcon.colcon_core.shell:Creating prefix util module '/home/lzt/m20pro/install/_local_setup_util_ps1.py'
[19.008s] INFO:colcon.colcon_core.shell:Creating prefix chain script '/home/lzt/m20pro/install/setup.ps1'
[19.008s] INFO:colcon.colcon_core.shell:Creating prefix script '/home/lzt/m20pro/install/local_setup.sh'
[19.009s] INFO:colcon.colcon_core.shell:Creating prefix util module '/home/lzt/m20pro/install/_local_setup_util_sh.py'
[19.009s] INFO:colcon.colcon_core.shell:Creating prefix chain script '/home/lzt/m20pro/install/setup.sh'
[19.010s] INFO:colcon.colcon_core.shell:Creating prefix script '/home/lzt/m20pro/install/local_setup.bash'
[19.010s] INFO:colcon.colcon_core.shell:Creating prefix chain script '/home/lzt/m20pro/install/setup.bash'
[19.010s] INFO:colcon.colcon_core.shell:Creating prefix script '/home/lzt/m20pro/install/local_setup.zsh'
[19.011s] INFO:colcon.colcon_core.shell:Creating prefix chain script '/home/lzt/m20pro/install/setup.zsh'
