-- Found ament_cmake: 1.3.12 (/opt/ros/humble/share/ament_cmake/cmake)
-- Found cv_bridge: 3.2.1 (/opt/ros/humble/share/cv_bridge/cmake)
-- Found rosidl_generator_c: 3.1.7 (/opt/ros/humble/share/rosidl_generator_c/cmake)
-- Found rosidl_adapter: 3.1.7 (/opt/ros/humble/share/rosidl_adapter/cmake)
-- Found rosidl_generator_cpp: 3.1.7 (/opt/ros/humble/share/rosidl_generator_cpp/cmake)
-- Using all available rosidl_typesupport_c: rosidl_typesupport_fastrtps_c;rosidl_typesupport_introspection_c
-- Using all available rosidl_typesupport_cpp: rosidl_typesupport_fastrtps_cpp;rosidl_typesupport_introspection_cpp
-- Found pcl_conversions: 2.4.5 (/opt/ros/humble/share/pcl_conversions/cmake)
-- Found rmw_implementation_cmake: 6.1.2 (/opt/ros/humble/share/rmw_implementation_cmake/cmake)
-- Found rmw_fastrtps_cpp: 6.2.9 (/opt/ros/humble/share/rmw_fastrtps_cpp/cmake)
-- Using RMW implementation 'rmw_fastrtps_cpp' as default
-- Eigen found (include: /usr/include/eigen3, version: 3.4.0)
-- FLANN found (include: /usr/include, lib: /usr/lib/x86_64-linux-gnu/libflann_cpp.so)
-- OpenNI found (version: 1.5.4.0, include: /usr/include/ni, lib: /usr/lib/libOpenNI.so;libusb::libusb)
-- OpenNI2 found (version: 2.2.0.33, include: /usr/include/openni2, lib: /usr/lib/x86_64-linux-gnu/libOpenNI2.so;libusb::libusb)
-- Eigen found (include: /usr/include/eigen3, version: 3.4.0)
-- OpenNI found (version: 1.5.4.0, include: /usr/include/ni, lib: /usr/lib/libOpenNI.so;libusb::libusb)
-- OpenNI2 found (version: 2.2.0.33, include: /usr/include/openni2, lib: /usr/lib/x86_64-linux-gnu/libOpenNI2.so;libusb::libusb)
-- Found Qhull version 8.0.2
-- OpenNI found (version: 1.5.4.0, include: /usr/include/ni, lib: /usr/lib/libOpenNI.so;libusb::libusb)
-- Found pcl_ros: 2.4.5 (/opt/ros/humble/share/pcl_ros/cmake)
-- Found eigen3_cmake_module: 0.1.1 (/opt/ros/humble/share/eigen3_cmake_module/cmake)
-- Ensuring Eigen3 include directory is part of orocos-kdl CMake target
-- Found rclpy: 3.3.17 (/opt/ros/humble/share/rclpy/cmake)
-- Found required Ceres dependency: Eigen version 3.4.0 in /usr/include/eigen3
-- Found required Ceres dependency: glog
-- Found required Ceres dependency: gflags
-- Found Ceres version: 2.0.0 installed in: /usr with components: [EigenSparse, SparseLinearAlgebraLibrary, LAPACK, SuiteSparse, CXSparse, SchurSpecializations, Multithreading]
-- Configuring done
-- Generating done
-- Build files have been written to: /home/lzt/m20pro/build/lidar_camera_calib
[ 25%] [34m[1mAutomatic MOC and UIC for target lidar_camera_calib[0m
[ 25%] Built target lidar_camera_calib_autogen
[ 50%] [32mBuilding CXX object CMakeFiles/lidar_camera_calib.dir/lidar_camera_calib_autogen/mocs_compilation.cpp.o[0m
[ 75%] [32mBuilding CXX object CMakeFiles/lidar_camera_calib.dir/src/lidar_camera_calib.cpp.o[0m
[100%] [32m[1mLinking CXX executable lidar_camera_calib[0m
[100%] Built target lidar_camera_calib
-- Install configuration: ""
-- Installing: /home/lzt/m20pro/install/lidar_camera_calib/include
-- Installing: /home/lzt/m20pro/install/lidar_camera_calib/include/lidar_camera_calib.hpp
-- Installing: /home/lzt/m20pro/install/lidar_camera_calib/include/common.h
-- Installing: /home/lzt/m20pro/install/lidar_camera_calib/share/lidar_camera_calib/launch
-- Installing: /home/lzt/m20pro/install/lidar_camera_calib/share/lidar_camera_calib/launch/calib.launch.py
-- Installing: /home/lzt/m20pro/install/lidar_camera_calib/share/lidar_camera_calib/config
-- Installing: /home/lzt/m20pro/install/lidar_camera_calib/share/lidar_camera_calib/config/calib.yaml
-- Installing: /home/lzt/m20pro/install/lidar_camera_calib/share/lidar_camera_calib/config/config_indoor.yaml
-- Installing: /home/lzt/m20pro/install/lidar_camera_calib/share/lidar_camera_calib/config/config_outdoor.yaml
-- Installing: /home/lzt/m20pro/install/lidar_camera_calib/bin/lidar_camera_calib
-- Set runtime path of "/home/lzt/m20pro/install/lidar_camera_calib/bin/lidar_camera_calib" to ""
-- Installing: /home/lzt/m20pro/install/lidar_camera_calib/lib/lidar_camera_calib/lidar_camera_calib
-- Set runtime path of "/home/lzt/m20pro/install/lidar_camera_calib/lib/lidar_camera_calib/lidar_camera_calib" to ""
-- Installing: /home/lzt/m20pro/install/lidar_camera_calib/share/ament_index/resource_index/package_run_dependencies/lidar_camera_calib
-- Installing: /home/lzt/m20pro/install/lidar_camera_calib/share/ament_index/resource_index/parent_prefix_path/lidar_camera_calib
-- Installing: /home/lzt/m20pro/install/lidar_camera_calib/share/lidar_camera_calib/environment/ament_prefix_path.sh
-- Installing: /home/lzt/m20pro/install/lidar_camera_calib/share/lidar_camera_calib/environment/ament_prefix_path.dsv
-- Installing: /home/lzt/m20pro/install/lidar_camera_calib/share/lidar_camera_calib/environment/path.sh
-- Installing: /home/lzt/m20pro/install/lidar_camera_calib/share/lidar_camera_calib/environment/path.dsv
-- Installing: /home/lzt/m20pro/install/lidar_camera_calib/share/lidar_camera_calib/local_setup.bash
-- Installing: /home/lzt/m20pro/install/lidar_camera_calib/share/lidar_camera_calib/local_setup.sh
-- Installing: /home/lzt/m20pro/install/lidar_camera_calib/share/lidar_camera_calib/local_setup.zsh
-- Installing: /home/lzt/m20pro/install/lidar_camera_calib/share/lidar_camera_calib/local_setup.dsv
-- Installing: /home/lzt/m20pro/install/lidar_camera_calib/share/lidar_camera_calib/package.dsv
-- Installing: /home/lzt/m20pro/install/lidar_camera_calib/share/ament_index/resource_index/packages/lidar_camera_calib
-- Installing: /home/lzt/m20pro/install/lidar_camera_calib/share/lidar_camera_calib/cmake/lidar_camera_calibConfig.cmake
-- Installing: /home/lzt/m20pro/install/lidar_camera_calib/share/lidar_camera_calib/cmake/lidar_camera_calibConfig-version.cmake
-- Installing: /home/lzt/m20pro/install/lidar_camera_calib/share/lidar_camera_calib/package.xml
