[0.008s] Invoking command in '/home/lzt/m20pro/build/lidar_camera_calib': CMAKE_PREFIX_PATH=${CMAKE_PREFIX_PATH}:/opt/ros/humble /usr/bin/cmake /home/lzt/m20pro/src/lidar_camera_calib -DCMAKE_INSTALL_PREFIX=/home/lzt/m20pro/install/lidar_camera_calib
[0.018s] -- Found ament_cmake: 1.3.12 (/opt/ros/humble/share/ament_cmake/cmake)
[0.101s] -- Found cv_bridge: 3.2.1 (/opt/ros/humble/share/cv_bridge/cmake)
[0.121s] -- Found rosidl_generator_c: 3.1.7 (/opt/ros/humble/share/rosidl_generator_c/cmake)
[0.123s] -- Found rosidl_adapter: 3.1.7 (/opt/ros/humble/share/rosidl_adapter/cmake)
[0.126s] -- Found rosidl_generator_cpp: 3.1.7 (/opt/ros/humble/share/rosidl_generator_cpp/cmake)
[0.133s] -- Using all available rosidl_typesupport_c: rosidl_typesupport_fastrtps_c;rosidl_typesupport_introspection_c
[0.141s] -- Using all available rosidl_typesupport_cpp: rosidl_typesupport_fastrtps_cpp;rosidl_typesupport_introspection_cpp
[0.178s] -- Found pcl_conversions: 2.4.5 (/opt/ros/humble/share/pcl_conversions/cmake)
[0.199s] -- Found rmw_implementation_cmake: 6.1.2 (/opt/ros/humble/share/rmw_implementation_cmake/cmake)
[0.200s] -- Found rmw_fastrtps_cpp: 6.2.9 (/opt/ros/humble/share/rmw_fastrtps_cpp/cmake)
[0.276s] -- Using RMW implementation 'rmw_fastrtps_cpp' as default
[0.327s] -- Eigen found (include: /usr/include/eigen3, version: 3.4.0)
[0.347s] -- FLANN found (include: /usr/include, lib: /usr/lib/x86_64-linux-gnu/libflann_cpp.so)
[0.566s] -- OpenNI found (version: 1.5.4.0, include: /usr/include/ni, lib: /usr/lib/libOpenNI.so;libusb::libusb)
[0.572s] -- OpenNI2 found (version: 2.2.0.33, include: /usr/include/openni2, lib: /usr/lib/x86_64-linux-gnu/libOpenNI2.so;libusb::libusb)
[0.693s] -- Eigen found (include: /usr/include/eigen3, version: 3.4.0)
[0.698s] -- OpenNI found (version: 1.5.4.0, include: /usr/include/ni, lib: /usr/lib/libOpenNI.so;libusb::libusb)
[0.703s] -- OpenNI2 found (version: 2.2.0.33, include: /usr/include/openni2, lib: /usr/lib/x86_64-linux-gnu/libOpenNI2.so;libusb::libusb)
[0.804s] -- Found Qhull version 8.0.2
[0.916s] -- OpenNI found (version: 1.5.4.0, include: /usr/include/ni, lib: /usr/lib/libOpenNI.so;libusb::libusb)
[1.034s] -- Found pcl_ros: 2.4.5 (/opt/ros/humble/share/pcl_ros/cmake)
[1.044s] -- Found eigen3_cmake_module: 0.1.1 (/opt/ros/humble/share/eigen3_cmake_module/cmake)
[1.044s] -- Ensuring Eigen3 include directory is part of orocos-kdl CMake target
[1.098s] -- Found rclpy: 3.3.17 (/opt/ros/humble/share/rclpy/cmake)
[1.098s] [33mCMake Warning (dev) at CMakeLists.txt:27 (find_package):
[1.098s]   Policy CMP0074 is not set: find_package uses <PackageName>_ROOT variables.
[1.098s]   Run "cmake --help-policy CMP0074" for policy details.  Use the cmake_policy
[1.098s]   command to set the policy and suppress this warning.
[1.098s] 
[1.098s]   CMake variable PCL_ROOT is set to:
[1.098s] 
[1.098s]     /usr
[1.098s] 
[1.099s]   For compatibility, CMake is ignoring the variable.
[1.099s] This warning is for project developers.  Use -Wno-dev to suppress it.
[1.099s] [0m
[1.113s] -- Found required Ceres dependency: Eigen version 3.4.0 in /usr/include/eigen3
[1.114s] -- Found required Ceres dependency: glog
[1.115s] -- Found required Ceres dependency: gflags
[1.115s] -- Found Ceres version: 2.0.0 installed in: /usr with components: [EigenSparse, SparseLinearAlgebraLibrary, LAPACK, SuiteSparse, CXSparse, SchurSpecializations, Multithreading]
[1.169s] -- Configuring done
[1.227s] -- Generating done
[1.233s] -- Build files have been written to: /home/lzt/m20pro/build/lidar_camera_calib
[1.245s] Invoked command in '/home/lzt/m20pro/build/lidar_camera_calib' returned '0': CMAKE_PREFIX_PATH=${CMAKE_PREFIX_PATH}:/opt/ros/humble /usr/bin/cmake /home/lzt/m20pro/src/lidar_camera_calib -DCMAKE_INSTALL_PREFIX=/home/lzt/m20pro/install/lidar_camera_calib
[1.247s] Invoking command in '/home/lzt/m20pro/build/lidar_camera_calib': CMAKE_PREFIX_PATH=${CMAKE_PREFIX_PATH}:/opt/ros/humble /usr/bin/cmake --build /home/lzt/m20pro/build/lidar_camera_calib -- -j20 -l20
[1.294s] [ 25%] [34m[1mAutomatic MOC and UIC for target lidar_camera_calib[0m
[1.321s] [ 25%] Built target lidar_camera_calib_autogen
[1.339s] [ 50%] [32mBuilding CXX object CMakeFiles/lidar_camera_calib.dir/lidar_camera_calib_autogen/mocs_compilation.cpp.o[0m
[1.339s] [ 75%] [32mBuilding CXX object CMakeFiles/lidar_camera_calib.dir/src/lidar_camera_calib.cpp.o[0m
[20.518s] [100%] [32m[1mLinking CXX executable lidar_camera_calib[0m
[22.585s] [100%] Built target lidar_camera_calib
[22.595s] Invoked command in '/home/lzt/m20pro/build/lidar_camera_calib' returned '0': CMAKE_PREFIX_PATH=${CMAKE_PREFIX_PATH}:/opt/ros/humble /usr/bin/cmake --build /home/lzt/m20pro/build/lidar_camera_calib -- -j20 -l20
[22.603s] Invoking command in '/home/lzt/m20pro/build/lidar_camera_calib': CMAKE_PREFIX_PATH=${CMAKE_PREFIX_PATH}:/opt/ros/humble /usr/bin/cmake --install /home/lzt/m20pro/build/lidar_camera_calib
[22.609s] -- Install configuration: ""
[22.609s] -- Installing: /home/lzt/m20pro/install/lidar_camera_calib/include
[22.609s] -- Installing: /home/lzt/m20pro/install/lidar_camera_calib/include/lidar_camera_calib.hpp
[22.609s] -- Installing: /home/lzt/m20pro/install/lidar_camera_calib/include/common.h
[22.609s] -- Installing: /home/lzt/m20pro/install/lidar_camera_calib/share/lidar_camera_calib/launch
[22.609s] -- Installing: /home/lzt/m20pro/install/lidar_camera_calib/share/lidar_camera_calib/launch/calib.launch.py
[22.609s] -- Installing: /home/lzt/m20pro/install/lidar_camera_calib/share/lidar_camera_calib/config
[22.609s] -- Installing: /home/lzt/m20pro/install/lidar_camera_calib/share/lidar_camera_calib/config/calib.yaml
[22.609s] -- Installing: /home/lzt/m20pro/install/lidar_camera_calib/share/lidar_camera_calib/config/config_indoor.yaml
[22.609s] -- Installing: /home/lzt/m20pro/install/lidar_camera_calib/share/lidar_camera_calib/config/config_outdoor.yaml
[22.609s] -- Installing: /home/lzt/m20pro/install/lidar_camera_calib/bin/lidar_camera_calib
[22.613s] -- Set runtime path of "/home/lzt/m20pro/install/lidar_camera_calib/bin/lidar_camera_calib" to ""
[22.613s] -- Installing: /home/lzt/m20pro/install/lidar_camera_calib/lib/lidar_camera_calib/lidar_camera_calib
[22.617s] -- Set runtime path of "/home/lzt/m20pro/install/lidar_camera_calib/lib/lidar_camera_calib/lidar_camera_calib" to ""
[22.617s] -- Installing: /home/lzt/m20pro/install/lidar_camera_calib/share/ament_index/resource_index/package_run_dependencies/lidar_camera_calib
[22.617s] -- Installing: /home/lzt/m20pro/install/lidar_camera_calib/share/ament_index/resource_index/parent_prefix_path/lidar_camera_calib
[22.617s] -- Installing: /home/lzt/m20pro/install/lidar_camera_calib/share/lidar_camera_calib/environment/ament_prefix_path.sh
[22.617s] -- Installing: /home/lzt/m20pro/install/lidar_camera_calib/share/lidar_camera_calib/environment/ament_prefix_path.dsv
[22.617s] -- Installing: /home/lzt/m20pro/install/lidar_camera_calib/share/lidar_camera_calib/environment/path.sh
[22.617s] -- Installing: /home/lzt/m20pro/install/lidar_camera_calib/share/lidar_camera_calib/environment/path.dsv
[22.617s] -- Installing: /home/lzt/m20pro/install/lidar_camera_calib/share/lidar_camera_calib/local_setup.bash
[22.617s] -- Installing: /home/lzt/m20pro/install/lidar_camera_calib/share/lidar_camera_calib/local_setup.sh
[22.618s] -- Installing: /home/lzt/m20pro/install/lidar_camera_calib/share/lidar_camera_calib/local_setup.zsh
[22.618s] -- Installing: /home/lzt/m20pro/install/lidar_camera_calib/share/lidar_camera_calib/local_setup.dsv
[22.618s] -- Installing: /home/lzt/m20pro/install/lidar_camera_calib/share/lidar_camera_calib/package.dsv
[22.618s] -- Installing: /home/lzt/m20pro/install/lidar_camera_calib/share/ament_index/resource_index/packages/lidar_camera_calib
[22.618s] -- Installing: /home/lzt/m20pro/install/lidar_camera_calib/share/lidar_camera_calib/cmake/lidar_camera_calibConfig.cmake
[22.618s] -- Installing: /home/lzt/m20pro/install/lidar_camera_calib/share/lidar_camera_calib/cmake/lidar_camera_calibConfig-version.cmake
[22.618s] -- Installing: /home/lzt/m20pro/install/lidar_camera_calib/share/lidar_camera_calib/package.xml
[22.619s] Invoked command in '/home/lzt/m20pro/build/lidar_camera_calib' returned '0': CMAKE_PREFIX_PATH=${CMAKE_PREFIX_PATH}:/opt/ros/humble /usr/bin/cmake --install /home/lzt/m20pro/build/lidar_camera_calib
