[0.006s] Invoking command in '/home/lzt/m20pro/build/livox_sdk2': CONDA_PROMPT_MODIFIER=(base) /usr/bin/cmake /home/lzt/m20pro/src/Livox-SDK2 -DCMAKE_INSTALL_PREFIX=/home/lzt/m20pro/install/livox_sdk2
[0.013s] -- main project dir: /home/lzt/m20pro/src/Livox-SDK2
[0.014s] -- main project dir: /home/lzt/m20pro/src/Livox-SDK2/samples
[0.015s] -- Configuring done
[0.027s] -- Generating done
[0.030s] -- Build files have been written to: /home/lzt/m20pro/build/livox_sdk2
[0.031s] Invoked command in '/home/lzt/m20pro/build/livox_sdk2' returned '0': CONDA_PROMPT_MODIFIER=(base) /usr/bin/cmake /home/lzt/m20pro/src/Livox-SDK2 -DCMAKE_INSTALL_PREFIX=/home/lzt/m20pro/install/livox_sdk2
[0.033s] Invoking command in '/home/lzt/m20pro/build/livox_sdk2': CONDA_PROMPT_MODIFIER=(base) /usr/bin/cmake --build /home/lzt/m20pro/build/livox_sdk2 -- -j20 -l20
[0.070s] [35m[1mConsolidate compiler generated dependencies of target livox_lidar_sdk_shared[0m
[0.070s] [35m[1mConsolidate compiler generated dependencies of target livox_lidar_sdk_static[0m
[0.099s] [ 42%] Built target livox_lidar_sdk_static
[0.100s] [ 84%] Built target livox_lidar_sdk_shared
[0.107s] [35m[1mConsolidate compiler generated dependencies of target debug_point_cloud[0m
[0.107s] [35m[1mConsolidate compiler generated dependencies of target livox_lidar_rmc_time_sync[0m
[0.107s] [35m[1mConsolidate compiler generated dependencies of target multi_lidars_upgrade[0m
[0.108s] [35m[1mConsolidate compiler generated dependencies of target livox_lidar_quick_start[0m
[0.108s] [35m[1mConsolidate compiler generated dependencies of target logger[0m
[0.108s] [35m[1mConsolidate compiler generated dependencies of target lidar_cmd_observer[0m
[0.115s] [ 88%] Built target multi_lidars_upgrade
[0.115s] [ 89%] Built target debug_point_cloud
[0.116s] [ 92%] Built target livox_lidar_rmc_time_sync
[0.117s] [ 95%] Built target lidar_cmd_observer
[0.117s] [ 97%] Built target livox_lidar_quick_start
[0.119s] [100%] Built target logger
[0.127s] Invoked command in '/home/lzt/m20pro/build/livox_sdk2' returned '0': CONDA_PROMPT_MODIFIER=(base) /usr/bin/cmake --build /home/lzt/m20pro/build/livox_sdk2 -- -j20 -l20
[0.135s] Invoking command in '/home/lzt/m20pro/build/livox_sdk2': CONDA_PROMPT_MODIFIER=(base) /usr/bin/cmake --install /home/lzt/m20pro/build/livox_sdk2
[0.139s] -- Install configuration: ""
[0.139s] -- Up-to-date: /home/lzt/m20pro/install/livox_sdk2/lib/liblivox_lidar_sdk_static.a
[0.139s] -- Up-to-date: /home/lzt/m20pro/install/livox_sdk2/include/livox_lidar_def.h
[0.140s] -- Up-to-date: /home/lzt/m20pro/install/livox_sdk2/include/livox_lidar_api.h
[0.140s] -- Up-to-date: /home/lzt/m20pro/install/livox_sdk2/include/livox_lidar_cfg.h
[0.140s] -- Up-to-date: /home/lzt/m20pro/install/livox_sdk2/lib/liblivox_lidar_sdk_shared.so
[0.141s] Invoked command in '/home/lzt/m20pro/build/livox_sdk2' returned '0': CONDA_PROMPT_MODIFIER=(base) /usr/bin/cmake --install /home/lzt/m20pro/build/livox_sdk2
