[0.011s] Invoking command in '/home/lzt/m20pro/build/fast_lio': AMENT_PREFIX_PATH=/home/lzt/m20pro/install/livox_ros_driver2:${AMENT_PREFIX_PATH} CMAKE_PREFIX_PATH=/home/lzt/m20pro/install/livox_ros_driver2:/opt/ros/humble CONDA_PROMPT_MODIFIER=(base) LD_LIBRARY_PATH=/home/lzt/m20pro/install/livox_ros_driver2/lib:${LD_LIBRARY_PATH} PYTHONPATH=/home/lzt/m20pro/install/livox_ros_driver2/lib/python3.13/site-packages:${PYTHONPATH} /usr/bin/cmake --build /home/lzt/m20pro/build/fast_lio -- -j20 -l20
[0.046s] [35m[1mConsolidate compiler generated dependencies of target fast_lio__rosidl_generator_c[0m
[0.054s] [  2%] Built target fast_lio__cpp
[0.055s] [ 11%] Built target fast_lio__rosidl_generator_c
[0.063s] [35m[1mConsolidate compiler generated dependencies of target fast_lio__rosidl_typesupport_fastrtps_cpp[0m
[0.063s] [ 11%] Built target ament_cmake_python_copy_fast_lio
[0.063s] [35m[1mConsolidate compiler generated dependencies of target fast_lio__rosidl_typesupport_cpp[0m
[0.064s] [35m[1mConsolidate compiler generated dependencies of target fast_lio__rosidl_typesupport_introspection_c[0m
[0.064s] [35m[1mConsolidate compiler generated dependencies of target fast_lio__rosidl_typesupport_c[0m
[0.064s] [35m[1mConsolidate compiler generated dependencies of target fast_lio__rosidl_typesupport_introspection_cpp[0m
[0.067s] [35m[1mConsolidate compiler generated dependencies of target fast_lio__rosidl_typesupport_fastrtps_c[0m
[0.077s] [ 20%] Built target fast_lio__rosidl_typesupport_introspection_c
[0.078s] [ 28%] Built target fast_lio__rosidl_typesupport_c
[0.078s] [ 37%] Built target fast_lio__rosidl_typesupport_cpp
[0.079s] [ 45%] Built target fast_lio__rosidl_typesupport_fastrtps_cpp
[0.082s] [ 54%] Built target fast_lio__rosidl_typesupport_introspection_cpp
[0.085s] [ 62%] Built target fast_lio__rosidl_typesupport_fastrtps_c
[0.090s] [35m[1mConsolidate compiler generated dependencies of target fastlio_mapping[0m
[0.099s] [ 62%] Built target fast_lio
[0.115s] [ 65%] Built target fast_lio__py
[0.121s] [ 77%] Built target fastlio_mapping
[0.122s] [35m[1mConsolidate compiler generated dependencies of target fast_lio__rosidl_generator_py[0m
[0.131s] [ 82%] Built target fast_lio__rosidl_generator_py
[0.138s] [35m[1mConsolidate compiler generated dependencies of target fast_lio__rosidl_typesupport_fastrtps_c__pyext[0m
[0.140s] [35m[1mConsolidate compiler generated dependencies of target fast_lio__rosidl_typesupport_introspection_c__pyext[0m
[0.140s] [35m[1mConsolidate compiler generated dependencies of target fast_lio__rosidl_typesupport_c__pyext[0m
[0.147s] [ 88%] Built target fast_lio__rosidl_typesupport_fastrtps_c__pyext
[0.149s] [ 94%] Built target fast_lio__rosidl_typesupport_c__pyext
[0.151s] [100%] Built target fast_lio__rosidl_typesupport_introspection_c__pyext
[0.204s] running egg_info
[0.213s] writing fast_lio.egg-info/PKG-INFO
[0.213s] writing dependency_links to fast_lio.egg-info/dependency_links.txt
[0.213s] writing top-level names to fast_lio.egg-info/top_level.txt
[0.238s] reading manifest file 'fast_lio.egg-info/SOURCES.txt'
[0.238s] writing manifest file 'fast_lio.egg-info/SOURCES.txt'
[0.259s] [100%] Built target ament_cmake_python_build_fast_lio_egg
[0.269s] Invoked command in '/home/lzt/m20pro/build/fast_lio' returned '0': AMENT_PREFIX_PATH=/home/lzt/m20pro/install/livox_ros_driver2:${AMENT_PREFIX_PATH} CMAKE_PREFIX_PATH=/home/lzt/m20pro/install/livox_ros_driver2:/opt/ros/humble CONDA_PROMPT_MODIFIER=(base) LD_LIBRARY_PATH=/home/lzt/m20pro/install/livox_ros_driver2/lib:${LD_LIBRARY_PATH} PYTHONPATH=/home/lzt/m20pro/install/livox_ros_driver2/lib/python3.13/site-packages:${PYTHONPATH} /usr/bin/cmake --build /home/lzt/m20pro/build/fast_lio -- -j20 -l20
[0.276s] Invoking command in '/home/lzt/m20pro/build/fast_lio': AMENT_PREFIX_PATH=/home/lzt/m20pro/install/livox_ros_driver2:${AMENT_PREFIX_PATH} CMAKE_PREFIX_PATH=/home/lzt/m20pro/install/livox_ros_driver2:/opt/ros/humble CONDA_PROMPT_MODIFIER=(base) LD_LIBRARY_PATH=/home/lzt/m20pro/install/livox_ros_driver2/lib:${LD_LIBRARY_PATH} PYTHONPATH=/home/lzt/m20pro/install/livox_ros_driver2/lib/python3.13/site-packages:${PYTHONPATH} /usr/bin/cmake --install /home/lzt/m20pro/build/fast_lio
[0.282s] -- Install configuration: "Release"
[0.282s] -- Up-to-date: /home/lzt/m20pro/install/fast_lio/share/ament_index/resource_index/rosidl_interfaces/fast_lio
[0.282s] -- Up-to-date: /home/lzt/m20pro/install/fast_lio/include/fast_lio/fast_lio
[0.282s] -- Up-to-date: /home/lzt/m20pro/install/fast_lio/include/fast_lio/fast_lio/msg
[0.282s] -- Up-to-date: /home/lzt/m20pro/install/fast_lio/include/fast_lio/fast_lio/msg/pose6_d.h
[0.282s] -- Up-to-date: /home/lzt/m20pro/install/fast_lio/include/fast_lio/fast_lio/msg/rosidl_generator_c__visibility_control.h
[0.282s] -- Up-to-date: /home/lzt/m20pro/install/fast_lio/include/fast_lio/fast_lio/msg/detail
[0.282s] -- Up-to-date: /home/lzt/m20pro/install/fast_lio/include/fast_lio/fast_lio/msg/detail/pose6_d__functions.h
[0.282s] -- Up-to-date: /home/lzt/m20pro/install/fast_lio/include/fast_lio/fast_lio/msg/detail/pose6_d__type_support.h
[0.282s] -- Up-to-date: /home/lzt/m20pro/install/fast_lio/include/fast_lio/fast_lio/msg/detail/pose6_d__functions.c
[0.282s] -- Up-to-date: /home/lzt/m20pro/install/fast_lio/include/fast_lio/fast_lio/msg/detail/pose6_d__struct.h
[0.282s] -- Up-to-date: /home/lzt/m20pro/install/fast_lio/share/fast_lio/environment/library_path.sh
[0.282s] -- Up-to-date: /home/lzt/m20pro/install/fast_lio/share/fast_lio/environment/library_path.dsv
[0.283s] -- Up-to-date: /home/lzt/m20pro/install/fast_lio/lib/libfast_lio__rosidl_generator_c.so
[0.283s] -- Up-to-date: /home/lzt/m20pro/install/fast_lio/include/fast_lio/fast_lio
[0.283s] -- Up-to-date: /home/lzt/m20pro/install/fast_lio/include/fast_lio/fast_lio/msg
[0.283s] -- Up-to-date: /home/lzt/m20pro/install/fast_lio/include/fast_lio/fast_lio/msg/detail
[0.283s] -- Up-to-date: /home/lzt/m20pro/install/fast_lio/include/fast_lio/fast_lio/msg/detail/pose6_d__rosidl_typesupport_fastrtps_c.h
[0.283s] -- Up-to-date: /home/lzt/m20pro/install/fast_lio/include/fast_lio/fast_lio/msg/rosidl_typesupport_fastrtps_c__visibility_control.h
[0.283s] -- Up-to-date: /home/lzt/m20pro/install/fast_lio/lib/libfast_lio__rosidl_typesupport_fastrtps_c.so
[0.283s] -- Up-to-date: /home/lzt/m20pro/install/fast_lio/include/fast_lio/fast_lio
[0.283s] -- Up-to-date: /home/lzt/m20pro/install/fast_lio/include/fast_lio/fast_lio/msg
[0.283s] -- Up-to-date: /home/lzt/m20pro/install/fast_lio/include/fast_lio/fast_lio/msg/rosidl_generator_cpp__visibility_control.hpp
[0.283s] -- Up-to-date: /home/lzt/m20pro/install/fast_lio/include/fast_lio/fast_lio/msg/pose6_d.hpp
[0.283s] -- Up-to-date: /home/lzt/m20pro/install/fast_lio/include/fast_lio/fast_lio/msg/detail
[0.283s] -- Up-to-date: /home/lzt/m20pro/install/fast_lio/include/fast_lio/fast_lio/msg/detail/pose6_d__traits.hpp
[0.283s] -- Up-to-date: /home/lzt/m20pro/install/fast_lio/include/fast_lio/fast_lio/msg/detail/pose6_d__builder.hpp
[0.283s] -- Up-to-date: /home/lzt/m20pro/install/fast_lio/include/fast_lio/fast_lio/msg/detail/pose6_d__type_support.hpp
[0.283s] -- Up-to-date: /home/lzt/m20pro/install/fast_lio/include/fast_lio/fast_lio/msg/detail/pose6_d__struct.hpp
[0.283s] -- Up-to-date: /home/lzt/m20pro/install/fast_lio/include/fast_lio/fast_lio
[0.283s] -- Up-to-date: /home/lzt/m20pro/install/fast_lio/include/fast_lio/fast_lio/msg
[0.283s] -- Up-to-date: /home/lzt/m20pro/install/fast_lio/include/fast_lio/fast_lio/msg/rosidl_typesupport_fastrtps_cpp__visibility_control.h
[0.283s] -- Up-to-date: /home/lzt/m20pro/install/fast_lio/include/fast_lio/fast_lio/msg/detail
[0.283s] -- Up-to-date: /home/lzt/m20pro/install/fast_lio/include/fast_lio/fast_lio/msg/detail/dds_fastrtps
[0.283s] -- Up-to-date: /home/lzt/m20pro/install/fast_lio/include/fast_lio/fast_lio/msg/detail/pose6_d__rosidl_typesupport_fastrtps_cpp.hpp
[0.283s] -- Up-to-date: /home/lzt/m20pro/install/fast_lio/lib/libfast_lio__rosidl_typesupport_fastrtps_cpp.so
[0.283s] -- Up-to-date: /home/lzt/m20pro/install/fast_lio/include/fast_lio/fast_lio
[0.283s] -- Up-to-date: /home/lzt/m20pro/install/fast_lio/include/fast_lio/fast_lio/msg
[0.283s] -- Up-to-date: /home/lzt/m20pro/install/fast_lio/include/fast_lio/fast_lio/msg/rosidl_typesupport_introspection_c__visibility_control.h
[0.283s] -- Up-to-date: /home/lzt/m20pro/install/fast_lio/include/fast_lio/fast_lio/msg/detail
[0.283s] -- Up-to-date: /home/lzt/m20pro/install/fast_lio/include/fast_lio/fast_lio/msg/detail/pose6_d__rosidl_typesupport_introspection_c.h
[0.283s] -- Up-to-date: /home/lzt/m20pro/install/fast_lio/include/fast_lio/fast_lio/msg/detail/pose6_d__type_support.c
[0.283s] -- Up-to-date: /home/lzt/m20pro/install/fast_lio/lib/libfast_lio__rosidl_typesupport_introspection_c.so
[0.283s] -- Up-to-date: /home/lzt/m20pro/install/fast_lio/lib/libfast_lio__rosidl_typesupport_c.so
[0.284s] -- Up-to-date: /home/lzt/m20pro/install/fast_lio/include/fast_lio/fast_lio
[0.284s] -- Up-to-date: /home/lzt/m20pro/install/fast_lio/include/fast_lio/fast_lio/msg
[0.284s] -- Up-to-date: /home/lzt/m20pro/install/fast_lio/include/fast_lio/fast_lio/msg/detail
[0.284s] -- Up-to-date: /home/lzt/m20pro/install/fast_lio/include/fast_lio/fast_lio/msg/detail/pose6_d__rosidl_typesupport_introspection_cpp.hpp
[0.284s] -- Up-to-date: /home/lzt/m20pro/install/fast_lio/include/fast_lio/fast_lio/msg/detail/pose6_d__type_support.cpp
[0.284s] -- Up-to-date: /home/lzt/m20pro/install/fast_lio/lib/libfast_lio__rosidl_typesupport_introspection_cpp.so
[0.284s] -- Up-to-date: /home/lzt/m20pro/install/fast_lio/lib/libfast_lio__rosidl_typesupport_cpp.so
[0.284s] -- Up-to-date: /home/lzt/m20pro/install/fast_lio/share/fast_lio/environment/pythonpath.sh
[0.284s] -- Up-to-date: /home/lzt/m20pro/install/fast_lio/share/fast_lio/environment/pythonpath.dsv
[0.284s] -- Up-to-date: /home/lzt/m20pro/install/fast_lio/lib/python3.13/site-packages/fast_lio-0.0.0-py3.13.egg-info
[0.284s] -- Installing: /home/lzt/m20pro/install/fast_lio/lib/python3.13/site-packages/fast_lio-0.0.0-py3.13.egg-info/top_level.txt
[0.284s] -- Installing: /home/lzt/m20pro/install/fast_lio/lib/python3.13/site-packages/fast_lio-0.0.0-py3.13.egg-info/PKG-INFO
[0.284s] -- Installing: /home/lzt/m20pro/install/fast_lio/lib/python3.13/site-packages/fast_lio-0.0.0-py3.13.egg-info/SOURCES.txt
[0.284s] -- Installing: /home/lzt/m20pro/install/fast_lio/lib/python3.13/site-packages/fast_lio-0.0.0-py3.13.egg-info/dependency_links.txt
[0.284s] -- Up-to-date: /home/lzt/m20pro/install/fast_lio/lib/python3.13/site-packages/fast_lio
[0.284s] -- Up-to-date: /home/lzt/m20pro/install/fast_lio/lib/python3.13/site-packages/fast_lio/fast_lio_s__rosidl_typesupport_introspection_c.cpython-313-x86_64-linux-gnu.so
[0.284s] -- Up-to-date: /home/lzt/m20pro/install/fast_lio/lib/python3.13/site-packages/fast_lio/msg
[0.284s] -- Up-to-date: /home/lzt/m20pro/install/fast_lio/lib/python3.13/site-packages/fast_lio/msg/_pose6_d.py
[0.284s] -- Up-to-date: /home/lzt/m20pro/install/fast_lio/lib/python3.13/site-packages/fast_lio/msg/_pose6_d_s.c
[0.284s] -- Up-to-date: /home/lzt/m20pro/install/fast_lio/lib/python3.13/site-packages/fast_lio/msg/__init__.py
[0.284s] -- Up-to-date: /home/lzt/m20pro/install/fast_lio/lib/python3.13/site-packages/fast_lio/libfast_lio__rosidl_generator_py.so
[0.284s] -- Up-to-date: /home/lzt/m20pro/install/fast_lio/lib/python3.13/site-packages/fast_lio/_fast_lio_s.ep.rosidl_typesupport_c.c
[0.284s] -- Up-to-date: /home/lzt/m20pro/install/fast_lio/lib/python3.13/site-packages/fast_lio/fast_lio_s__rosidl_typesupport_fastrtps_c.cpython-313-x86_64-linux-gnu.so
[0.284s] -- Up-to-date: /home/lzt/m20pro/install/fast_lio/lib/python3.13/site-packages/fast_lio/_fast_lio_s.ep.rosidl_typesupport_fastrtps_c.c
[0.284s] -- Up-to-date: /home/lzt/m20pro/install/fast_lio/lib/python3.13/site-packages/fast_lio/_fast_lio_s.ep.rosidl_typesupport_introspection_c.c
[0.284s] -- Up-to-date: /home/lzt/m20pro/install/fast_lio/lib/python3.13/site-packages/fast_lio/__init__.py
[0.284s] -- Up-to-date: /home/lzt/m20pro/install/fast_lio/lib/python3.13/site-packages/fast_lio/fast_lio_s__rosidl_typesupport_c.cpython-313-x86_64-linux-gnu.so
[0.307s] Listing '/home/lzt/m20pro/install/fast_lio/lib/python3.13/site-packages/fast_lio'...
[0.307s] Listing '/home/lzt/m20pro/install/fast_lio/lib/python3.13/site-packages/fast_lio/msg'...
[0.310s] -- Up-to-date: /home/lzt/m20pro/install/fast_lio/lib/python3.13/site-packages/fast_lio/fast_lio_s__rosidl_typesupport_fastrtps_c.cpython-313-x86_64-linux-gnu.so
[0.310s] -- Up-to-date: /home/lzt/m20pro/install/fast_lio/lib/python3.13/site-packages/fast_lio/fast_lio_s__rosidl_typesupport_introspection_c.cpython-313-x86_64-linux-gnu.so
[0.310s] -- Up-to-date: /home/lzt/m20pro/install/fast_lio/lib/python3.13/site-packages/fast_lio/fast_lio_s__rosidl_typesupport_c.cpython-313-x86_64-linux-gnu.so
[0.310s] -- Up-to-date: /home/lzt/m20pro/install/fast_lio/lib/libfast_lio__rosidl_generator_py.so
[0.310s] -- Up-to-date: /home/lzt/m20pro/install/fast_lio/share/fast_lio/msg/Pose6D.idl
[0.310s] -- Up-to-date: /home/lzt/m20pro/install/fast_lio/share/fast_lio/msg/Pose6D.msg
[0.310s] -- Up-to-date: /home/lzt/m20pro/install/fast_lio/lib/fast_lio/fastlio_mapping
[0.310s] -- Up-to-date: /home/lzt/m20pro/install/fast_lio/share/fast_lio/config
[0.311s] -- Up-to-date: /home/lzt/m20pro/install/fast_lio/share/fast_lio/config/horizon.yaml
[0.311s] -- Up-to-date: /home/lzt/m20pro/install/fast_lio/share/fast_lio/config/mid360.yaml
[0.311s] -- Up-to-date: /home/lzt/m20pro/install/fast_lio/share/fast_lio/config/velodyne.yaml
[0.311s] -- Up-to-date: /home/lzt/m20pro/install/fast_lio/share/fast_lio/config/avia.yaml
[0.311s] -- Up-to-date: /home/lzt/m20pro/install/fast_lio/share/fast_lio/config/ouster64.yaml
[0.311s] -- Up-to-date: /home/lzt/m20pro/install/fast_lio/share/fast_lio/launch
[0.311s] -- Up-to-date: /home/lzt/m20pro/install/fast_lio/share/fast_lio/launch/mapping.launch.py
[0.311s] -- Up-to-date: /home/lzt/m20pro/install/fast_lio/share/fast_lio/launch/gdb_debug_example.launch
[0.311s] -- Installing: /home/lzt/m20pro/install/fast_lio/share/fast_lio/launch/octomap.launch.py
[0.311s] -- Up-to-date: /home/lzt/m20pro/install/fast_lio/share/fast_lio/rviz
[0.311s] -- Up-to-date: /home/lzt/m20pro/install/fast_lio/share/fast_lio/rviz/fastlio.rviz
[0.311s] -- Up-to-date: /home/lzt/m20pro/install/fast_lio/share/ament_index/resource_index/package_run_dependencies/fast_lio
[0.311s] -- Up-to-date: /home/lzt/m20pro/install/fast_lio/share/ament_index/resource_index/parent_prefix_path/fast_lio
[0.312s] -- Up-to-date: /home/lzt/m20pro/install/fast_lio/share/fast_lio/environment/ament_prefix_path.sh
[0.312s] -- Up-to-date: /home/lzt/m20pro/install/fast_lio/share/fast_lio/environment/ament_prefix_path.dsv
[0.312s] -- Up-to-date: /home/lzt/m20pro/install/fast_lio/share/fast_lio/environment/path.sh
[0.312s] -- Up-to-date: /home/lzt/m20pro/install/fast_lio/share/fast_lio/environment/path.dsv
[0.312s] -- Up-to-date: /home/lzt/m20pro/install/fast_lio/share/fast_lio/local_setup.bash
[0.312s] -- Up-to-date: /home/lzt/m20pro/install/fast_lio/share/fast_lio/local_setup.sh
[0.312s] -- Up-to-date: /home/lzt/m20pro/install/fast_lio/share/fast_lio/local_setup.zsh
[0.312s] -- Up-to-date: /home/lzt/m20pro/install/fast_lio/share/fast_lio/local_setup.dsv
[0.312s] -- Installing: /home/lzt/m20pro/install/fast_lio/share/fast_lio/package.dsv
[0.312s] -- Up-to-date: /home/lzt/m20pro/install/fast_lio/share/ament_index/resource_index/packages/fast_lio
[0.312s] -- Up-to-date: /home/lzt/m20pro/install/fast_lio/share/fast_lio/cmake/export_fast_lio__rosidl_generator_cExport.cmake
[0.312s] -- Up-to-date: /home/lzt/m20pro/install/fast_lio/share/fast_lio/cmake/export_fast_lio__rosidl_generator_cExport-release.cmake
[0.312s] -- Up-to-date: /home/lzt/m20pro/install/fast_lio/share/fast_lio/cmake/export_fast_lio__rosidl_typesupport_fastrtps_cExport.cmake
[0.312s] -- Up-to-date: /home/lzt/m20pro/install/fast_lio/share/fast_lio/cmake/export_fast_lio__rosidl_typesupport_fastrtps_cExport-release.cmake
[0.312s] -- Up-to-date: /home/lzt/m20pro/install/fast_lio/share/fast_lio/cmake/export_fast_lio__rosidl_generator_cppExport.cmake
[0.312s] -- Up-to-date: /home/lzt/m20pro/install/fast_lio/share/fast_lio/cmake/export_fast_lio__rosidl_typesupport_fastrtps_cppExport.cmake
[0.313s] -- Up-to-date: /home/lzt/m20pro/install/fast_lio/share/fast_lio/cmake/export_fast_lio__rosidl_typesupport_fastrtps_cppExport-release.cmake
[0.313s] -- Up-to-date: /home/lzt/m20pro/install/fast_lio/share/fast_lio/cmake/fast_lio__rosidl_typesupport_introspection_cExport.cmake
[0.313s] -- Up-to-date: /home/lzt/m20pro/install/fast_lio/share/fast_lio/cmake/fast_lio__rosidl_typesupport_introspection_cExport-release.cmake
[0.313s] -- Up-to-date: /home/lzt/m20pro/install/fast_lio/share/fast_lio/cmake/fast_lio__rosidl_typesupport_cExport.cmake
[0.313s] -- Up-to-date: /home/lzt/m20pro/install/fast_lio/share/fast_lio/cmake/fast_lio__rosidl_typesupport_cExport-release.cmake
[0.313s] -- Up-to-date: /home/lzt/m20pro/install/fast_lio/share/fast_lio/cmake/fast_lio__rosidl_typesupport_introspection_cppExport.cmake
[0.313s] -- Up-to-date: /home/lzt/m20pro/install/fast_lio/share/fast_lio/cmake/fast_lio__rosidl_typesupport_introspection_cppExport-release.cmake
[0.313s] -- Up-to-date: /home/lzt/m20pro/install/fast_lio/share/fast_lio/cmake/fast_lio__rosidl_typesupport_cppExport.cmake
[0.314s] -- Up-to-date: /home/lzt/m20pro/install/fast_lio/share/fast_lio/cmake/fast_lio__rosidl_typesupport_cppExport-release.cmake
[0.314s] -- Up-to-date: /home/lzt/m20pro/install/fast_lio/share/fast_lio/cmake/export_fast_lio__rosidl_generator_pyExport.cmake
[0.314s] -- Up-to-date: /home/lzt/m20pro/install/fast_lio/share/fast_lio/cmake/export_fast_lio__rosidl_generator_pyExport-release.cmake
[0.314s] -- Up-to-date: /home/lzt/m20pro/install/fast_lio/share/fast_lio/cmake/rosidl_cmake-extras.cmake
[0.314s] -- Up-to-date: /home/lzt/m20pro/install/fast_lio/share/fast_lio/cmake/ament_cmake_export_include_directories-extras.cmake
[0.314s] -- Up-to-date: /home/lzt/m20pro/install/fast_lio/share/fast_lio/cmake/ament_cmake_export_libraries-extras.cmake
[0.314s] -- Up-to-date: /home/lzt/m20pro/install/fast_lio/share/fast_lio/cmake/ament_cmake_export_targets-extras.cmake
[0.314s] -- Up-to-date: /home/lzt/m20pro/install/fast_lio/share/fast_lio/cmake/rosidl_cmake_export_typesupport_targets-extras.cmake
[0.315s] -- Up-to-date: /home/lzt/m20pro/install/fast_lio/share/fast_lio/cmake/ament_cmake_export_dependencies-extras.cmake
[0.315s] -- Up-to-date: /home/lzt/m20pro/install/fast_lio/share/fast_lio/cmake/rosidl_cmake_export_typesupport_libraries-extras.cmake
[0.315s] -- Up-to-date: /home/lzt/m20pro/install/fast_lio/share/fast_lio/cmake/fast_lioConfig.cmake
[0.315s] -- Up-to-date: /home/lzt/m20pro/install/fast_lio/share/fast_lio/cmake/fast_lioConfig-version.cmake
[0.315s] -- Up-to-date: /home/lzt/m20pro/install/fast_lio/share/fast_lio/package.xml
[0.315s] Invoked command in '/home/lzt/m20pro/build/fast_lio' returned '0': AMENT_PREFIX_PATH=/home/lzt/m20pro/install/livox_ros_driver2:${AMENT_PREFIX_PATH} CMAKE_PREFIX_PATH=/home/lzt/m20pro/install/livox_ros_driver2:/opt/ros/humble CONDA_PROMPT_MODIFIER=(base) LD_LIBRARY_PATH=/home/lzt/m20pro/install/livox_ros_driver2/lib:${LD_LIBRARY_PATH} PYTHONPATH=/home/lzt/m20pro/install/livox_ros_driver2/lib/python3.13/site-packages:${PYTHONPATH} /usr/bin/cmake --install /home/lzt/m20pro/build/fast_lio
